#
# There is insufficient memory for the Java Runtime Environment to continue.
# Native memory allocation (malloc) failed to allocate 32744 bytes for ChunkPool::allocate
# Possible reasons:
#   The system is out of physical RAM or swap space
#   The process is running with CompressedOops enabled, and the Java Heap may be blocking the growth of the native heap
# Possible solutions:
#   Reduce memory load on the system
#   Increase physical memory or swap space
#   Check if swap backing store is full
#   Decrease Java heap size (-Xmx/-Xms)
#   Decrease number of Java threads
#   Decrease Java thread stack sizes (-Xss)
#   Set larger code cache with -XX:ReservedCodeCacheSize=
#   JVM is running with Unscaled Compressed Oops mode in which the Java heap is
#     placed in the first 4GB address space. The Java Heap base address is the
#     maximum limit for the native heap growth. Please use -XX:HeapBaseMinAddress
#     to set the Java Heap base and to place the Java Heap above 4GB virtual address.
# This output file may be truncated or incomplete.
#
#  Out of Memory Error (allocation.cpp:272), pid=4444, tid=0x00000000000016b4
#
# JRE version: OpenJDK Runtime Environment (8.0_212-b04) (build 1.8.0_212-release-1586-b04)
# Java VM: OpenJDK 64-Bit Server VM (25.212-b04 mixed mode windows-amd64 compressed oops)
# Failed to write core dump. Minidumps are not enabled by default on client versions of Windows
#

---------------  T H R E A D  ---------------

Current thread (0x0000000015c97800):  JavaThread "C2 CompilerThread0" daemon [_thread_in_native, id=5812, stack(0x0000000016f20000,0x0000000017020000)]

Stack: [0x0000000016f20000,0x0000000017020000]
[error occurred during error reporting (printing stack bounds), id 0xc0000005]

Native frames: (J=compiled Java code, j=interpreted, Vv=VM code, C=native code)


Current CompileTask:
C2: 170358 11317 % !   4       com.android.tools.r8.dex.m::b @ 460 (2743 bytes)


---------------  P R O C E S S  ---------------

Java Threads: ( => current thread )
  0x000000001c13c800 JavaThread "WorkerExecutor Queue Thread 3" [_thread_blocked, id=3756, stack(0x000000001ee20000,0x000000001ef20000)]
  0x000000001c13b800 JavaThread "WorkerExecutor Queue Thread 2" [_thread_blocked, id=4264, stack(0x0000000022430000,0x0000000022530000)]
  0x000000001c13a000 JavaThread "stdout" [_thread_in_native, id=5864, stack(0x0000000022130000,0x0000000022230000)]
  0x000000001c13b000 JavaThread "stderr" [_thread_in_native, id=5064, stack(0x0000000022030000,0x0000000022130000)]
  0x000000001c138000 JavaThread "pool-2-thread-1" [_thread_blocked, id=4280, stack(0x0000000021f30000,0x0000000022030000)]
  0x000000001c136800 JavaThread "Cache worker for execution history cache (C:\Users\Mame Fatou\AndroidStudioProjects\venter\.gradle\5.6.4\executionHistory)" [_thread_blocked, id=5420, stack(0x0000000020720000,0x0000000020820000)]
  0x000000001c135000 JavaThread "Execution worker for ':'" [_thread_blocked, id=5940, stack(0x000000001aeb0000,0x000000001afb0000)]
  0x000000001c135800 JavaThread "Cache worker for file content cache (C:\Users\Mame Fatou\AndroidStudioProjects\venter\.gradle\5.6.4\fileContent)" [_thread_blocked, id=2820, stack(0x0000000020420000,0x0000000020520000)]
  0x000000001c134000 JavaThread "Cache worker for file content cache (C:\Users\Mame Fatou\.gradle\caches\5.6.4\fileContent)" [_thread_blocked, id=2640, stack(0x0000000020320000,0x0000000020420000)]
  0x000000001c132800 JavaThread "Memory manager" [_thread_blocked, id=5776, stack(0x0000000020220000,0x0000000020320000)]
  0x000000001c132000 JavaThread "Cache worker for Build Output Cleanup Cache (C:\Users\Mame Fatou\AndroidStudioProjects\venter\.gradle\buildOutputCleanup)" [_thread_blocked, id=992, stack(0x000000001f720000,0x000000001f820000)]
  0x000000001c131000 JavaThread "pool-1-thread-1" [_thread_blocked, id=5584, stack(0x000000001f420000,0x000000001f520000)]
  0x000000001c12e000 JavaThread "Build operations Thread 2" [_thread_blocked, id=4012, stack(0x000000001ed20000,0x000000001ee20000)]
  0x000000001c12d800 JavaThread "Build operations" [_thread_blocked, id=5412, stack(0x000000001db70000,0x000000001dc70000)]
  0x000000001c12f800 JavaThread "Cache worker for execution history cache (C:\Users\Mame Fatou\.gradle\caches\5.6.4\executionHistory)" [_thread_blocked, id=5600, stack(0x000000001d6a0000,0x000000001d7a0000)]
  0x000000001c130800 JavaThread "Cache worker for cache directory md-rule (C:\Users\Mame Fatou\.gradle\caches\5.6.4\md-rule)" [_thread_blocked, id=4772, stack(0x000000001d5a0000,0x000000001d6a0000)]
  0x000000001755c800 JavaThread "Cache worker for cache directory md-supplier (C:\Users\Mame Fatou\.gradle\caches\5.6.4\md-supplier)" [_thread_blocked, id=5048, stack(0x000000001ce80000,0x000000001cf80000)]
  0x0000000017559800 JavaThread "Cache worker for file hash cache (C:\Users\Mame Fatou\AndroidStudioProjects\venter\.gradle\5.6.4\fileHashes)" [_thread_blocked, id=4628, stack(0x000000001c780000,0x000000001c880000)]
  0x0000000017556000 JavaThread "Cache worker for journal cache (C:\Users\Mame Fatou\.gradle\caches\journal-1)" [_thread_blocked, id=5136, stack(0x000000001b4b0000,0x000000001b5b0000)]
  0x0000000017559000 JavaThread "File lock request listener" [_thread_in_native, id=5956, stack(0x000000001b3b0000,0x000000001b4b0000)]
  0x0000000017558000 JavaThread "Cache worker for file hash cache (C:\Users\Mame Fatou\.gradle\caches\5.6.4\fileHashes)" [_thread_blocked, id=3360, stack(0x000000001b2b0000,0x000000001b3b0000)]
  0x0000000017b82800 JavaThread "Thread-9" [_thread_blocked, id=4648, stack(0x000000001afb0000,0x000000001b0b0000)]
  0x0000000017be6800 JavaThread "Asynchronous log dispatcher for DefaultDaemonConnection: socket connection from /127.0.0.1:51032 to /127.0.0.1:51033" [_thread_blocked, id=5680, stack(0x000000001adb0000,0x000000001aeb0000)]
  0x0000000017bf8000 JavaThread "Daemon worker" [_thread_blocked, id=1992, stack(0x000000001acb0000,0x000000001adb0000)]
  0x0000000017bf5800 JavaThread "Cancel handler" [_thread_blocked, id=3468, stack(0x000000001abb0000,0x000000001acb0000)]
  0x0000000018e84800 JavaThread "Handler for socket connection from /127.0.0.1:51032 to /127.0.0.1:51033" [_thread_in_native, id=1720, stack(0x000000001a8b0000,0x000000001a9b0000)]
  0x0000000018e7f800 JavaThread "Daemon periodic checks" [_thread_blocked, id=3356, stack(0x000000001a7b0000,0x000000001a8b0000)]
  0x0000000018e77000 JavaThread "Daemon" [_thread_blocked, id=3120, stack(0x000000001a6b0000,0x000000001a7b0000)]
  0x0000000018e19800 JavaThread "Incoming local TCP Connector on port 51032" [_thread_in_native, id=1796, stack(0x000000001a4a0000,0x000000001a5a0000)]
  0x00000000189e5800 JavaThread "Daemon health stats" [_thread_blocked, id=6016, stack(0x0000000019ec0000,0x0000000019fc0000)]
  0x0000000015cfd000 JavaThread "Service Thread" daemon [_thread_blocked, id=5508, stack(0x0000000017120000,0x0000000017220000)]
  0x0000000015c87000 JavaThread "C1 CompilerThread1" daemon [_thread_blocked, id=5312, stack(0x0000000017020000,0x0000000017120000)]
=>0x0000000015c97800 JavaThread "C2 CompilerThread0" daemon [_thread_in_native, id=5812, stack(0x0000000016f20000,0x0000000017020000)]
  0x0000000015c96000 JavaThread "Attach Listener" daemon [_thread_blocked, id=6112, stack(0x0000000016e20000,0x0000000016f20000)]
  0x0000000015c92800 JavaThread "Signal Dispatcher" daemon [_thread_blocked, id=6132, stack(0x0000000016d20000,0x0000000016e20000)]
  0x0000000002556800 JavaThread "Finalizer" daemon [_thread_blocked, id=4660, stack(0x00000000168f0000,0x00000000169f0000)]
  0x0000000015c77000 JavaThread "Reference Handler" daemon [_thread_blocked, id=5512, stack(0x00000000167f0000,0x00000000168f0000)]
  0x000000000227d800 JavaThread "main" [_thread_blocked, id=612, stack(0x0000000002360000,0x0000000002460000)]

Other Threads:
  0x0000000015c54800 VMThread [stack: 0x00000000166f0000,0x00000000167f0000] [id=1908]
  0x0000000015d01800 WatcherThread [stack: 0x0000000017220000,0x0000000017320000] [id=1620]

VM state:at safepoint (normal execution)

VM Mutex/Monitor currently owned by a thread:  ([mutex/lock_event])
[0x000000000227cf60] Threads_lock - owner thread: 0x0000000015c54800
[0x000000000227d4e0] Heap_lock - owner thread: 0x000000001c13c800

heap address: 0x00000000a0000000, size: 1536 MB, Compressed Oops mode: 32-bit
Narrow klass base: 0x0000000000000000, Narrow klass shift: 3
Compressed class space size: 1073741824 Address: 0x0000000100000000

Heap:
 PSYoungGen      total 342016K, used 51009K [0x00000000e0000000, 0x00000000f9c80000, 0x0000000100000000)
  eden space 318464K, 11% used [0x00000000e0000000,0x00000000e23598e0,0x00000000f3700000)
  from space 23552K, 62% used [0x00000000f5f80000,0x00000000f6df6da0,0x00000000f7680000)
  to   space 41472K, 0% used [0x00000000f3700000,0x00000000f3700000,0x00000000f5f80000)
 ParOldGen       total 79360K, used 79277K [0x00000000a0000000, 0x00000000a4d80000, 0x00000000e0000000)
  object space 79360K, 99% used [0x00000000a0000000,0x00000000a4d6b6a8,0x00000000a4d80000)
 Metaspace       used 74419K, capacity 77480K, committed 77528K, reserved 1120256K
  class space    used 10048K, capacity 10710K, committed 10712K, reserved 1048576K

Card table byte_map: [0x0000000011920000,0x0000000011c30000] byte_map_base: 0x0000000011420000

Marking Bits: (ParMarkBitMap*) 0x0000000065ad9f30
 Begin Bits: [0x0000000012030000, 0x0000000013830000)
 End Bits:   [0x0000000013830000, 0x0000000015030000)

Polling page: 0x00000000008c0000

CodeCache: size=245760Kb used=31725Kb max_used=32435Kb free=214034Kb
 bounds [0x0000000002560000, 0x0000000004530000, 0x0000000011560000]
 total_blobs=10845 nmethods=10004 adapters=754
 compilation: enabled

Compilation events (10 events):
Event: 170.030 Thread 0x0000000015c87000 11644       2       com.android.builder.files.IncrementalRelativeFileSets$$Lambda$627/2121876264::apply (12 bytes)
Event: 170.031 Thread 0x0000000015c87000 nmethod 11644 0x0000000003889ed0 code [0x000000000388a020, 0x000000000388a1b0]
Event: 170.031 Thread 0x0000000015c87000 11645       2       com.google.common.collect.ImmutableMap$Builder::put (17 bytes)
Event: 170.032 Thread 0x0000000015c87000 nmethod 11645 0x0000000003926f90 code [0x0000000003927120, 0x0000000003927478]
Event: 170.033 Thread 0x0000000015c87000 11646       2       com.google.gson.internal.$Gson$Types::canonicalize (139 bytes)
Event: 170.034 Thread 0x0000000015c87000 nmethod 11646 0x0000000003926210 code [0x0000000003926460, 0x0000000003926c08]
Event: 170.035 Thread 0x0000000015c87000 11647       2       com.google.gson.internal.Excluder::excludeClassInStrategy (64 bytes)
Event: 170.036 Thread 0x0000000015c87000 nmethod 11647 0x0000000003925a90 code [0x0000000003925c40, 0x0000000003925f58]
Event: 170.193 Thread 0x0000000015c87000 11648       2       javax.management.ObjectName::construct (1228 bytes)
Event: 170.206 Thread 0x0000000015c87000 nmethod 11648 0x0000000003a28ed0 code [0x0000000003a294a0, 0x0000000003a2c848]

GC Heap History (10 events):
Event: 68.800 GC heap after
Heap after GC invocations=14 (full 2):
 PSYoungGen      total 272384K, used 10257K [0x00000000e0000000, 0x00000000f2100000, 0x0000000100000000)
  eden space 258048K, 0% used [0x00000000e0000000,0x00000000e0000000,0x00000000efc00000)
  from space 14336K, 71% used [0x00000000f1300000,0x00000000f1d04480,0x00000000f2100000)
  to   space 18944K, 0% used [0x00000000efc00000,0x00000000efc00000,0x00000000f0e80000)
 ParOldGen       total 47104K, used 38669K [0x00000000a0000000, 0x00000000a2e00000, 0x00000000e0000000)
  object space 47104K, 82% used [0x00000000a0000000,0x00000000a25c3518,0x00000000a2e00000)
 Metaspace       used 57010K, capacity 58950K, committed 59096K, reserved 1099776K
  class space    used 7824K, capacity 8323K, committed 8408K, reserved 1048576K
}
Event: 68.800 GC heap before
{Heap before GC invocations=15 (full 3):
 PSYoungGen      total 272384K, used 10257K [0x00000000e0000000, 0x00000000f2100000, 0x0000000100000000)
  eden space 258048K, 0% used [0x00000000e0000000,0x00000000e0000000,0x00000000efc00000)
  from space 14336K, 71% used [0x00000000f1300000,0x00000000f1d04480,0x00000000f2100000)
  to   space 18944K, 0% used [0x00000000efc00000,0x00000000efc00000,0x00000000f0e80000)
 ParOldGen       total 47104K, used 38669K [0x00000000a0000000, 0x00000000a2e00000, 0x00000000e0000000)
  object space 47104K, 82% used [0x00000000a0000000,0x00000000a25c3518,0x00000000a2e00000)
 Metaspace       used 57010K, capacity 58950K, committed 59096K, reserved 1099776K
  class space    used 7824K, capacity 8323K, committed 8408K, reserved 1048576K
Event: 69.619 GC heap after
Heap after GC invocations=15 (full 3):
 PSYoungGen      total 272384K, used 0K [0x00000000e0000000, 0x00000000f2100000, 0x0000000100000000)
  eden space 258048K, 0% used [0x00000000e0000000,0x00000000e0000000,0x00000000efc00000)
  from space 14336K, 0% used [0x00000000f1300000,0x00000000f1300000,0x00000000f2100000)
  to   space 18944K, 0% used [0x00000000efc00000,0x00000000efc00000,0x00000000f0e80000)
 ParOldGen       total 78848K, used 36083K [0x00000000a0000000, 0x00000000a4d00000, 0x00000000e0000000)
  object space 78848K, 45% used [0x00000000a0000000,0x00000000a233cf68,0x00000000a4d00000)
 Metaspace       used 57010K, capacity 58950K, committed 59096K, reserved 1099776K
  class space    used 7824K, capacity 8323K, committed 8408K, reserved 1048576K
}
Event: 142.429 GC heap before
{Heap before GC invocations=16 (full 3):
 PSYoungGen      total 272384K, used 258048K [0x00000000e0000000, 0x00000000f2100000, 0x0000000100000000)
  eden space 258048K, 100% used [0x00000000e0000000,0x00000000efc00000,0x00000000efc00000)
  from space 14336K, 0% used [0x00000000f1300000,0x00000000f1300000,0x00000000f2100000)
  to   space 18944K, 0% used [0x00000000efc00000,0x00000000efc00000,0x00000000f0e80000)
 ParOldGen       total 78848K, used 36083K [0x00000000a0000000, 0x00000000a4d00000, 0x00000000e0000000)
  object space 78848K, 45% used [0x00000000a0000000,0x00000000a233cf68,0x00000000a4d00000)
 Metaspace       used 65193K, capacity 67554K, committed 67800K, reserved 1107968K
  class space    used 8827K, capacity 9351K, committed 9432K, reserved 1048576K
Event: 142.527 GC heap after
Heap after GC invocations=16 (full 3):
 PSYoungGen      total 276992K, used 18939K [0x00000000e0000000, 0x00000000f7680000, 0x0000000100000000)
  eden space 258048K, 0% used [0x00000000e0000000,0x00000000e0000000,0x00000000efc00000)
  from space 18944K, 99% used [0x00000000efc00000,0x00000000f0e7eda8,0x00000000f0e80000)
  to   space 23552K, 0% used [0x00000000f5f80000,0x00000000f5f80000,0x00000000f7680000)
 ParOldGen       total 78848K, used 40125K [0x00000000a0000000, 0x00000000a4d00000, 0x00000000e0000000)
  object space 78848K, 50% used [0x00000000a0000000,0x00000000a272f590,0x00000000a4d00000)
 Metaspace       used 65193K, capacity 67554K, committed 67800K, reserved 1107968K
  class space    used 8827K, capacity 9351K, committed 9432K, reserved 1048576K
}
Event: 162.807 GC heap before
{Heap before GC invocations=17 (full 3):
 PSYoungGen      total 276992K, used 274415K [0x00000000e0000000, 0x00000000f7680000, 0x0000000100000000)
  eden space 258048K, 99% used [0x00000000e0000000,0x00000000ef97d1e8,0x00000000efc00000)
  from space 18944K, 99% used [0x00000000efc00000,0x00000000f0e7eda8,0x00000000f0e80000)
  to   space 23552K, 0% used [0x00000000f5f80000,0x00000000f5f80000,0x00000000f7680000)
 ParOldGen       total 78848K, used 40125K [0x00000000a0000000, 0x00000000a4d00000, 0x00000000e0000000)
  object space 78848K, 50% used [0x00000000a0000000,0x00000000a272f590,0x00000000a4d00000)
 Metaspace       used 74050K, capacity 77026K, committed 77272K, reserved 1116160K
  class space    used 10002K, capacity 10657K, committed 10712K, reserved 1048576K
Event: 163.319 GC heap after
Heap after GC invocations=17 (full 3):
 PSYoungGen      total 342016K, used 23540K [0x00000000e0000000, 0x00000000f9c80000, 0x0000000100000000)
  eden space 318464K, 0% used [0x00000000e0000000,0x00000000e0000000,0x00000000f3700000)
  from space 23552K, 99% used [0x00000000f5f80000,0x00000000f767d230,0x00000000f7680000)
  to   space 41472K, 0% used [0x00000000f3700000,0x00000000f3700000,0x00000000f5f80000)
 ParOldGen       total 79360K, used 79190K [0x00000000a0000000, 0x00000000a4d80000, 0x00000000e0000000)
  object space 79360K, 99% used [0x00000000a0000000,0x00000000a4d55940,0x00000000a4d80000)
 Metaspace       used 74050K, capacity 77026K, committed 77272K, reserved 1116160K
  class space    used 10002K, capacity 10657K, committed 10712K, reserved 1048576K
}
Event: 163.319 GC heap before
{Heap before GC invocations=18 (full 4):
 PSYoungGen      total 342016K, used 23540K [0x00000000e0000000, 0x00000000f9c80000, 0x0000000100000000)
  eden space 318464K, 0% used [0x00000000e0000000,0x00000000e0000000,0x00000000f3700000)
  from space 23552K, 99% used [0x00000000f5f80000,0x00000000f767d230,0x00000000f7680000)
  to   space 41472K, 0% used [0x00000000f3700000,0x00000000f3700000,0x00000000f5f80000)
 ParOldGen       total 79360K, used 79190K [0x00000000a0000000, 0x00000000a4d80000, 0x00000000e0000000)
  object space 79360K, 99% used [0x00000000a0000000,0x00000000a4d55940,0x00000000a4d80000)
 Metaspace       used 74050K, capacity 77026K, committed 77272K, reserved 1116160K
  class space    used 10002K, capacity 10657K, committed 10712K, reserved 1048576K
Event: 166.120 GC heap after
Heap after GC invocations=18 (full 4):
 PSYoungGen      total 342016K, used 14811K [0x00000000e0000000, 0x00000000f9c80000, 0x0000000100000000)
  eden space 318464K, 0% used [0x00000000e0000000,0x00000000e0000000,0x00000000f3700000)
  from space 23552K, 62% used [0x00000000f5f80000,0x00000000f6df6da0,0x00000000f7680000)
  to   space 41472K, 0% used [0x00000000f3700000,0x00000000f3700000,0x00000000f5f80000)
 ParOldGen       total 79360K, used 79277K [0x00000000a0000000, 0x00000000a4d80000, 0x00000000e0000000)
  object space 79360K, 99% used [0x00000000a0000000,0x00000000a4d6b6a8,0x00000000a4d80000)
 Metaspace       used 74030K, capacity 76968K, committed 77272K, reserved 1116160K
  class space    used 9996K, capacity 10646K, committed 10712K, reserved 1048576K
}
Event: 170.221 GC heap before
{Heap before GC invocations=19 (full 5):
 PSYoungGen      total 342016K, used 51009K [0x00000000e0000000, 0x00000000f9c80000, 0x0000000100000000)
  eden space 318464K, 11% used [0x00000000e0000000,0x00000000e23598e0,0x00000000f3700000)
  from space 23552K, 62% used [0x00000000f5f80000,0x00000000f6df6da0,0x00000000f7680000)
  to   space 41472K, 0% used [0x00000000f3700000,0x00000000f3700000,0x00000000f5f80000)
 ParOldGen       total 79360K, used 79277K [0x00000000a0000000, 0x00000000a4d80000, 0x00000000e0000000)
  object space 79360K, 99% used [0x00000000a0000000,0x00000000a4d6b6a8,0x00000000a4d80000)
 Metaspace       used 74419K, capacity 77480K, committed 77528K, reserved 1120256K
  class space    used 10048K, capacity 10710K, committed 10712K, reserved 1048576K

Deoptimization events (10 events):
Event: 169.283 Thread 0x0000000017bf8000 Uncommon trap: reason=speculate_class_check action=maybe_recompile pc=0x0000000003a6883c method=java.util.EnumMap.get(Ljava/lang/Object;)Ljava/lang/Object; @ 14
Event: 169.285 Thread 0x0000000017bf8000 Uncommon trap: reason=speculate_class_check action=maybe_recompile pc=0x0000000003a6883c method=java.util.EnumMap.get(Ljava/lang/Object;)Ljava/lang/Object; @ 14
Event: 170.001 Thread 0x000000001c13c800 Uncommon trap: reason=bimorphic action=maybe_recompile pc=0x0000000003b2c530 method=com.google.common.collect.TransformedIterator.hasNext()Z @ 4
Event: 170.001 Thread 0x000000001c13c800 Uncommon trap: reason=bimorphic action=maybe_recompile pc=0x0000000003b2d764 method=com.google.common.collect.TransformedIterator.next()Ljava/lang/Object; @ 5
Event: 170.001 Thread 0x000000001c13c800 Uncommon trap: reason=bimorphic action=maybe_recompile pc=0x0000000003b2c530 method=com.google.common.collect.TransformedIterator.hasNext()Z @ 4
Event: 170.001 Thread 0x000000001c13c800 Uncommon trap: reason=bimorphic action=maybe_recompile pc=0x0000000003b2d764 method=com.google.common.collect.TransformedIterator.next()Ljava/lang/Object; @ 5
Event: 170.001 Thread 0x000000001c13c800 Uncommon trap: reason=bimorphic action=maybe_recompile pc=0x0000000003b2c530 method=com.google.common.collect.TransformedIterator.hasNext()Z @ 4
Event: 170.001 Thread 0x000000001c13c800 Uncommon trap: reason=bimorphic action=maybe_recompile pc=0x0000000003b2d764 method=com.google.common.collect.TransformedIterator.next()Ljava/lang/Object; @ 5
Event: 170.001 Thread 0x000000001c13c800 Uncommon trap: reason=bimorphic action=maybe_recompile pc=0x0000000003b2c530 method=com.google.common.collect.TransformedIterator.hasNext()Z @ 4
Event: 170.001 Thread 0x000000001c13c800 Uncommon trap: reason=bimorphic action=maybe_recompile pc=0x0000000003b2d764 method=com.google.common.collect.TransformedIterator.next()Ljava/lang/Object; @ 5

Classes redefined (0 events):
No events

Internal exceptions (10 events):
Event: 161.395 Thread 0x000000001b81b000 Implicit null exception at 0x0000000003f8bb4f to 0x0000000003f8bcb1
Event: 161.409 Thread 0x000000001b81b000 Implicit null exception at 0x000000000444a6bc to 0x000000000444a8c1
Event: 161.664 Thread 0x000000001c13c800 Exception <a 'sun/nio/fs/WindowsException'> (0x00000000ecab3b28) thrown at [D:\src\AOSP-openjdk-cygwin\jdk8u\hotspot\src\share\vm\prims\jni.cpp, line 710]
Event: 162.425 Thread 0x000000001b819800 Exception <a 'sun/nio/fs/WindowsException'> (0x00000000edfc7480) thrown at [D:\src\AOSP-openjdk-cygwin\jdk8u\hotspot\src\share\vm\prims\jni.cpp, line 710]
Event: 168.416 Thread 0x000000001b81b000 Exception <a 'sun/nio/fs/WindowsException'> (0x00000000e1baa740) thrown at [D:\src\AOSP-openjdk-cygwin\jdk8u\hotspot\src\share\vm\prims\jni.cpp, line 710]
Event: 169.818 Thread 0x0000000017bf8000 Exception <a 'java/lang/NoSuchMethodError': <clinit>> (0x00000000e1f6bee8) thrown at [D:\src\AOSP-openjdk-cygwin\jdk8u\hotspot\src\share\vm\prims\jni.cpp, line 1614]
Event: 169.819 Thread 0x0000000017bf8000 Exception <a 'java/lang/NoSuchMethodError': <clinit>> (0x00000000e1f70d00) thrown at [D:\src\AOSP-openjdk-cygwin\jdk8u\hotspot\src\share\vm\prims\jni.cpp, line 1614]
Event: 169.826 Thread 0x0000000017bf8000 Exception <a 'java/lang/NoSuchMethodError': <clinit>> (0x00000000e1f926a8) thrown at [D:\src\AOSP-openjdk-cygwin\jdk8u\hotspot\src\share\vm\prims\jni.cpp, line 1614]
Event: 169.833 Thread 0x0000000017bf8000 Exception <a 'java/lang/NoSuchMethodError': <clinit>> (0x00000000e1fc3ba0) thrown at [D:\src\AOSP-openjdk-cygwin\jdk8u\hotspot\src\share\vm\prims\jni.cpp, line 1614]
Event: 169.957 Thread 0x000000001c13c800 Exception <a 'java/lang/NoSuchMethodError': java.lang.Object.lambda$asRunnable$0(Lcom/android/tools/build/apkzlib/utils/IOExceptionRunnable;)V> (0x00000000e226a920) thrown at [D:\src\AOSP-openjdk-cygwin\jdk8u\hotspot\src\share\vm\interpreter\linkResolver.

Events (10 events):
Event: 170.127 loading class sun/security/provider/JavaKeyStore$JKS
Event: 170.127 loading class sun/security/provider/JavaKeyStore
Event: 170.127 loading class sun/security/provider/JavaKeyStore done
Event: 170.127 loading class sun/security/provider/JavaKeyStore$JKS done
Event: 170.127 loading class sun/security/pkcs12/PKCS12KeyStore
Event: 170.207 loading class org/gradle/workers/internal/WorkerDaemonExpiration$SimpleMemoryExpirationSelector
Event: 170.207 loading class org/gradle/workers/internal/WorkerDaemonExpiration$SimpleMemoryExpirationSelector done
Event: 170.209 loading class org/gradle/workers/internal/WorkerDaemonClientsManager$1
Event: 170.209 loading class org/gradle/workers/internal/WorkerDaemonClientsManager$1 done
Event: 170.221 Executing VM operation: CollectForMetadataAllocation


Dynamic libraries:
0x00007ff7a3b60000 - 0x00007ff7a3b91000 	C:\Program Files\Android\Android Studio\jre\bin\java.exe
0x00007ffb9be40000 - 0x00007ffb9bfed000 	C:\Windows\SYSTEM32\ntdll.dll
0x00007ffb99c50000 - 0x00007ffb99d8a000 	C:\Windows\system32\KERNEL32.DLL
0x00007ffb994b0000 - 0x00007ffb995c5000 	C:\Windows\system32\KERNELBASE.dll
0x00007ffb9b640000 - 0x00007ffb9b6e5000 	C:\Windows\system32\ADVAPI32.dll
0x00007ffb9bcc0000 - 0x00007ffb9be31000 	C:\Windows\system32\USER32.dll
0x00007ffb958e0000 - 0x00007ffb95b5a000 	C:\Windows\WinSxS\amd64_microsoft.windows.common-controls_6595b64144ccf1df_6.0.9600.17810_none_6240b9c7ecbd0bda\COMCTL32.dll
0x00007ffb99e10000 - 0x00007ffb99eb7000 	C:\Windows\system32\msvcrt.dll
0x00007ffb99db0000 - 0x00007ffb99e09000 	C:\Windows\SYSTEM32\sechost.dll
0x00007ffb9b940000 - 0x00007ffb9ba76000 	C:\Windows\system32\RPCRT4.dll
0x00007ffb9b4f0000 - 0x00007ffb9b635000 	C:\Windows\system32\GDI32.dll
0x00007ffb99680000 - 0x00007ffb996b4000 	C:\Windows\system32\IMM32.DLL
0x00007ffb99ec0000 - 0x00007ffb99ff9000 	C:\Windows\system32\MSCTF.dll
0x0000000065210000 - 0x00000000652e2000 	C:\Program Files\Android\Android Studio\jre\jre\bin\msvcr100.dll
0x0000000065310000 - 0x0000000065b56000 	C:\Program Files\Android\Android Studio\jre\jre\bin\server\jvm.dll
0x00007ffb91080000 - 0x00007ffb91089000 	C:\Windows\SYSTEM32\WSOCK32.dll
0x00007ffb939c0000 - 0x00007ffb939df000 	C:\Windows\SYSTEM32\WINMM.dll
0x00007ffb936b0000 - 0x00007ffb936ba000 	C:\Windows\SYSTEM32\VERSION.dll
0x00007ffb9b4e0000 - 0x00007ffb9b4e7000 	C:\Windows\system32\PSAPI.DLL
0x00007ffb9a060000 - 0x00007ffb9a0ba000 	C:\Windows\system32\WS2_32.dll
0x00007ffb93990000 - 0x00007ffb939ba000 	C:\Windows\SYSTEM32\WINMMBASE.dll
0x00007ffb99aa0000 - 0x00007ffb99aa9000 	C:\Windows\system32\NSI.dll
0x00007ffb99280000 - 0x00007ffb992ca000 	C:\Windows\SYSTEM32\cfgmgr32.dll
0x00007ffb97fa0000 - 0x00007ffb97fc6000 	C:\Windows\SYSTEM32\DEVOBJ.dll
0x00007ffb83290000 - 0x00007ffb8329f000 	C:\Program Files\Android\Android Studio\jre\jre\bin\verify.dll
0x00007ffb83260000 - 0x00007ffb83289000 	C:\Program Files\Android\Android Studio\jre\jre\bin\java.dll
0x00007ffb83240000 - 0x00007ffb83256000 	C:\Program Files\Android\Android Studio\jre\jre\bin\zip.dll
0x00007ffb9a0c0000 - 0x00007ffb9b4d7000 	C:\Windows\system32\SHELL32.dll
0x00007ffb99720000 - 0x00007ffb99931000 	C:\Windows\SYSTEM32\combase.dll
0x00007ffb996c0000 - 0x00007ffb99711000 	C:\Windows\system32\SHLWAPI.dll
0x00007ffb95d30000 - 0x00007ffb95dcf000 	C:\Windows\SYSTEM32\SHCORE.dll
0x00007ffb99160000 - 0x00007ffb99174000 	C:\Windows\SYSTEM32\profapi.dll
0x00007ffb83220000 - 0x00007ffb8323a000 	C:\Program Files\Android\Android Studio\jre\jre\bin\net.dll
0x00007ffb92c90000 - 0x00007ffb92df0000 	C:\Windows\SYSTEM32\urlmon.dll
0x00007ffb99ad0000 - 0x00007ffb99c48000 	C:\Windows\system32\ole32.dll
0x00007ffb929e0000 - 0x00007ffb92c89000 	C:\Windows\SYSTEM32\iertutil.dll
0x00007ffb927b0000 - 0x00007ffb929e0000 	C:\Windows\SYSTEM32\WININET.dll
0x00007ffb987c0000 - 0x00007ffb987de000 	C:\Windows\SYSTEM32\USERENV.dll
0x00007ffb98a60000 - 0x00007ffb98ab9000 	C:\Windows\system32\mswsock.dll
0x00007ffb83200000 - 0x00007ffb83213000 	C:\Program Files\Android\Android Studio\jre\jre\bin\nio.dll
0x00007ffb8ce90000 - 0x00007ffb8ceb6000 	C:\Users\Mame Fatou\.gradle\native\30\windows-amd64\native-platform.dll
0x00007ffb831f0000 - 0x00007ffb831fd000 	C:\Program Files\Android\Android Studio\jre\jre\bin\management.dll
0x00007ffb98ac0000 - 0x00007ffb98ade000 	C:\Windows\SYSTEM32\CRYPTSP.dll
0x00007ffb986b0000 - 0x00007ffb986e6000 	C:\Windows\system32\rsaenh.dll
0x00007ffb98cc0000 - 0x00007ffb98ce6000 	C:\Windows\SYSTEM32\bcrypt.dll
0x00007ffb99030000 - 0x00007ffb99093000 	C:\Windows\system32\bcryptprimitives.dll
0x00007ffb990a0000 - 0x00007ffb990aa000 	C:\Windows\SYSTEM32\CRYPTBASE.dll
0x00007ffb935f0000 - 0x00007ffb93619000 	C:\Windows\SYSTEM32\IPHLPAPI.DLL
0x00007ffb935c0000 - 0x00007ffb935ca000 	C:\Windows\SYSTEM32\WINNSI.DLL
0x00007ffb922f0000 - 0x00007ffb92304000 	C:\Windows\SYSTEM32\dhcpcsvc6.DLL
0x00007ffb932e0000 - 0x00007ffb932f9000 	C:\Windows\SYSTEM32\dhcpcsvc.DLL

VM Arguments:
jvm_args: -Xmx1536m -Dfile.encoding=windows-1252 -Duser.country=FR -Duser.language=fr -Duser.variant 
java_command: org.gradle.launcher.daemon.bootstrap.GradleDaemon 5.6.4
java_class_path (initial): C:\Users\Mame Fatou\.gradle\wrapper\dists\gradle-5.6.4-all\ankdp27end7byghfw1q2sw75f\gradle-5.6.4\lib\gradle-launcher-5.6.4.jar
Launcher Type: SUN_STANDARD

Environment Variables:
PATH=C:\Windows\system32;C:\Windows;C:\Windows\System32\Wbem;C:\Windows\System32\WindowsPowerShell\v1.0\;C:\Users\Mame Fatou\AppData\Roaming\Microsoft\Windows\Start Menu\Programs\Python 3.8;C:\Users\Mame Fatou\AppData\Local\Programs\Python\Python38-32\Scripts\;C:\Users\Mame Fatou\AppData\Local\Programs\Python\Python38-32\;C:\Users\Mame Fatou\AppData\Local\GitHubDesktop\bin;C:\Users\Mame Fatou\AppData\Local\Programs\Git\cmd;C:\Users\Mame Fatou\AppData\Local\Programs\Microsoft VS Code\bin
USERNAME=Mame Fatou
OS=Windows_NT
PROCESSOR_IDENTIFIER=Intel64 Family 6 Model 55 Stepping 8, GenuineIntel



---------------  S Y S T E M  ---------------

OS: Windows 8.1 , 64 bit Build 9600 (6.3.9600.17056)

CPU:total 2 (initial active 2) (2 cores per cpu, 1 threads per core) family 6 model 55 stepping 8, cmov, cx8, fxsr, mmx, sse, sse2, sse3, ssse3, sse4.1, sse4.2, popcnt, clmul, erms, 3dnowpref, tsc, tscinvbit

Memory: 4k page, physical 4083568k(396288k free), swap 4607856k(5120k free)

vm_info: OpenJDK 64-Bit Server VM (25.212-b04) for windows-amd64 JRE (1.8.0_212-release-1586-b04), built by "builder" with MS VC++ 10.0 (VS2010)

time: Sun Jun 21 17:08:24 2020
timezone: Paris, Madrid (heure d’été)
elapsed time: 170 seconds (0d 0h 2m 50s)

