#
# There is insufficient memory for the Java Runtime Environment to continue.
# Native memory allocation (malloc) failed to allocate 70736 bytes for Chunk::new
# Possible reasons:
#   The system is out of physical RAM or swap space
#   The process is running with CompressedOops enabled, and the Java Heap may be blocking the growth of the native heap
# Possible solutions:
#   Reduce memory load on the system
#   Increase physical memory or swap space
#   Check if swap backing store is full
#   Decrease Java heap size (-Xmx/-Xms)
#   Decrease number of Java threads
#   Decrease Java thread stack sizes (-Xss)
#   Set larger code cache with -XX:ReservedCodeCacheSize=
#   JVM is running with Unscaled Compressed Oops mode in which the Java heap is
#     placed in the first 4GB address space. The Java Heap base address is the
#     maximum limit for the native heap growth. Please use -XX:HeapBaseMinAddress
#     to set the Java Heap base and to place the Java Heap above 4GB virtual address.
# This output file may be truncated or incomplete.
#
#  Out of Memory Error (allocation.cpp:389), pid=2288, tid=0x0000000000000044
#
# JRE version: OpenJDK Runtime Environment (8.0_212-b04) (build 1.8.0_212-release-1586-b04)
# Java VM: OpenJDK 64-Bit Server VM (25.212-b04 mixed mode windows-amd64 compressed oops)
# Failed to write core dump. Minidumps are not enabled by default on client versions of Windows
#

---------------  T H R E A D  ---------------

Current thread (0x0000000015b8b000):  JavaThread "C2 CompilerThread0" daemon [_thread_in_native, id=68, stack(0x0000000016e00000,0x0000000016f00000)]

Stack: [0x0000000016e00000,0x0000000016f00000]
[error occurred during error reporting (printing stack bounds), id 0xc0000005]

Native frames: (J=compiled Java code, j=interpreted, Vv=VM code, C=native code)


Current CompileTask:
C2:6222830 25352       4       com.android.ide.common.symbols.SymbolUtils::canonicalizeValueResourceName (27 bytes)


---------------  P R O C E S S  ---------------

Java Threads: ( => current thread )
  0x000000001b59b000 JavaThread "stdout" [_thread_in_native, id=4620, stack(0x000000002b8d0000,0x000000002b9d0000)]
  0x000000001b59a000 JavaThread "stderr" [_thread_in_native, id=2084, stack(0x000000002b7d0000,0x000000002b8d0000)]
  0x000000001b59d000 JavaThread "stdout" [_thread_in_native, id=3152, stack(0x000000002b6d0000,0x000000002b7d0000)]
  0x0000000018ff2000 JavaThread "stderr" [_thread_in_native, id=1428, stack(0x000000002b5d0000,0x000000002b6d0000)]
  0x0000000018ff1000 JavaThread "pool-20-thread-1" [_thread_blocked, id=888, stack(0x000000002b4d0000,0x000000002b5d0000)]
  0x0000000018ff4000 JavaThread "WorkerExecutor Queue Thread 2" [_thread_blocked, id=2244, stack(0x000000002aef0000,0x000000002aff0000)]
  0x0000000018fec800 JavaThread "Cache worker for execution history cache (C:\Users\Mame Fatou\AndroidStudioProjects\venter\.gradle\5.6.4\executionHistory)" [_thread_blocked, id=1240, stack(0x000000002a4f0000,0x000000002a5f0000)]
  0x0000000018fee000 JavaThread "Execution worker for ':'" [_thread_blocked, id=4756, stack(0x0000000027a20000,0x0000000027b20000)]
  0x0000000018fef800 JavaThread "Cache worker for file content cache (C:\Users\Mame Fatou\AndroidStudioProjects\venter\.gradle\5.6.4\fileContent)" [_thread_blocked, id=4736, stack(0x0000000021420000,0x0000000021520000)]
  0x0000000018fe9000 JavaThread "Cache worker for Build Output Cleanup Cache (C:\Users\Mame Fatou\AndroidStudioProjects\venter\.gradle\buildOutputCleanup)" [_thread_blocked, id=4752, stack(0x0000000021120000,0x0000000021220000)]
  0x0000000018fe9800 JavaThread "pool-19-thread-1" [_thread_blocked, id=4744, stack(0x000000001f370000,0x000000001f470000)]
  0x0000000018fec000 JavaThread "Build operations Thread 2" [_thread_blocked, id=4428, stack(0x000000001f070000,0x000000001f170000)]
  0x0000000018fea800 JavaThread "Build operations" [_thread_blocked, id=3468, stack(0x000000001db20000,0x000000001dc20000)]
  0x0000000018feb000 JavaThread "Cache worker for cache directory md-rule (C:\Users\Mame Fatou\.gradle\caches\5.6.4\md-rule)" [_thread_blocked, id=5064, stack(0x000000001da20000,0x000000001db20000)]
  0x0000000018fe7800 JavaThread "Cache worker for cache directory md-supplier (C:\Users\Mame Fatou\.gradle\caches\5.6.4\md-supplier)" [_thread_blocked, id=2160, stack(0x000000001d520000,0x000000001d620000)]
  0x0000000018fe6800 JavaThread "Cache worker for file hash cache (C:\Users\Mame Fatou\AndroidStudioProjects\venter\.gradle\5.6.4\fileHashes)" [_thread_blocked, id=3572, stack(0x000000001ce00000,0x000000001cf00000)]
  0x0000000018fe6000 JavaThread "Thread-78" [_thread_blocked, id=2388, stack(0x000000001c460000,0x000000001c560000)]
  0x0000000018fe5000 JavaThread "Stdin handler" [_thread_blocked, id=1136, stack(0x000000001ae90000,0x000000001af90000)]
  0x000000002790d000 JavaThread "Asynchronous log dispatcher for DefaultDaemonConnection: socket connection from /127.0.0.1:49552 to /127.0.0.1:49651" [_thread_blocked, id=2524, stack(0x000000001ac90000,0x000000001ad90000)]
  0x000000002790c000 JavaThread "Daemon worker Thread 4" [_thread_in_vm, id=4892, stack(0x000000001ab90000,0x000000001ac90000)]
  0x000000002790f000 JavaThread "Cancel handler" [_thread_blocked, id=3704, stack(0x000000001aa90000,0x000000001ab90000)]
  0x000000002790d800 JavaThread "Handler for socket connection from /127.0.0.1:49552 to /127.0.0.1:49651" [_thread_in_native, id=1020, stack(0x000000001a790000,0x000000001a890000)]
  0x000000002790b800 JavaThread "Daemon Thread 4" [_thread_blocked, id=3860, stack(0x000000001a690000,0x000000001a790000)]
  0x000000002790a800 JavaThread "Cache worker for Java compile cache (C:\Users\Mame Fatou\.gradle\caches\5.6.4\javaCompile)" [_thread_blocked, id=4880, stack(0x000000001ad90000,0x000000001ae90000)]
  0x000000001b5a1000 JavaThread "Cache worker for file content cache (C:\Users\Mame Fatou\.gradle\caches\5.6.4\fileContent)" [_thread_blocked, id=4868, stack(0x0000000021020000,0x0000000021120000)]
  0x000000001b5a0800 JavaThread "Memory manager" [_thread_blocked, id=1976, stack(0x0000000020f20000,0x0000000021020000)]
  0x000000001b59c800 JavaThread "Cache worker for execution history cache (C:\Users\Mame Fatou\.gradle\caches\5.6.4\executionHistory)" [_thread_blocked, id=2216, stack(0x000000001d720000,0x000000001d820000)]
  0x0000000017c28000 JavaThread "Cache worker for journal cache (C:\Users\Mame Fatou\.gradle\caches\journal-1)" [_thread_blocked, id=3828, stack(0x000000001b390000,0x000000001b490000)]
  0x0000000017c27000 JavaThread "File lock request listener" [_thread_in_native, id=2592, stack(0x000000001b290000,0x000000001b390000)]
  0x00000000182c3800 JavaThread "Cache worker for file hash cache (C:\Users\Mame Fatou\.gradle\caches\5.6.4\fileHashes)" [_thread_blocked, id=3568, stack(0x000000001b190000,0x000000001b290000)]
  0x0000000017dd2800 JavaThread "Daemon periodic checks" [_thread_blocked, id=1228, stack(0x000000001a590000,0x000000001a690000)]
  0x0000000018e3a800 JavaThread "Incoming local TCP Connector on port 49552" [_thread_in_native, id=168, stack(0x000000001a380000,0x000000001a480000)]
  0x0000000018abe800 JavaThread "Daemon health stats" [_thread_blocked, id=4652, stack(0x0000000019da0000,0x0000000019ea0000)]
  0x0000000015bfa800 JavaThread "Service Thread" daemon [_thread_blocked, id=2872, stack(0x0000000017000000,0x0000000017100000)]
  0x0000000015b92000 JavaThread "C1 CompilerThread1" daemon [_thread_blocked, id=4588, stack(0x0000000016f00000,0x0000000017000000)]
=>0x0000000015b8b000 JavaThread "C2 CompilerThread0" daemon [_thread_in_native, id=68, stack(0x0000000016e00000,0x0000000016f00000)]
  0x0000000015b89800 JavaThread "Attach Listener" daemon [_thread_blocked, id=1192, stack(0x0000000016d00000,0x0000000016e00000)]
  0x0000000015b86800 JavaThread "Signal Dispatcher" daemon [_thread_blocked, id=4512, stack(0x0000000016c00000,0x0000000016d00000)]
  0x0000000002456000 JavaThread "Finalizer" daemon [_thread_blocked, id=2360, stack(0x00000000167d0000,0x00000000168d0000)]
  0x0000000015b77000 JavaThread "Reference Handler" daemon [_thread_blocked, id=3684, stack(0x00000000166d0000,0x00000000167d0000)]
  0x000000000235d800 JavaThread "main" [_thread_blocked, id=3096, stack(0x00000000021c0000,0x00000000022c0000)]

Other Threads:
  0x0000000015b54800 VMThread [stack: 0x00000000165d0000,0x00000000166d0000] [id=2336]
  0x0000000015c25800 WatcherThread [stack: 0x0000000017100000,0x0000000017200000] [id=3476]

VM state:not at safepoint (normal execution)

VM Mutex/Monitor currently owned by a thread: None

OutOfMemory and StackOverflow Exception counts:
OutOfMemoryError java_heap_errors=1

heap address: 0x00000000a0000000, size: 1536 MB, Compressed Oops mode: 32-bit
Narrow klass base: 0x0000000000000000, Narrow klass shift: 3
Compressed class space size: 1073741824 Address: 0x0000000100000000

Heap:
 PSYoungGen      total 421888K, used 248780K [0x00000000e0000000, 0x0000000100000000, 0x0000000100000000)
  eden space 319488K, 62% used [0x00000000e0000000,0x00000000ec210708,0x00000000f3800000)
  from space 102400K, 48% used [0x00000000f3800000,0x00000000f68e2cd8,0x00000000f9c00000)
  to   space 99840K, 0% used [0x00000000f9e80000,0x00000000f9e80000,0x0000000100000000)
 ParOldGen       total 223744K, used 177087K [0x00000000a0000000, 0x00000000ada80000, 0x00000000e0000000)
  object space 223744K, 79% used [0x00000000a0000000,0x00000000aacefd98,0x00000000ada80000)
 Metaspace       used 106991K, capacity 112310K, committed 112472K, reserved 1146880K
  class space    used 13551K, capacity 14614K, committed 14680K, reserved 1048576K

Card table byte_map: [0x0000000011820000,0x0000000011b30000] byte_map_base: 0x0000000011320000

Marking Bits: (ParMarkBitMap*) 0x0000000055b89f30
 Begin Bits: [0x0000000011f30000, 0x0000000013730000)
 End Bits:   [0x0000000013730000, 0x0000000014f30000)

Polling page: 0x00000000009b0000

CodeCache: size=245760Kb used=68744Kb max_used=68756Kb free=177015Kb
 bounds [0x0000000002460000, 0x0000000006800000, 0x0000000011460000]
 total_blobs=20711 nmethods=19769 adapters=853
 compilation: enabled

Compilation events (10 events):
Event: 6220.080 Thread 0x0000000015b92000 25356       1       org.objectweb.asm.MethodWriter::hasAsmInstructions (5 bytes)
Event: 6220.080 Thread 0x0000000015b92000 nmethod 25356 0x0000000003aa5cd0 code [0x0000000003aa5e20, 0x0000000003aa5f30]
Event: 6220.113 Thread 0x0000000015b92000 25357       2       org.objectweb.asm.SymbolTable$Entry::<init> (17 bytes)
Event: 6220.114 Thread 0x0000000015b92000 nmethod 25357 0x0000000006791d10 code [0x0000000006791e80, 0x0000000006792028]
Event: 6220.123 Thread 0x0000000015b8b000 nmethod 25328 0x00000000067ee790 code [0x00000000067eea60, 0x00000000067efc30]
Event: 6220.123 Thread 0x0000000015b8b000 25353       4       java.util.TimSort::gallopLeft (335 bytes)
Event: 6220.136 Thread 0x0000000015b8b000 nmethod 25353 0x00000000067a0f50 code [0x00000000067a10a0, 0x00000000067a1498]
Event: 6220.136 Thread 0x0000000015b8b000 25352       4       com.android.ide.common.symbols.SymbolUtils::canonicalizeValueResourceName (27 bytes)
Event: 6220.176 Thread 0x0000000015b92000 25359       3       org.objectweb.asm.MethodVisitor::visitCode (15 bytes)
Event: 6220.184 Thread 0x0000000015b92000 nmethod 25359 0x000000000307ad10 code [0x000000000307ae80, 0x000000000307b0e8]

GC Heap History (10 events):
Event: 4357.255 GC heap before
{Heap before GC invocations=26 (full 5):
 PSYoungGen      total 435712K, used 433555K [0x00000000e0000000, 0x0000000100000000, 0x0000000100000000)
  eden space 368640K, 100% used [0x00000000e0000000,0x00000000f6800000,0x00000000f6800000)
  from space 67072K, 96% used [0x00000000fbe80000,0x00000000ffde4c98,0x0000000100000000)
  to   space 77824K, 0% used [0x00000000f6800000,0x00000000f6800000,0x00000000fb400000)
 ParOldGen       total 223744K, used 133966K [0x00000000a0000000, 0x00000000ada80000, 0x00000000e0000000)
  object space 223744K, 59% used [0x00000000a0000000,0x00000000a82d3a28,0x00000000ada80000)
 Metaspace       used 106180K, capacity 111132K, committed 111320K, reserved 1146880K
  class space    used 13489K, capacity 14497K, committed 14552K, reserved 1048576K
Event: 4357.498 GC heap after
Heap after GC invocations=26 (full 5):
 PSYoungGen      total 421888K, used 52800K [0x00000000e0000000, 0x0000000100000000, 0x0000000100000000)
  eden space 368640K, 0% used [0x00000000e0000000,0x00000000e0000000,0x00000000f6800000)
  from space 53248K, 99% used [0x00000000f6800000,0x00000000f9b90208,0x00000000f9c00000)
  to   space 81408K, 0% used [0x00000000fb080000,0x00000000fb080000,0x0000000100000000)
 ParOldGen       total 223744K, used 133974K [0x00000000a0000000, 0x00000000ada80000, 0x00000000e0000000)
  object space 223744K, 59% used [0x00000000a0000000,0x00000000a82d5a28,0x00000000ada80000)
 Metaspace       used 106180K, capacity 111132K, committed 111320K, reserved 1146880K
  class space    used 13489K, capacity 14497K, committed 14552K, reserved 1048576K
}
Event: 4366.896 GC heap before
{Heap before GC invocations=27 (full 5):
 PSYoungGen      total 421888K, used 421440K [0x00000000e0000000, 0x0000000100000000, 0x0000000100000000)
  eden space 368640K, 100% used [0x00000000e0000000,0x00000000f6800000,0x00000000f6800000)
  from space 53248K, 99% used [0x00000000f6800000,0x00000000f9b90208,0x00000000f9c00000)
  to   space 81408K, 0% used [0x00000000fb080000,0x00000000fb080000,0x0000000100000000)
 ParOldGen       total 223744K, used 133974K [0x00000000a0000000, 0x00000000ada80000, 0x00000000e0000000)
  object space 223744K, 59% used [0x00000000a0000000,0x00000000a82d5a28,0x00000000ada80000)
 Metaspace       used 106350K, capacity 111296K, committed 111576K, reserved 1146880K
  class space    used 13497K, capacity 14501K, committed 14552K, reserved 1048576K
Event: 4367.187 GC heap after
Heap after GC invocations=27 (full 5):
 PSYoungGen      total 443392K, used 43673K [0x00000000e0000000, 0x0000000100000000, 0x0000000100000000)
  eden space 361984K, 0% used [0x00000000e0000000,0x00000000e0000000,0x00000000f6180000)
  from space 81408K, 53% used [0x00000000fb080000,0x00000000fdb26690,0x0000000100000000)
  to   space 80896K, 0% used [0x00000000f6180000,0x00000000f6180000,0x00000000fb080000)
 ParOldGen       total 223744K, used 133974K [0x00000000a0000000, 0x00000000ada80000, 0x00000000e0000000)
  object space 223744K, 59% used [0x00000000a0000000,0x00000000a82d5a28,0x00000000ada80000)
 Metaspace       used 106350K, capacity 111296K, committed 111576K, reserved 1146880K
  class space    used 13497K, capacity 14501K, committed 14552K, reserved 1048576K
}
Event: 4375.949 GC heap before
{Heap before GC invocations=28 (full 5):
 PSYoungGen      total 443392K, used 405657K [0x00000000e0000000, 0x0000000100000000, 0x0000000100000000)
  eden space 361984K, 100% used [0x00000000e0000000,0x00000000f6180000,0x00000000f6180000)
  from space 81408K, 53% used [0x00000000fb080000,0x00000000fdb26690,0x0000000100000000)
  to   space 80896K, 0% used [0x00000000f6180000,0x00000000f6180000,0x00000000fb080000)
 ParOldGen       total 223744K, used 133974K [0x00000000a0000000, 0x00000000ada80000, 0x00000000e0000000)
  object space 223744K, 59% used [0x00000000a0000000,0x00000000a82d5a28,0x00000000ada80000)
 Metaspace       used 106430K, capacity 111446K, committed 111576K, reserved 1146880K
  class space    used 13497K, capacity 14502K, committed 14552K, reserved 1048576K
Event: 4376.285 GC heap after
Heap after GC invocations=28 (full 5):
 PSYoungGen      total 442880K, used 44989K [0x00000000e0000000, 0x00000000fff80000, 0x0000000100000000)
  eden space 361984K, 0% used [0x00000000e0000000,0x00000000e0000000,0x00000000f6180000)
  from space 80896K, 55% used [0x00000000f6180000,0x00000000f8d6f410,0x00000000fb080000)
  to   space 80896K, 0% used [0x00000000fb080000,0x00000000fb080000,0x00000000fff80000)
 ParOldGen       total 223744K, used 133974K [0x00000000a0000000, 0x00000000ada80000, 0x00000000e0000000)
  object space 223744K, 59% used [0x00000000a0000000,0x00000000a82d5a28,0x00000000ada80000)
 Metaspace       used 106430K, capacity 111446K, committed 111576K, reserved 1146880K
  class space    used 13497K, capacity 14502K, committed 14552K, reserved 1048576K
}
Event: 4383.633 GC heap before
{Heap before GC invocations=29 (full 5):
 PSYoungGen      total 442880K, used 406973K [0x00000000e0000000, 0x00000000fff80000, 0x0000000100000000)
  eden space 361984K, 100% used [0x00000000e0000000,0x00000000f6180000,0x00000000f6180000)
  from space 80896K, 55% used [0x00000000f6180000,0x00000000f8d6f410,0x00000000fb080000)
  to   space 80896K, 0% used [0x00000000fb080000,0x00000000fb080000,0x00000000fff80000)
 ParOldGen       total 223744K, used 133974K [0x00000000a0000000, 0x00000000ada80000, 0x00000000e0000000)
  object space 223744K, 59% used [0x00000000a0000000,0x00000000a82d5a28,0x00000000ada80000)
 Metaspace       used 106565K, capacity 111574K, committed 111832K, reserved 1146880K
  class space    used 13507K, capacity 14538K, committed 14552K, reserved 1048576K
Event: 4384.080 GC heap after
Heap after GC invocations=29 (full 5):
 PSYoungGen      total 400384K, used 80893K [0x00000000e0000000, 0x0000000100000000, 0x0000000100000000)
  eden space 319488K, 0% used [0x00000000e0000000,0x00000000e0000000,0x00000000f3800000)
  from space 80896K, 99% used [0x00000000fb080000,0x00000000fff7f708,0x00000000fff80000)
  to   space 102400K, 0% used [0x00000000f3800000,0x00000000f3800000,0x00000000f9c00000)
 ParOldGen       total 223744K, used 158416K [0x00000000a0000000, 0x00000000ada80000, 0x00000000e0000000)
  object space 223744K, 70% used [0x00000000a0000000,0x00000000a9ab4350,0x00000000ada80000)
 Metaspace       used 106565K, capacity 111574K, committed 111832K, reserved 1146880K
  class space    used 13507K, capacity 14538K, committed 14552K, reserved 1048576K
}
Event: 6190.225 GC heap before
{Heap before GC invocations=30 (full 5):
 PSYoungGen      total 400384K, used 400381K [0x00000000e0000000, 0x0000000100000000, 0x0000000100000000)
  eden space 319488K, 100% used [0x00000000e0000000,0x00000000f3800000,0x00000000f3800000)
  from space 80896K, 99% used [0x00000000fb080000,0x00000000fff7f708,0x00000000fff80000)
  to   space 102400K, 0% used [0x00000000f3800000,0x00000000f3800000,0x00000000f9c00000)
 ParOldGen       total 223744K, used 158416K [0x00000000a0000000, 0x00000000ada80000, 0x00000000e0000000)
  object space 223744K, 70% used [0x00000000a0000000,0x00000000a9ab4350,0x00000000ada80000)
 Metaspace       used 106893K, capacity 112154K, committed 112472K, reserved 1146880K
  class space    used 13535K, capacity 14588K, committed 14680K, reserved 1048576K
Event: 6190.509 GC heap after
Heap after GC invocations=30 (full 5):
 PSYoungGen      total 421888K, used 50059K [0x00000000e0000000, 0x0000000100000000, 0x0000000100000000)
  eden space 319488K, 0% used [0x00000000e0000000,0x00000000e0000000,0x00000000f3800000)
  from space 102400K, 48% used [0x00000000f3800000,0x00000000f68e2cd8,0x00000000f9c00000)
  to   space 99840K, 0% used [0x00000000f9e80000,0x00000000f9e80000,0x0000000100000000)
 ParOldGen       total 223744K, used 177087K [0x00000000a0000000, 0x00000000ada80000, 0x00000000e0000000)
  object space 223744K, 79% used [0x00000000a0000000,0x00000000aacefd98,0x00000000ada80000)
 Metaspace       used 106893K, capacity 112154K, committed 112472K, reserved 1146880K
  class space    used 13535K, capacity 14588K, committed 14680K, reserved 1048576K
}

Deoptimization events (10 events):
Event: 6198.430 Thread 0x0000000018fee000 Uncommon trap: reason=class_check action=maybe_recompile pc=0x0000000005cf2e1c method=com.sun.org.apache.xerces.internal.dom.NamedNodeMapImpl.getNamedItemNS(Ljava/lang/String;Ljava/lang/String;)Lorg/w3c/dom/Node; @ 25
Event: 6198.685 Thread 0x0000000018fee000 Uncommon trap: reason=unstable_if action=reinterpret pc=0x0000000005dafd60 method=com.android.ide.common.resources.DataItem.isWritten()Z @ 7
Event: 6199.807 Thread 0x0000000018fee000 Uncommon trap: reason=unstable_if action=reinterpret pc=0x00000000030af544 method=com.google.gson.stream.JsonReader.nextQuotedValue(C)Ljava/lang/String; @ 96
Event: 6199.827 Thread 0x0000000018fee000 Uncommon trap: reason=unstable_if action=reinterpret pc=0x00000000035f10d0 method=com.google.common.base.Objects.equal(Ljava/lang/Object;Ljava/lang/Object;)Z @ 14
Event: 6199.836 Thread 0x0000000018fee000 Uncommon trap: reason=class_check action=maybe_recompile pc=0x00000000054ddc38 method=com.android.ide.common.resources.NodeUtils.duplicateNode(Lorg/w3c/dom/Document;Lorg/w3c/dom/Node;)Lorg/w3c/dom/Node; @ 1
Event: 6199.837 Thread 0x0000000018fee000 Uncommon trap: reason=null_check action=make_not_entrant pc=0x000000000414a3c0 method=com.android.ide.common.resources.NodeUtils.processSingleNodeNamespace(Lorg/w3c/dom/Node;Lorg/w3c/dom/Document;)Z @ 8
Event: 6199.837 Thread 0x0000000018fee000 Uncommon trap: reason=class_check action=maybe_recompile pc=0x00000000054ddc38 method=com.android.ide.common.resources.NodeUtils.duplicateNode(Lorg/w3c/dom/Document;Lorg/w3c/dom/Node;)Lorg/w3c/dom/Node; @ 1
Event: 6199.837 Thread 0x0000000018fee000 Uncommon trap: reason=class_check action=maybe_recompile pc=0x00000000054ddc38 method=com.android.ide.common.resources.NodeUtils.duplicateNode(Lorg/w3c/dom/Document;Lorg/w3c/dom/Node;)Lorg/w3c/dom/Node; @ 1
Event: 6199.837 Thread 0x0000000018fee000 Uncommon trap: reason=class_check action=maybe_recompile pc=0x00000000054ddc38 method=com.android.ide.common.resources.NodeUtils.duplicateNode(Lorg/w3c/dom/Document;Lorg/w3c/dom/Node;)Lorg/w3c/dom/Node; @ 1
Event: 6199.844 Thread 0x0000000018fee000 Uncommon trap: reason=unstable_if action=reinterpret pc=0x0000000004d2d028 method=com.sun.org.apache.xerces.internal.dom.ElementNSImpl.getNamespaceURI()Ljava/lang/String; @ 4

Classes redefined (0 events):
No events

Internal exceptions (10 events):
Event: 4397.620 Thread 0x000000001b5a8800 Implicit null exception at 0x000000000368d925 to 0x000000000368dc7d
Event: 4398.540 Thread 0x0000000018fe6000 Implicit null exception at 0x0000000004af317c to 0x0000000004af3275
Event: 4398.575 Thread 0x0000000018fe6000 Implicit null exception at 0x0000000003665c19 to 0x00000000036664f5
Event: 4398.719 Thread 0x0000000018fe6000 Exception <a 'sun/nio/fs/WindowsException'> (0x00000000f03e7498) thrown at [D:\src\AOSP-openjdk-cygwin\jdk8u\hotspot\src\share\vm\prims\jni.cpp, line 710]
Event: 6187.177 Thread 0x000000002790c000 Exception <a 'sun/nio/fs/WindowsException'> (0x00000000f25f31b8) thrown at [D:\src\AOSP-openjdk-cygwin\jdk8u\hotspot\src\share\vm\prims\jni.cpp, line 710]
Event: 6191.142 Thread 0x0000000018fee000 Implicit null exception at 0x000000000598d44f to 0x000000000598daa1
Event: 6199.837 Thread 0x0000000018fee000 Implicit null exception at 0x0000000004148d7d to 0x000000000414a3b1
Event: 6219.936 Thread 0x0000000018ff4000 Exception <a 'sun/nio/fs/WindowsException'> (0x00000000eacdc2e8) thrown at [D:\src\AOSP-openjdk-cygwin\jdk8u\hotspot\src\share\vm\prims\jni.cpp, line 710]
Event: 6219.936 Thread 0x0000000018ff4000 Exception <a 'sun/nio/fs/WindowsException'> (0x00000000eacdc790) thrown at [D:\src\AOSP-openjdk-cygwin\jdk8u\hotspot\src\share\vm\prims\jni.cpp, line 710]
Event: 6220.209 Thread 0x0000000018ff4000 Exception <a 'java/lang/OutOfMemoryError'> (0x00000000ec1fcb50) thrown at [D:\src\AOSP-openjdk-cygwin\jdk8u\hotspot\src\share\vm\prims\jni.cpp, line 736]

Events (10 events):
Event: 6219.919 Thread 0x0000000018ff4000 DEOPT PACKING pc=0x0000000005922beb sp=0x000000002afedcf0
Event: 6219.919 Thread 0x0000000018ff4000 DEOPT UNPACKING pc=0x00000000024a71d0 sp=0x000000002afedb30 mode 0
Event: 6219.960 Thread 0x0000000018ff4000 DEOPT PACKING pc=0x000000000636f206 sp=0x000000002afedfe0
Event: 6219.960 Thread 0x0000000018ff4000 DEOPT UNPACKING pc=0x00000000024a71d0 sp=0x000000002afedd58 mode 0
Event: 6219.969 Thread 0x0000000018ff4000 DEOPT PACKING pc=0x0000000003cc2d60 sp=0x000000002afee080
Event: 6219.969 Thread 0x0000000018ff4000 DEOPT UNPACKING pc=0x00000000024a71d0 sp=0x000000002afedea8 mode 0
Event: 6220.022 Thread 0x0000000018ff4000 DEOPT PACKING pc=0x000000000636f206 sp=0x000000002afedfe0
Event: 6220.022 Thread 0x0000000018ff4000 DEOPT UNPACKING pc=0x00000000024a71d0 sp=0x000000002afedd58 mode 0
Event: 6220.039 Thread 0x0000000018ff4000 DEOPT PACKING pc=0x0000000003cc2d60 sp=0x000000002afee080
Event: 6220.039 Thread 0x0000000018ff4000 DEOPT UNPACKING pc=0x00000000024a71d0 sp=0x000000002afedea8 mode 0


Dynamic libraries:
0x00007ff7664b0000 - 0x00007ff7664e1000 	C:\Program Files\Android\Android Studio\jre\bin\java.exe
0x00007ff854c20000 - 0x00007ff854dcd000 	C:\Windows\SYSTEM32\ntdll.dll
0x00007ff854ae0000 - 0x00007ff854c1a000 	C:\Windows\system32\KERNEL32.DLL
0x00007ff8522f0000 - 0x00007ff852405000 	C:\Windows\system32\KERNELBASE.dll
0x00007ff8526c0000 - 0x00007ff852765000 	C:\Windows\system32\ADVAPI32.dll
0x00007ff854670000 - 0x00007ff8547e1000 	C:\Windows\system32\USER32.dll
0x00007ff84fb50000 - 0x00007ff84fdca000 	C:\Windows\WinSxS\amd64_microsoft.windows.common-controls_6595b64144ccf1df_6.0.9600.17810_none_6240b9c7ecbd0bda\COMCTL32.dll
0x00007ff854480000 - 0x00007ff854527000 	C:\Windows\system32\msvcrt.dll
0x00007ff852a10000 - 0x00007ff852a69000 	C:\Windows\SYSTEM32\sechost.dll
0x00007ff854530000 - 0x00007ff854666000 	C:\Windows\system32\RPCRT4.dll
0x00007ff854220000 - 0x00007ff854365000 	C:\Windows\system32\GDI32.dll
0x00007ff852a80000 - 0x00007ff852ab4000 	C:\Windows\system32\IMM32.DLL
0x00007ff852ac0000 - 0x00007ff852bf9000 	C:\Windows\system32\MSCTF.dll
0x00000000552e0000 - 0x00000000553b2000 	C:\Program Files\Android\Android Studio\jre\jre\bin\msvcr100.dll
0x00000000553c0000 - 0x0000000055c06000 	C:\Program Files\Android\Android Studio\jre\jre\bin\server\jvm.dll
0x00007ff849e50000 - 0x00007ff849e59000 	C:\Windows\SYSTEM32\WSOCK32.dll
0x00007ff84d8d0000 - 0x00007ff84d8ef000 	C:\Windows\SYSTEM32\WINMM.dll
0x00007ff84c290000 - 0x00007ff84c29a000 	C:\Windows\SYSTEM32\VERSION.dll
0x00007ff854a70000 - 0x00007ff854a77000 	C:\Windows\system32\PSAPI.DLL
0x00007ff854a80000 - 0x00007ff854ada000 	C:\Windows\system32\WS2_32.dll
0x00007ff84d8a0000 - 0x00007ff84d8ca000 	C:\Windows\SYSTEM32\WINMMBASE.dll
0x00007ff852a70000 - 0x00007ff852a79000 	C:\Windows\system32\NSI.dll
0x00007ff8520c0000 - 0x00007ff85210a000 	C:\Windows\SYSTEM32\cfgmgr32.dll
0x00007ff850d90000 - 0x00007ff850db6000 	C:\Windows\SYSTEM32\DEVOBJ.dll
0x00007ff84b220000 - 0x00007ff84b22f000 	C:\Program Files\Android\Android Studio\jre\jre\bin\verify.dll
0x00007ff843380000 - 0x00007ff8433a9000 	C:\Program Files\Android\Android Studio\jre\jre\bin\java.dll
0x00007ff845a20000 - 0x00007ff845a36000 	C:\Program Files\Android\Android Studio\jre\jre\bin\zip.dll
0x00007ff852e00000 - 0x00007ff854217000 	C:\Windows\system32\SHELL32.dll
0x00007ff8547f0000 - 0x00007ff854a01000 	C:\Windows\SYSTEM32\combase.dll
0x00007ff852da0000 - 0x00007ff852df1000 	C:\Windows\system32\SHLWAPI.dll
0x00007ff8503a0000 - 0x00007ff85043f000 	C:\Windows\SYSTEM32\SHCORE.dll
0x00007ff851f40000 - 0x00007ff851f54000 	C:\Windows\SYSTEM32\profapi.dll
0x00007ff843360000 - 0x00007ff84337a000 	C:\Program Files\Android\Android Studio\jre\jre\bin\net.dll
0x00007ff84c550000 - 0x00007ff84c6b0000 	C:\Windows\SYSTEM32\urlmon.dll
0x00007ff852500000 - 0x00007ff852678000 	C:\Windows\system32\ole32.dll
0x00007ff84c2a0000 - 0x00007ff84c549000 	C:\Windows\SYSTEM32\iertutil.dll
0x00007ff84c020000 - 0x00007ff84c250000 	C:\Windows\SYSTEM32\WININET.dll
0x00007ff851520000 - 0x00007ff85153e000 	C:\Windows\SYSTEM32\USERENV.dll
0x00007ff851770000 - 0x00007ff8517c9000 	C:\Windows\system32\mswsock.dll
0x00007ff843340000 - 0x00007ff843353000 	C:\Program Files\Android\Android Studio\jre\jre\bin\nio.dll
0x00007ff84b1b0000 - 0x00007ff84b1d6000 	C:\Users\Mame Fatou\.gradle\native\30\windows-amd64\native-platform.dll
0x00007ff84b1a0000 - 0x00007ff84b1ad000 	C:\Program Files\Android\Android Studio\jre\jre\bin\management.dll
0x00007ff8517d0000 - 0x00007ff8517ee000 	C:\Windows\SYSTEM32\CRYPTSP.dll
0x00007ff851410000 - 0x00007ff851446000 	C:\Windows\system32\rsaenh.dll
0x00007ff851a10000 - 0x00007ff851a36000 	C:\Windows\SYSTEM32\bcrypt.dll
0x00007ff851d40000 - 0x00007ff851da3000 	C:\Windows\system32\bcryptprimitives.dll
0x00007ff851db0000 - 0x00007ff851dba000 	C:\Windows\SYSTEM32\CRYPTBASE.dll
0x00007ff84d040000 - 0x00007ff84d069000 	C:\Windows\SYSTEM32\IPHLPAPI.DLL
0x00007ff84d120000 - 0x00007ff84d12a000 	C:\Windows\SYSTEM32\WINNSI.DLL
0x00007ff84cb10000 - 0x00007ff84cb24000 	C:\Windows\SYSTEM32\dhcpcsvc6.DLL
0x00007ff84ce00000 - 0x00007ff84ce19000 	C:\Windows\SYSTEM32\dhcpcsvc.DLL
0x00007ff83c230000 - 0x00007ff83c254000 	C:\Program Files\Android\Android Studio\jre\jre\bin\sunec.dll
0x00007ff851580000 - 0x00007ff851623000 	C:\Windows\SYSTEM32\DNSAPI.dll
0x0000000057960000 - 0x0000000057986000 	C:\Program Files\Bonjour\mdnsNSP.dll
0x00007ff848790000 - 0x00007ff848799000 	C:\Windows\System32\rasadhlp.dll
0x00007ff84d0b0000 - 0x00007ff84d11b000 	C:\Windows\System32\fwpuclnt.dll
0x00007ff848830000 - 0x00007ff84883b000 	C:\Program Files\Android\Android Studio\jre\jre\bin\sunmscapi.dll
0x00007ff852110000 - 0x00007ff8522e7000 	C:\Windows\system32\CRYPT32.dll
0x00007ff851ff0000 - 0x00007ff852002000 	C:\Windows\system32\MSASN1.dll
0x00007ff84b060000 - 0x00007ff84b090000 	C:\Windows\SYSTEM32\ntmarta.dll

VM Arguments:
jvm_args: -Xmx1536m -Dfile.encoding=windows-1252 -Duser.country=FR -Duser.language=fr -Duser.variant 
java_command: org.gradle.launcher.daemon.bootstrap.GradleDaemon 5.6.4
java_class_path (initial): C:\Users\Mame Fatou\.gradle\wrapper\dists\gradle-5.6.4-all\ankdp27end7byghfw1q2sw75f\gradle-5.6.4\lib\gradle-launcher-5.6.4.jar
Launcher Type: SUN_STANDARD

Environment Variables:
PATH=C:\Windows\system32;C:\Windows;C:\Windows\System32\Wbem;C:\Windows\System32\WindowsPowerShell\v1.0\;C:\Users\Mame Fatou\AppData\Roaming\Microsoft\Windows\Start Menu\Programs\Python 3.8;C:\Users\Mame Fatou\AppData\Local\Programs\Python\Python38-32\Scripts\;C:\Users\Mame Fatou\AppData\Local\Programs\Python\Python38-32\;C:\Users\Mame Fatou\AppData\Local\GitHubDesktop\bin;C:\Users\Mame Fatou\AppData\Local\Programs\Git\cmd;C:\Users\Mame Fatou\AppData\Local\Programs\Microsoft VS Code\bin
USERNAME=Mame Fatou
OS=Windows_NT
PROCESSOR_IDENTIFIER=Intel64 Family 6 Model 55 Stepping 8, GenuineIntel



---------------  S Y S T E M  ---------------

OS: Windows 8.1 , 64 bit Build 9600 (6.3.9600.17056)

CPU:total 2 (initial active 2) (2 cores per cpu, 1 threads per core) family 6 model 55 stepping 8, cmov, cx8, fxsr, mmx, sse, sse2, sse3, ssse3, sse4.1, sse4.2, popcnt, clmul, erms, 3dnowpref, tsc, tscinvbit

Memory: 4k page, physical 4083568k(483172k free), swap 4607856k(5140k free)

vm_info: OpenJDK 64-Bit Server VM (25.212-b04) for windows-amd64 JRE (1.8.0_212-release-1586-b04), built by "builder" with MS VC++ 10.0 (VS2010)

time: Mon Jun 29 13:21:38 2020
timezone: Paris, Madrid (heure d’été)
elapsed time: 6220 seconds (0d 1h 43m 40s)

