#
# There is insufficient memory for the Java Runtime Environment to continue.
# Native memory allocation (malloc) failed to allocate 32744 bytes for ChunkPool::allocate
# Possible reasons:
#   The system is out of physical RAM or swap space
#   The process is running with CompressedOops enabled, and the Java Heap may be blocking the growth of the native heap
# Possible solutions:
#   Reduce memory load on the system
#   Increase physical memory or swap space
#   Check if swap backing store is full
#   Decrease Java heap size (-Xmx/-Xms)
#   Decrease number of Java threads
#   Decrease Java thread stack sizes (-Xss)
#   Set larger code cache with -XX:ReservedCodeCacheSize=
#   JVM is running with Unscaled Compressed Oops mode in which the Java heap is
#     placed in the first 4GB address space. The Java Heap base address is the
#     maximum limit for the native heap growth. Please use -XX:HeapBaseMinAddress
#     to set the Java Heap base and to place the Java Heap above 4GB virtual address.
# This output file may be truncated or incomplete.
#
#  Out of Memory Error (allocation.cpp:272), pid=936, tid=0x0000000000000e24
#
# JRE version: OpenJDK Runtime Environment (8.0_212-b04) (build 1.8.0_212-release-1586-b04)
# Java VM: OpenJDK 64-Bit Server VM (25.212-b04 mixed mode windows-amd64 compressed oops)
# Failed to write core dump. Minidumps are not enabled by default on client versions of Windows
#

---------------  T H R E A D  ---------------

Current thread (0x0000000015fce000):  JavaThread "C2 CompilerThread0" daemon [_thread_in_native, id=3620, stack(0x0000000017230000,0x0000000017330000)]

Stack: [0x0000000017230000,0x0000000017330000]
[error occurred during error reporting (printing stack bounds), id 0xc0000005]

Native frames: (J=compiled Java code, j=interpreted, Vv=VM code, C=native code)


Current CompileTask:
C2:  10753 1447       4       java.net.URLClassLoader$1::run (5 bytes)


---------------  P R O C E S S  ---------------

Java Threads: ( => current thread )
  0x0000000018d17800 JavaThread "Cache worker for journal cache (C:\Users\Mame Fatou\.gradle\caches\journal-1)" [_thread_blocked, id=724, stack(0x000000001b7c0000,0x000000001b8c0000)]
  0x0000000018d19000 JavaThread "File lock request listener" [_thread_in_native, id=3252, stack(0x000000001a6f0000,0x000000001a7f0000)]
  0x0000000018cf8000 JavaThread "Cache worker for file hash cache (C:\Users\Mame Fatou\.gradle\caches\5.6.4\fileHashes)" [_thread_blocked, id=5940, stack(0x000000001a5f0000,0x000000001a6f0000)]
  0x0000000018c4a000 JavaThread "Thread-9" [_thread_blocked, id=852, stack(0x000000001a2f0000,0x000000001a3f0000)]
  0x0000000018c47800 JavaThread "Stdin handler" [_thread_blocked, id=1564, stack(0x000000001a1f0000,0x000000001a2f0000)]
  0x0000000018c46000 JavaThread "Asynchronous log dispatcher for DefaultDaemonConnection: socket connection from /127.0.0.1:52761 to /127.0.0.1:52762" [_thread_blocked, id=5500, stack(0x000000001a0f0000,0x000000001a1f0000)]
  0x0000000018c35000 JavaThread "Daemon worker" [_thread_in_vm, id=2232, stack(0x0000000019ff0000,0x000000001a0f0000)]
  0x0000000018c31000 JavaThread "Cancel handler" [_thread_blocked, id=2544, stack(0x0000000019ef0000,0x0000000019ff0000)]
  0x0000000018c20000 JavaThread "Handler for socket connection from /127.0.0.1:52761 to /127.0.0.1:52762" [_thread_in_native, id=1948, stack(0x0000000019bf0000,0x0000000019cf0000)]
  0x0000000018c1b000 JavaThread "Daemon" [_thread_blocked, id=3924, stack(0x0000000019af0000,0x0000000019bf0000)]
  0x0000000018c14000 JavaThread "Daemon periodic checks" [_thread_blocked, id=2040, stack(0x00000000199f0000,0x0000000019af0000)]
  0x0000000018b1e000 JavaThread "Incoming local TCP Connector on port 52761" [_thread_in_native, id=3396, stack(0x00000000197e0000,0x00000000198e0000)]
  0x00000000187ee000 JavaThread "Daemon health stats" [_thread_blocked, id=3040, stack(0x0000000019200000,0x0000000019300000)]
  0x0000000016026800 JavaThread "Service Thread" daemon [_thread_blocked, id=5132, stack(0x0000000017430000,0x0000000017530000)]
  0x0000000016025800 JavaThread "C1 CompilerThread1" daemon [_thread_blocked, id=5164, stack(0x0000000017330000,0x0000000017430000)]
=>0x0000000015fce000 JavaThread "C2 CompilerThread0" daemon [_thread_in_native, id=3620, stack(0x0000000017230000,0x0000000017330000)]
  0x0000000015fc9000 JavaThread "Attach Listener" daemon [_thread_blocked, id=4016, stack(0x0000000017130000,0x0000000017230000)]
  0x0000000015fc6800 JavaThread "Signal Dispatcher" daemon [_thread_blocked, id=1332, stack(0x0000000017030000,0x0000000017130000)]
  0x00000000027e5800 JavaThread "Finalizer" daemon [_thread_blocked, id=2792, stack(0x0000000016c00000,0x0000000016d00000)]
  0x0000000015fb7000 JavaThread "Reference Handler" daemon [_thread_blocked, id=992, stack(0x0000000016b00000,0x0000000016c00000)]
  0x000000000289d800 JavaThread "main" [_thread_blocked, id=4244, stack(0x00000000025c0000,0x00000000026c0000)]

Other Threads:
  0x0000000015f94800 VMThread [stack: 0x0000000016a00000,0x0000000016b00000] [id=196]
  0x0000000016029800 WatcherThread [stack: 0x0000000017530000,0x0000000017630000] [id=432]

VM state:not at safepoint (normal execution)

VM Mutex/Monitor currently owned by a thread: None

heap address: 0x00000000a0000000, size: 1536 MB, Compressed Oops mode: 32-bit
Narrow klass base: 0x0000000000000000, Narrow klass shift: 3
Compressed class space size: 1073741824 Address: 0x0000000100000000

Heap:
 PSYoungGen      total 68096K, used 52096K [0x00000000e0000000, 0x00000000e4500000, 0x0000000100000000)
  eden space 65536K, 75% used [0x00000000e0000000,0x00000000e30683c0,0x00000000e4000000)
  from space 2560K, 98% used [0x00000000e4280000,0x00000000e44f8020,0x00000000e4500000)
  to   space 2560K, 0% used [0x00000000e4000000,0x00000000e4000000,0x00000000e4280000)
 ParOldGen       total 44032K, used 5017K [0x00000000a0000000, 0x00000000a2b00000, 0x00000000e0000000)
  object space 44032K, 11% used [0x00000000a0000000,0x00000000a04e6660,0x00000000a2b00000)
 Metaspace       used 16029K, capacity 16562K, committed 16896K, reserved 1062912K
  class space    used 2269K, capacity 2439K, committed 2560K, reserved 1048576K

Card table byte_map: [0x0000000011c60000,0x0000000011f70000] byte_map_base: 0x0000000011760000

Marking Bits: (ParMarkBitMap*) 0x000000006f5b9f30
 Begin Bits: [0x0000000012370000, 0x0000000013b70000)
 End Bits:   [0x0000000013b70000, 0x0000000015370000)

Polling page: 0x0000000000db0000

CodeCache: size=245760Kb used=5128Kb max_used=5128Kb free=240631Kb
 bounds [0x00000000028a0000, 0x0000000002db0000, 0x00000000118a0000]
 total_blobs=1850 nmethods=1459 adapters=305
 compilation: enabled

Compilation events (10 events):
Event: 10.449 Thread 0x0000000016025800 1574 %     3       com.google.common.io.LineBuffer::add @ 47 (204 bytes)
Event: 10.450 Thread 0x0000000016025800 nmethod 1574% 0x0000000002da2590 code [0x0000000002da27a0, 0x0000000002da3278]
Event: 10.451 Thread 0x0000000016025800 1575       3       com.google.common.io.LineBuffer::add (204 bytes)
Event: 10.452 Thread 0x0000000016025800 nmethod 1575 0x0000000002da3790 code [0x0000000002da3980, 0x0000000002da42d8]
Event: 10.494 Thread 0x0000000016025800 1577       3       sun.misc.ProxyGenerator::dotToSlash (9 bytes)
Event: 10.494 Thread 0x0000000016025800 nmethod 1577 0x0000000002da4790 code [0x0000000002da4900, 0x0000000002da4b08]
Event: 10.655 Thread 0x0000000016025800 1578       3       org.gradle.internal.service.DefaultServiceRegistry$ManagedObjectServiceProvider::requiredBy (20 bytes)
Event: 10.656 Thread 0x0000000016025800 nmethod 1578 0x0000000002da4bd0 code [0x0000000002da4d60, 0x0000000002da5288]
Event: 10.656 Thread 0x0000000016025800 1579       3       org.gradle.internal.service.DefaultServiceRegistry::access$1500 (6 bytes)
Event: 10.657 Thread 0x0000000016025800 nmethod 1579 0x0000000002da53d0 code [0x0000000002da5540, 0x0000000002da56a8]

GC Heap History (8 events):
Event: 3.930 GC heap before
{Heap before GC invocations=1 (full 0):
 PSYoungGen      total 18944K, used 16384K [0x00000000e0000000, 0x00000000e1500000, 0x0000000100000000)
  eden space 16384K, 100% used [0x00000000e0000000,0x00000000e1000000,0x00000000e1000000)
  from space 2560K, 0% used [0x00000000e1280000,0x00000000e1280000,0x00000000e1500000)
  to   space 2560K, 0% used [0x00000000e1000000,0x00000000e1000000,0x00000000e1280000)
 ParOldGen       total 44032K, used 0K [0x00000000a0000000, 0x00000000a2b00000, 0x00000000e0000000)
  object space 44032K, 0% used [0x00000000a0000000,0x00000000a0000000,0x00000000a2b00000)
 Metaspace       used 6059K, capacity 6292K, committed 6528K, reserved 1056768K
  class space    used 717K, capacity 784K, committed 896K, reserved 1048576K
Event: 3.990 GC heap after
Heap after GC invocations=1 (full 0):
 PSYoungGen      total 18944K, used 2449K [0x00000000e0000000, 0x00000000e2500000, 0x0000000100000000)
  eden space 16384K, 0% used [0x00000000e0000000,0x00000000e0000000,0x00000000e1000000)
  from space 2560K, 95% used [0x00000000e1000000,0x00000000e1264790,0x00000000e1280000)
  to   space 2560K, 0% used [0x00000000e2280000,0x00000000e2280000,0x00000000e2500000)
 ParOldGen       total 44032K, used 0K [0x00000000a0000000, 0x00000000a2b00000, 0x00000000e0000000)
  object space 44032K, 0% used [0x00000000a0000000,0x00000000a0000000,0x00000000a2b00000)
 Metaspace       used 6059K, capacity 6292K, committed 6528K, reserved 1056768K
  class space    used 717K, capacity 784K, committed 896K, reserved 1048576K
}
Event: 5.628 GC heap before
{Heap before GC invocations=2 (full 0):
 PSYoungGen      total 18944K, used 18833K [0x00000000e0000000, 0x00000000e2500000, 0x0000000100000000)
  eden space 16384K, 100% used [0x00000000e0000000,0x00000000e1000000,0x00000000e1000000)
  from space 2560K, 95% used [0x00000000e1000000,0x00000000e1264790,0x00000000e1280000)
  to   space 2560K, 0% used [0x00000000e2280000,0x00000000e2280000,0x00000000e2500000)
 ParOldGen       total 44032K, used 0K [0x00000000a0000000, 0x00000000a2b00000, 0x00000000e0000000)
  object space 44032K, 0% used [0x00000000a0000000,0x00000000a0000000,0x00000000a2b00000)
 Metaspace       used 7080K, capacity 7348K, committed 7680K, reserved 1056768K
  class space    used 857K, capacity 944K, committed 1024K, reserved 1048576K
Event: 5.644 GC heap after
Heap after GC invocations=2 (full 0):
 PSYoungGen      total 35328K, used 2550K [0x00000000e0000000, 0x00000000e2500000, 0x0000000100000000)
  eden space 32768K, 0% used [0x00000000e0000000,0x00000000e0000000,0x00000000e2000000)
  from space 2560K, 99% used [0x00000000e2280000,0x00000000e24fdbb8,0x00000000e2500000)
  to   space 2560K, 0% used [0x00000000e2000000,0x00000000e2000000,0x00000000e2280000)
 ParOldGen       total 44032K, used 599K [0x00000000a0000000, 0x00000000a2b00000, 0x00000000e0000000)
  object space 44032K, 1% used [0x00000000a0000000,0x00000000a0095df0,0x00000000a2b00000)
 Metaspace       used 7080K, capacity 7348K, committed 7680K, reserved 1056768K
  class space    used 857K, capacity 944K, committed 1024K, reserved 1048576K
}
Event: 6.571 GC heap before
{Heap before GC invocations=3 (full 0):
 PSYoungGen      total 35328K, used 35318K [0x00000000e0000000, 0x00000000e2500000, 0x0000000100000000)
  eden space 32768K, 100% used [0x00000000e0000000,0x00000000e2000000,0x00000000e2000000)
  from space 2560K, 99% used [0x00000000e2280000,0x00000000e24fdbb8,0x00000000e2500000)
  to   space 2560K, 0% used [0x00000000e2000000,0x00000000e2000000,0x00000000e2280000)
 ParOldGen       total 44032K, used 599K [0x00000000a0000000, 0x00000000a2b00000, 0x00000000e0000000)
  object space 44032K, 1% used [0x00000000a0000000,0x00000000a0095df0,0x00000000a2b00000)
 Metaspace       used 7298K, capacity 7660K, committed 7936K, reserved 1056768K
  class space    used 889K, capacity 984K, committed 1024K, reserved 1048576K
Event: 6.581 GC heap after
Heap after GC invocations=3 (full 0):
 PSYoungGen      total 35328K, used 2560K [0x00000000e0000000, 0x00000000e4500000, 0x0000000100000000)
  eden space 32768K, 0% used [0x00000000e0000000,0x00000000e0000000,0x00000000e2000000)
  from space 2560K, 100% used [0x00000000e2000000,0x00000000e2280000,0x00000000e2280000)
  to   space 2560K, 0% used [0x00000000e4280000,0x00000000e4280000,0x00000000e4500000)
 ParOldGen       total 44032K, used 1221K [0x00000000a0000000, 0x00000000a2b00000, 0x00000000e0000000)
  object space 44032K, 2% used [0x00000000a0000000,0x00000000a0131400,0x00000000a2b00000)
 Metaspace       used 7298K, capacity 7660K, committed 7936K, reserved 1056768K
  class space    used 889K, capacity 984K, committed 1024K, reserved 1048576K
}
Event: 8.768 GC heap before
{Heap before GC invocations=4 (full 0):
 PSYoungGen      total 35328K, used 35328K [0x00000000e0000000, 0x00000000e4500000, 0x0000000100000000)
  eden space 32768K, 100% used [0x00000000e0000000,0x00000000e2000000,0x00000000e2000000)
  from space 2560K, 100% used [0x00000000e2000000,0x00000000e2280000,0x00000000e2280000)
  to   space 2560K, 0% used [0x00000000e4280000,0x00000000e4280000,0x00000000e4500000)
 ParOldGen       total 44032K, used 1221K [0x00000000a0000000, 0x00000000a2b00000, 0x00000000e0000000)
  object space 44032K, 2% used [0x00000000a0000000,0x00000000a0131400,0x00000000a2b00000)
 Metaspace       used 12295K, capacity 12766K, committed 13056K, reserved 1060864K
  class space    used 1637K, capacity 1743K, committed 1792K, reserved 1048576K
Event: 8.785 GC heap after
Heap after GC invocations=4 (full 0):
 PSYoungGen      total 68096K, used 2528K [0x00000000e0000000, 0x00000000e4500000, 0x0000000100000000)
  eden space 65536K, 0% used [0x00000000e0000000,0x00000000e0000000,0x00000000e4000000)
  from space 2560K, 98% used [0x00000000e4280000,0x00000000e44f8020,0x00000000e4500000)
  to   space 2560K, 0% used [0x00000000e4000000,0x00000000e4000000,0x00000000e4280000)
 ParOldGen       total 44032K, used 5017K [0x00000000a0000000, 0x00000000a2b00000, 0x00000000e0000000)
  object space 44032K, 11% used [0x00000000a0000000,0x00000000a04e6660,0x00000000a2b00000)
 Metaspace       used 12295K, capacity 12766K, committed 13056K, reserved 1060864K
  class space    used 1637K, capacity 1743K, committed 1792K, reserved 1048576K
}

Deoptimization events (10 events):
Event: 7.678 Thread 0x000000000289d800 Uncommon trap: reason=unstable_if action=reinterpret pc=0x0000000002b5f52c method=java.io.WinNTFileSystem.normalize(Ljava/lang/String;)Ljava/lang/String; @ 128
Event: 8.394 Thread 0x0000000018c20000 Uncommon trap: reason=unstable_if action=reinterpret pc=0x0000000002cb90d4 method=java.util.concurrent.ConcurrentHashMap.putVal(Ljava/lang/Object;Ljava/lang/Object;Z)Ljava/lang/Object; @ 206
Event: 8.619 Thread 0x0000000018c35000 Uncommon trap: reason=bimorphic action=maybe_recompile pc=0x0000000002b12458 method=java.util.HashMap.putVal(ILjava/lang/Object;Ljava/lang/Object;ZZ)Ljava/lang/Object; @ 253
Event: 8.619 Thread 0x0000000018c35000 Uncommon trap: reason=bimorphic action=maybe_recompile pc=0x0000000002b12458 method=java.util.HashMap.putVal(ILjava/lang/Object;Ljava/lang/Object;ZZ)Ljava/lang/Object; @ 253
Event: 8.619 Thread 0x0000000018c35000 Uncommon trap: reason=bimorphic action=maybe_recompile pc=0x0000000002b12458 method=java.util.HashMap.putVal(ILjava/lang/Object;Ljava/lang/Object;ZZ)Ljava/lang/Object; @ 253
Event: 9.203 Thread 0x0000000018c35000 Uncommon trap: reason=class_check action=maybe_recompile pc=0x0000000002ba67e0 method=java.util.regex.Matcher.match(II)Z @ 86
Event: 9.238 Thread 0x0000000018c35000 Uncommon trap: reason=class_check action=maybe_recompile pc=0x0000000002ba67e0 method=java.util.regex.Matcher.match(II)Z @ 86
Event: 9.239 Thread 0x0000000018c35000 Uncommon trap: reason=class_check action=maybe_recompile pc=0x0000000002ba67e0 method=java.util.regex.Matcher.match(II)Z @ 86
Event: 9.240 Thread 0x0000000018c35000 Uncommon trap: reason=class_check action=maybe_recompile pc=0x0000000002a0d788 method=java.util.regex.Matcher.match(II)Z @ 86
Event: 10.317 Thread 0x0000000018c35000 Uncommon trap: reason=unstable_if action=reinterpret pc=0x0000000002d4ec74 method=java.lang.String.lastIndexOf([CII[CIII)I @ 66

Classes redefined (0 events):
No events

Internal exceptions (10 events):
Event: 8.429 Thread 0x0000000018c20000 Exception <a 'java/lang/NoSuchMethodError': <clinit>> (0x00000000e1aa80c0) thrown at [D:\src\AOSP-openjdk-cygwin\jdk8u\hotspot\src\share\vm\prims\jni.cpp, line 1614]
Event: 8.436 Thread 0x0000000018c20000 Exception <a 'java/lang/NoSuchMethodError': <clinit>> (0x00000000e1ac0128) thrown at [D:\src\AOSP-openjdk-cygwin\jdk8u\hotspot\src\share\vm\prims\jni.cpp, line 1614]
Event: 8.443 Thread 0x0000000018c20000 Exception <a 'java/lang/NoSuchMethodError': <clinit>> (0x00000000e1ac8db8) thrown at [D:\src\AOSP-openjdk-cygwin\jdk8u\hotspot\src\share\vm\prims\jni.cpp, line 1614]
Event: 8.449 Thread 0x0000000018c20000 Exception <a 'java/lang/NoSuchMethodError': <clinit>> (0x00000000e1adf470) thrown at [D:\src\AOSP-openjdk-cygwin\jdk8u\hotspot\src\share\vm\prims\jni.cpp, line 1614]
Event: 8.477 Thread 0x0000000018c20000 Exception <a 'java/lang/NoSuchMethodError': <clinit>> (0x00000000e1b48b20) thrown at [D:\src\AOSP-openjdk-cygwin\jdk8u\hotspot\src\share\vm\prims\jni.cpp, line 1614]
Event: 8.496 Thread 0x0000000018c20000 Exception <a 'java/lang/NoSuchMethodError': <clinit>> (0x00000000e1b75730) thrown at [D:\src\AOSP-openjdk-cygwin\jdk8u\hotspot\src\share\vm\prims\jni.cpp, line 1614]
Event: 8.519 Thread 0x0000000018c20000 Exception <a 'java/lang/NoSuchMethodError': <clinit>> (0x00000000e1b93250) thrown at [D:\src\AOSP-openjdk-cygwin\jdk8u\hotspot\src\share\vm\prims\jni.cpp, line 1614]
Event: 10.217 Thread 0x0000000018c35000 Exception <a 'java/lang/NoSuchMethodError': java.lang.Object.lambda$and$0(Ljava/util/function/Predicate;Ljava/lang/Object;)Z> (0x00000000e2a10c98) thrown at [D:\src\AOSP-openjdk-cygwin\jdk8u\hotspot\src\share\vm\interpreter\linkResolver.cpp, line 620]
Event: 10.253 Thread 0x0000000018c35000 Exception <a 'java/lang/IncompatibleClassChangeError': Found class java.lang.Object, but interface was expected> (0x00000000e2a26f80) thrown at [D:\src\AOSP-openjdk-cygwin\jdk8u\hotspot\src\share\vm\interpreter\linkResolver.cpp, line 653]
Event: 10.258 Thread 0x0000000018c35000 Exception <a 'java/lang/NoSuchMethodError': java.lang.Object.lambda$or$2(Ljava/util/function/Predicate;Ljava/lang/Object;)Z> (0x00000000e2a2be90) thrown at [D:\src\AOSP-openjdk-cygwin\jdk8u\hotspot\src\share\vm\interpreter\linkResolver.cpp, line 620]

Events (10 events):
Event: 10.666 loading class org/gradle/internal/classloader/CachingClassLoader$Spec
Event: 10.666 loading class org/gradle/internal/classloader/CachingClassLoader$Spec done
Event: 10.667 loading class com/google/common/collect/MapMakerInternalMap$StrongKeyWeakValueEntry$Helper
Event: 10.667 loading class com/google/common/collect/MapMakerInternalMap$StrongKeyWeakValueEntry$Helper done
Event: 10.673 loading class com/google/common/collect/MapMakerInternalMap$StrongKeyWeakValueSegment
Event: 10.673 loading class com/google/common/collect/MapMakerInternalMap$StrongKeyWeakValueSegment done
Event: 10.675 loading class org/gradle/model/internal/inspect/ModelRuleSourceDetector$2
Event: 10.675 loading class org/gradle/model/internal/inspect/ModelRuleSourceDetector$2 done
Event: 10.676 loading class org/gradle/model/internal/inspect/ModelRuleSourceDetector$1
Event: 10.676 loading class org/gradle/model/internal/inspect/ModelRuleSourceDetector$1 done


Dynamic libraries:
0x00007ff6f81f0000 - 0x00007ff6f8221000 	C:\Program Files\Android\Android Studio\jre\bin\java.exe
0x00007ffe2aa20000 - 0x00007ffe2abcd000 	C:\Windows\SYSTEM32\ntdll.dll
0x00007ffe2a050000 - 0x00007ffe2a18a000 	C:\Windows\system32\KERNEL32.DLL
0x00007ffe27f10000 - 0x00007ffe28025000 	C:\Windows\system32\KERNELBASE.dll
0x00007ffe287d0000 - 0x00007ffe28875000 	C:\Windows\system32\ADVAPI32.dll
0x00007ffe2a600000 - 0x00007ffe2a771000 	C:\Windows\system32\USER32.dll
0x00007ffe244c0000 - 0x00007ffe2473a000 	C:\Windows\WinSxS\amd64_microsoft.windows.common-controls_6595b64144ccf1df_6.0.9600.17810_none_6240b9c7ecbd0bda\COMCTL32.dll
0x00007ffe29ea0000 - 0x00007ffe29f47000 	C:\Windows\system32\msvcrt.dll
0x00007ffe2a330000 - 0x00007ffe2a389000 	C:\Windows\SYSTEM32\sechost.dll
0x00007ffe282a0000 - 0x00007ffe283d6000 	C:\Windows\system32\RPCRT4.dll
0x00007ffe283e0000 - 0x00007ffe28525000 	C:\Windows\system32\GDI32.dll
0x00007ffe28260000 - 0x00007ffe28294000 	C:\Windows\system32\IMM32.DLL
0x00007ffe288e0000 - 0x00007ffe28a19000 	C:\Windows\system32\MSCTF.dll
0x000000006ece0000 - 0x000000006edb2000 	C:\Program Files\Android\Android Studio\jre\jre\bin\msvcr100.dll
0x000000006edf0000 - 0x000000006f636000 	C:\Program Files\Android\Android Studio\jre\jre\bin\server\jvm.dll
0x00007ffe1fc60000 - 0x00007ffe1fc69000 	C:\Windows\SYSTEM32\WSOCK32.dll
0x00007ffe22610000 - 0x00007ffe2262f000 	C:\Windows\SYSTEM32\WINMM.dll
0x00007ffe22290000 - 0x00007ffe2229a000 	C:\Windows\SYSTEM32\VERSION.dll
0x00007ffe287c0000 - 0x00007ffe287c7000 	C:\Windows\system32\PSAPI.DLL
0x00007ffe28880000 - 0x00007ffe288da000 	C:\Windows\system32\WS2_32.dll
0x00007ffe22570000 - 0x00007ffe2259a000 	C:\Windows\SYSTEM32\WINMMBASE.dll
0x00007ffe2a1a0000 - 0x00007ffe2a1a9000 	C:\Windows\system32\NSI.dll
0x00007ffe28210000 - 0x00007ffe2825a000 	C:\Windows\SYSTEM32\cfgmgr32.dll
0x00007ffe26ba0000 - 0x00007ffe26bc6000 	C:\Windows\SYSTEM32\DEVOBJ.dll
0x00007ffe23db0000 - 0x00007ffe23dbf000 	C:\Program Files\Android\Android Studio\jre\jre\bin\verify.dll
0x00007ffe19c40000 - 0x00007ffe19c69000 	C:\Program Files\Android\Android Studio\jre\jre\bin\java.dll
0x00007ffe1af00000 - 0x00007ffe1af16000 	C:\Program Files\Android\Android Studio\jre\jre\bin\zip.dll
0x00007ffe28a80000 - 0x00007ffe29e97000 	C:\Windows\system32\SHELL32.dll
0x00007ffe2a780000 - 0x00007ffe2a991000 	C:\Windows\SYSTEM32\combase.dll
0x00007ffe28a20000 - 0x00007ffe28a71000 	C:\Windows\system32\SHLWAPI.dll
0x00007ffe24dc0000 - 0x00007ffe24e5f000 	C:\Windows\SYSTEM32\SHCORE.dll
0x00007ffe27d40000 - 0x00007ffe27d54000 	C:\Windows\SYSTEM32\profapi.dll
0x00007ffe19c20000 - 0x00007ffe19c3a000 	C:\Program Files\Android\Android Studio\jre\jre\bin\net.dll
0x00007ffe21850000 - 0x00007ffe219b0000 	C:\Windows\SYSTEM32\urlmon.dll
0x00007ffe2a1b0000 - 0x00007ffe2a328000 	C:\Windows\system32\ole32.dll
0x00007ffe215a0000 - 0x00007ffe21849000 	C:\Windows\SYSTEM32\iertutil.dll
0x00007ffe21370000 - 0x00007ffe215a0000 	C:\Windows\SYSTEM32\WININET.dll
0x00007ffe27360000 - 0x00007ffe2737e000 	C:\Windows\SYSTEM32\USERENV.dll
0x00007ffe27600000 - 0x00007ffe27659000 	C:\Windows\system32\mswsock.dll
0x00007ffe19c00000 - 0x00007ffe19c13000 	C:\Program Files\Android\Android Studio\jre\jre\bin\nio.dll
0x00007ffe1e340000 - 0x00007ffe1e366000 	C:\Users\Mame Fatou\.gradle\native\30\windows-amd64\native-platform.dll
0x00007ffe22a40000 - 0x00007ffe22a4d000 	C:\Program Files\Android\Android Studio\jre\jre\bin\management.dll
0x00007ffe27660000 - 0x00007ffe2767e000 	C:\Windows\SYSTEM32\CRYPTSP.dll
0x00007ffe27250000 - 0x00007ffe27286000 	C:\Windows\system32\rsaenh.dll
0x00007ffe278a0000 - 0x00007ffe278c6000 	C:\Windows\SYSTEM32\bcrypt.dll
0x00007ffe27c10000 - 0x00007ffe27c73000 	C:\Windows\system32\bcryptprimitives.dll
0x00007ffe27c80000 - 0x00007ffe27c8a000 	C:\Windows\SYSTEM32\CRYPTBASE.dll
0x00007ffe221d0000 - 0x00007ffe221f9000 	C:\Windows\SYSTEM32\IPHLPAPI.DLL
0x00007ffe221b0000 - 0x00007ffe221ba000 	C:\Windows\SYSTEM32\WINNSI.DLL
0x00007ffe219b0000 - 0x00007ffe219c4000 	C:\Windows\SYSTEM32\dhcpcsvc6.DLL
0x00007ffe21df0000 - 0x00007ffe21e09000 	C:\Windows\SYSTEM32\dhcpcsvc.DLL

VM Arguments:
jvm_args: -Xmx1536m -Dfile.encoding=windows-1252 -Duser.country=FR -Duser.language=fr -Duser.variant 
java_command: org.gradle.launcher.daemon.bootstrap.GradleDaemon 5.6.4
java_class_path (initial): C:\Users\Mame Fatou\.gradle\wrapper\dists\gradle-5.6.4-all\ankdp27end7byghfw1q2sw75f\gradle-5.6.4\lib\gradle-launcher-5.6.4.jar
Launcher Type: SUN_STANDARD

Environment Variables:
PATH=C:\Windows\system32;C:\Windows;C:\Windows\System32\Wbem;C:\Windows\System32\WindowsPowerShell\v1.0\;C:\Users\Mame Fatou\AppData\Roaming\Microsoft\Windows\Start Menu\Programs\Python 3.8;C:\Users\Mame Fatou\AppData\Local\Programs\Python\Python38-32\Scripts\;C:\Users\Mame Fatou\AppData\Local\Programs\Python\Python38-32\;C:\Users\Mame Fatou\AppData\Local\GitHubDesktop\bin;C:\Users\Mame Fatou\AppData\Local\Programs\Git\cmd;C:\Users\Mame Fatou\AppData\Local\Programs\Microsoft VS Code\bin
USERNAME=Mame Fatou
OS=Windows_NT
PROCESSOR_IDENTIFIER=Intel64 Family 6 Model 55 Stepping 8, GenuineIntel



---------------  S Y S T E M  ---------------

OS: Windows 8.1 , 64 bit Build 9600 (6.3.9600.17056)

CPU:total 2 (initial active 2) (2 cores per cpu, 1 threads per core) family 6 model 55 stepping 8, cmov, cx8, fxsr, mmx, sse, sse2, sse3, ssse3, sse4.1, sse4.2, popcnt, clmul, erms, 3dnowpref, tsc, tscinvbit

Memory: 4k page, physical 4083568k(777832k free), swap 4607856k(5068k free)

vm_info: OpenJDK 64-Bit Server VM (25.212-b04) for windows-amd64 JRE (1.8.0_212-release-1586-b04), built by "builder" with MS VC++ 10.0 (VS2010)

time: Tue Jun 23 22:55:58 2020
timezone: Paris, Madrid (heure d’été)
elapsed time: 10 seconds (0d 0h 0m 10s)

