#
# There is insufficient memory for the Java Runtime Environment to continue.
# Native memory allocation (malloc) failed to allocate 863856 bytes for Chunk::new
# Possible reasons:
#   The system is out of physical RAM or swap space
#   The process is running with CompressedOops enabled, and the Java Heap may be blocking the growth of the native heap
# Possible solutions:
#   Reduce memory load on the system
#   Increase physical memory or swap space
#   Check if swap backing store is full
#   Decrease Java heap size (-Xmx/-Xms)
#   Decrease number of Java threads
#   Decrease Java thread stack sizes (-Xss)
#   Set larger code cache with -XX:ReservedCodeCacheSize=
#   JVM is running with Unscaled Compressed Oops mode in which the Java heap is
#     placed in the first 4GB address space. The Java Heap base address is the
#     maximum limit for the native heap growth. Please use -XX:HeapBaseMinAddress
#     to set the Java Heap base and to place the Java Heap above 4GB virtual address.
# This output file may be truncated or incomplete.
#
#  Out of Memory Error (allocation.cpp:389), pid=4648, tid=0x000000000000167c
#
# JRE version: OpenJDK Runtime Environment (8.0_212-b04) (build 1.8.0_212-release-1586-b04)
# Java VM: OpenJDK 64-Bit Server VM (25.212-b04 mixed mode windows-amd64 compressed oops)
# Failed to write core dump. Minidumps are not enabled by default on client versions of Windows
#

---------------  T H R E A D  ---------------

Current thread (0x0000000016114800):  JavaThread "C2 CompilerThread0" daemon [_thread_in_native, id=5756, stack(0x0000000017380000,0x0000000017480000)]

Stack: [0x0000000017380000,0x0000000017480000]
[error occurred during error reporting (printing stack bounds), id 0xc0000005]

Native frames: (J=compiled Java code, j=interpreted, Vv=VM code, C=native code)


Current CompileTask:
C2: 105295 10054   !   4       java.io.ObjectOutputStream::writeObject0 (619 bytes)


---------------  P R O C E S S  ---------------

Java Threads: ( => current thread )
  0x000000001f099800 JavaThread "ForkJoinPool.commonPool-worker-1" daemon [_thread_blocked, id=4644, stack(0x000000001b310000,0x000000001b410000)]
  0x00000000185a7800 JavaThread "WorkerExecutor Queue Thread 2" [_thread_blocked, id=4848, stack(0x0000000022bb0000,0x0000000022cb0000)]
  0x00000000185a9800 JavaThread "WorkerExecutor Queue" [_thread_blocked, id=164, stack(0x0000000022ab0000,0x0000000022bb0000)]
  0x00000000185a3000 JavaThread "Cache worker for execution history cache (C:\Users\Mame Fatou\AndroidStudioProjects\venter\.gradle\5.6.4\executionHistory)" [_thread_blocked, id=6072, stack(0x0000000022270000,0x0000000022370000)]
  0x00000000185a6000 JavaThread "Cache worker for file content cache (C:\Users\Mame Fatou\.gradle\caches\5.6.4\fileContent)" [_thread_blocked, id=3208, stack(0x0000000020e50000,0x0000000020f50000)]
  0x00000000185a5000 JavaThread "Memory manager" [_thread_blocked, id=5872, stack(0x0000000020d50000,0x0000000020e50000)]
  0x000000001859e800 JavaThread "pool-1-thread-1" [_thread_in_native, id=5140, stack(0x000000001f650000,0x000000001f750000)]
  0x000000001859d800 JavaThread "Build operations Thread 2" [_thread_blocked, id=3216, stack(0x000000001e110000,0x000000001e210000)]
  0x000000001859f000 JavaThread "Build operations" [_thread_blocked, id=5240, stack(0x000000001e010000,0x000000001e110000)]
  0x000000001859b000 JavaThread "Cache worker for execution history cache (C:\Users\Mame Fatou\.gradle\caches\5.6.4\executionHistory)" [_thread_blocked, id=6020, stack(0x000000001dac0000,0x000000001dbc0000)]
  0x00000000183e0800 JavaThread "Cache worker for file hash cache (C:\Users\Mame Fatou\AndroidStudioProjects\venter\.gradle\5.6.4\fileHashes)" [_thread_blocked, id=5880, stack(0x000000001cfc0000,0x000000001d0c0000)]
  0x00000000183df800 JavaThread "Cache worker for journal cache (C:\Users\Mame Fatou\.gradle\caches\journal-1)" [_thread_blocked, id=5444, stack(0x000000001b910000,0x000000001ba10000)]
  0x00000000183df000 JavaThread "File lock request listener" [_thread_in_native, id=2500, stack(0x000000001b810000,0x000000001b910000)]
  0x00000000183e1000 JavaThread "Cache worker for file hash cache (C:\Users\Mame Fatou\.gradle\caches\5.6.4\fileHashes)" [_thread_blocked, id=5532, stack(0x000000001b710000,0x000000001b810000)]
  0x000000001949c000 JavaThread "Thread-9" [_thread_blocked, id=5308, stack(0x000000001b410000,0x000000001b510000)]
  0x0000000019496800 JavaThread "Asynchronous log dispatcher for DefaultDaemonConnection: socket connection from /127.0.0.1:50840 to /127.0.0.1:50841" [_thread_blocked, id=5728, stack(0x000000001b210000,0x000000001b310000)]
  0x000000001948a800 JavaThread "Daemon worker" [_thread_in_vm, id=3368, stack(0x000000001b110000,0x000000001b210000)]
  0x00000000194a2000 JavaThread "Cancel handler" [_thread_blocked, id=4556, stack(0x000000001b010000,0x000000001b110000)]
  0x0000000019473800 JavaThread "Handler for socket connection from /127.0.0.1:50840 to /127.0.0.1:50841" [_thread_in_native, id=2684, stack(0x000000001ad10000,0x000000001ae10000)]
  0x0000000019402800 JavaThread "Daemon" [_thread_blocked, id=2524, stack(0x000000001ac10000,0x000000001ad10000)]
  0x00000000193f9800 JavaThread "Daemon periodic checks" [_thread_blocked, id=2840, stack(0x000000001ab10000,0x000000001ac10000)]
  0x0000000018f21800 JavaThread "Incoming local TCP Connector on port 50840" [_thread_in_native, id=4400, stack(0x000000001a900000,0x000000001aa00000)]
  0x00000000191bd800 JavaThread "Daemon health stats" [_thread_blocked, id=5684, stack(0x000000001a320000,0x000000001a420000)]
  0x0000000016185800 JavaThread "Service Thread" daemon [_thread_blocked, id=1236, stack(0x0000000017580000,0x0000000017680000)]
  0x000000001611e800 JavaThread "C1 CompilerThread1" daemon [_thread_blocked, id=4740, stack(0x0000000017480000,0x0000000017580000)]
=>0x0000000016114800 JavaThread "C2 CompilerThread0" daemon [_thread_in_native, id=5756, stack(0x0000000017380000,0x0000000017480000)]
  0x0000000016113000 JavaThread "Attach Listener" daemon [_thread_blocked, id=5296, stack(0x0000000017280000,0x0000000017380000)]
  0x0000000016121800 JavaThread "Signal Dispatcher" daemon [_thread_blocked, id=2968, stack(0x0000000017180000,0x0000000017280000)]
  0x00000000029e5800 JavaThread "Finalizer" daemon [_thread_blocked, id=5196, stack(0x0000000016d50000,0x0000000016e50000)]
  0x0000000016107000 JavaThread "Reference Handler" daemon [_thread_blocked, id=4028, stack(0x0000000016c50000,0x0000000016d50000)]
  0x000000000272d800 JavaThread "main" [_thread_blocked, id=2932, stack(0x00000000027f0000,0x00000000028f0000)]

Other Threads:
  0x00000000160e4800 VMThread [stack: 0x0000000016b50000,0x0000000016c50000] [id=4896]
  0x000000001618a000 WatcherThread [stack: 0x0000000017680000,0x0000000017780000] [id=4552]

VM state:not at safepoint (normal execution)

VM Mutex/Monitor currently owned by a thread: None

OutOfMemory and StackOverflow Exception counts:
OutOfMemoryError java_heap_errors=2

heap address: 0x00000000a0000000, size: 1536 MB, Compressed Oops mode: 32-bit
Narrow klass base: 0x0000000000000000, Narrow klass shift: 3
Compressed class space size: 1073741824 Address: 0x0000000100000000

Heap:
 PSYoungGen      total 293376K, used 174677K [0x00000000e0000000, 0x00000000f9a80000, 0x0000000100000000)
  eden space 274432K, 56% used [0x00000000e0000000,0x00000000e981d110,0x00000000f0c00000)
  from space 18944K, 99% used [0x00000000f0c00000,0x00000000f1e784b0,0x00000000f1e80000)
  to   space 24064K, 0% used [0x00000000f8300000,0x00000000f8300000,0x00000000f9a80000)
 ParOldGen       total 75264K, used 43111K [0x00000000a0000000, 0x00000000a4980000, 0x00000000e0000000)
  object space 75264K, 57% used [0x00000000a0000000,0x00000000a2a19f60,0x00000000a4980000)
 Metaspace       used 68386K, capacity 70840K, committed 70912K, reserved 1110016K
  class space    used 9172K, capacity 9712K, committed 9728K, reserved 1048576K

Card table byte_map: [0x0000000011db0000,0x00000000120c0000] byte_map_base: 0x00000000118b0000

Marking Bits: (ParMarkBitMap*) 0x000000005ac59f30
 Begin Bits: [0x00000000124c0000, 0x0000000013cc0000)
 End Bits:   [0x0000000013cc0000, 0x00000000154c0000)

Polling page: 0x0000000002670000

CodeCache: size=245760Kb used=26641Kb max_used=26901Kb free=219118Kb
 bounds [0x00000000029f0000, 0x0000000004450000, 0x00000000119f0000]
 total_blobs=9392 nmethods=8549 adapters=755
 compilation: enabled

Compilation events (10 events):
Event: 104.976 Thread 0x000000001611e800 10060       3       java.util.AbstractQueue::clear (11 bytes)
Event: 104.977 Thread 0x000000001611e800 nmethod 10060 0x0000000002f4c4d0 code [0x0000000002f4c640, 0x0000000002f4c908]
Event: 104.977 Thread 0x000000001611e800 10061  s!   3       org.gradle.internal.service.DefaultServiceRegistry$ManagedObjectServiceProvider::stop (59 bytes)
Event: 104.979 Thread 0x000000001611e800 nmethod 10061 0x0000000002bf4310 code [0x0000000002bf4540, 0x0000000002bf51b8]
Event: 104.979 Thread 0x000000001611e800 10062       3       java.util.concurrent.ConcurrentLinkedQueue$Itr::advance (123 bytes)
Event: 104.980 Thread 0x000000001611e800 nmethod 10062 0x0000000002b46010 code [0x0000000002b461c0, 0x0000000002b468e8]
Event: 104.980 Thread 0x000000001611e800 10063       3       java.util.concurrent.ConcurrentLinkedQueue$Itr::hasNext (13 bytes)
Event: 104.981 Thread 0x000000001611e800 nmethod 10063 0x0000000003f95bd0 code [0x0000000003f95d20, 0x0000000003f95ed0]
Event: 105.177 Thread 0x000000001611e800 10064       1       org.gradle.cache.internal.DefaultFileLockManager$DefaultFileLock::access$300 (5 bytes)
Event: 105.177 Thread 0x000000001611e800 nmethod 10064 0x000000000401fa90 code [0x000000000401fbe0, 0x000000000401fcd0]

GC Heap History (10 events):
Event: 27.164 GC heap before
{Heap before GC invocations=12 (full 2):
 PSYoungGen      total 204288K, used 11285K [0x00000000e0000000, 0x00000000ed680000, 0x0000000100000000)
  eden space 192000K, 0% used [0x00000000e0000000,0x00000000e0000000,0x00000000ebb80000)
  from space 12288K, 91% used [0x00000000eca80000,0x00000000ed585708,0x00000000ed680000)
  to   space 13824K, 0% used [0x00000000ebb80000,0x00000000ebb80000,0x00000000ec900000)
 ParOldGen       total 31744K, used 12242K [0x00000000a0000000, 0x00000000a1f00000, 0x00000000e0000000)
  object space 31744K, 38% used [0x00000000a0000000,0x00000000a0bf4940,0x00000000a1f00000)
 Metaspace       used 34675K, capacity 35432K, committed 35496K, reserved 1079296K
  class space    used 4746K, capacity 4961K, committed 4992K, reserved 1048576K
Event: 27.484 GC heap after
Heap after GC invocations=12 (full 2):
 PSYoungGen      total 204288K, used 0K [0x00000000e0000000, 0x00000000ed680000, 0x0000000100000000)
  eden space 192000K, 0% used [0x00000000e0000000,0x00000000e0000000,0x00000000ebb80000)
  from space 12288K, 0% used [0x00000000eca80000,0x00000000eca80000,0x00000000ed680000)
  to   space 13824K, 0% used [0x00000000ebb80000,0x00000000ebb80000,0x00000000ec900000)
 ParOldGen       total 45056K, used 18094K [0x00000000a0000000, 0x00000000a2c00000, 0x00000000e0000000)
  object space 45056K, 40% used [0x00000000a0000000,0x00000000a11ab810,0x00000000a2c00000)
 Metaspace       used 34675K, capacity 35432K, committed 35496K, reserved 1079296K
  class space    used 4746K, capacity 4961K, committed 4992K, reserved 1048576K
}
Event: 36.389 GC heap before
{Heap before GC invocations=13 (full 2):
 PSYoungGen      total 204288K, used 192000K [0x00000000e0000000, 0x00000000ed680000, 0x0000000100000000)
  eden space 192000K, 100% used [0x00000000e0000000,0x00000000ebb80000,0x00000000ebb80000)
  from space 12288K, 0% used [0x00000000eca80000,0x00000000eca80000,0x00000000ed680000)
  to   space 13824K, 0% used [0x00000000ebb80000,0x00000000ebb80000,0x00000000ec900000)
 ParOldGen       total 45056K, used 18094K [0x00000000a0000000, 0x00000000a2c00000, 0x00000000e0000000)
  object space 45056K, 40% used [0x00000000a0000000,0x00000000a11ab810,0x00000000a2c00000)
 Metaspace       used 51424K, capacity 52942K, committed 52992K, reserved 1095680K
  class space    used 6992K, capacity 7379K, committed 7424K, reserved 1048576K
Event: 36.449 GC heap after
Heap after GC invocations=13 (full 2):
 PSYoungGen      total 205824K, used 13819K [0x00000000e0000000, 0x00000000f3700000, 0x0000000100000000)
  eden space 192000K, 0% used [0x00000000e0000000,0x00000000e0000000,0x00000000ebb80000)
  from space 13824K, 99% used [0x00000000ebb80000,0x00000000ec8fef88,0x00000000ec900000)
  to   space 19456K, 0% used [0x00000000f2400000,0x00000000f2400000,0x00000000f3700000)
 ParOldGen       total 45056K, used 27570K [0x00000000a0000000, 0x00000000a2c00000, 0x00000000e0000000)
  object space 45056K, 61% used [0x00000000a0000000,0x00000000a1aec8a0,0x00000000a2c00000)
 Metaspace       used 51424K, capacity 52942K, committed 52992K, reserved 1095680K
  class space    used 6992K, capacity 7379K, committed 7424K, reserved 1048576K
}
Event: 46.352 GC heap before
{Heap before GC invocations=14 (full 2):
 PSYoungGen      total 205824K, used 109584K [0x00000000e0000000, 0x00000000f3700000, 0x0000000100000000)
  eden space 192000K, 49% used [0x00000000e0000000,0x00000000e5d851f0,0x00000000ebb80000)
  from space 13824K, 99% used [0x00000000ebb80000,0x00000000ec8fef88,0x00000000ec900000)
  to   space 19456K, 0% used [0x00000000f2400000,0x00000000f2400000,0x00000000f3700000)
 ParOldGen       total 45056K, used 27570K [0x00000000a0000000, 0x00000000a2c00000, 0x00000000e0000000)
  object space 45056K, 61% used [0x00000000a0000000,0x00000000a1aec8a0,0x00000000a2c00000)
 Metaspace       used 57259K, capacity 59080K, committed 59136K, reserved 1099776K
  class space    used 7740K, capacity 8192K, committed 8192K, reserved 1048576K
Event: 46.455 GC heap after
Heap after GC invocations=14 (full 2):
 PSYoungGen      total 287744K, used 9831K [0x00000000e0000000, 0x00000000f3100000, 0x0000000100000000)
  eden space 274432K, 0% used [0x00000000e0000000,0x00000000e0000000,0x00000000f0c00000)
  from space 13312K, 73% used [0x00000000f2400000,0x00000000f2d99d98,0x00000000f3100000)
  to   space 18944K, 0% used [0x00000000f0c00000,0x00000000f0c00000,0x00000000f1e80000)
 ParOldGen       total 45056K, used 39859K [0x00000000a0000000, 0x00000000a2c00000, 0x00000000e0000000)
  object space 45056K, 88% used [0x00000000a0000000,0x00000000a26ecfc0,0x00000000a2c00000)
 Metaspace       used 57259K, capacity 59080K, committed 59136K, reserved 1099776K
  class space    used 7740K, capacity 8192K, committed 8192K, reserved 1048576K
}
Event: 46.455 GC heap before
{Heap before GC invocations=15 (full 3):
 PSYoungGen      total 287744K, used 9831K [0x00000000e0000000, 0x00000000f3100000, 0x0000000100000000)
  eden space 274432K, 0% used [0x00000000e0000000,0x00000000e0000000,0x00000000f0c00000)
  from space 13312K, 73% used [0x00000000f2400000,0x00000000f2d99d98,0x00000000f3100000)
  to   space 18944K, 0% used [0x00000000f0c00000,0x00000000f0c00000,0x00000000f1e80000)
 ParOldGen       total 45056K, used 39859K [0x00000000a0000000, 0x00000000a2c00000, 0x00000000e0000000)
  object space 45056K, 88% used [0x00000000a0000000,0x00000000a26ecfc0,0x00000000a2c00000)
 Metaspace       used 57259K, capacity 59080K, committed 59136K, reserved 1099776K
  class space    used 7740K, capacity 8192K, committed 8192K, reserved 1048576K
Event: 47.098 GC heap after
Heap after GC invocations=15 (full 3):
 PSYoungGen      total 287744K, used 0K [0x00000000e0000000, 0x00000000f3100000, 0x0000000100000000)
  eden space 274432K, 0% used [0x00000000e0000000,0x00000000e0000000,0x00000000f0c00000)
  from space 13312K, 0% used [0x00000000f2400000,0x00000000f2400000,0x00000000f3100000)
  to   space 18944K, 0% used [0x00000000f0c00000,0x00000000f0c00000,0x00000000f1e80000)
 ParOldGen       total 75264K, used 37260K [0x00000000a0000000, 0x00000000a4980000, 0x00000000e0000000)
  object space 75264K, 49% used [0x00000000a0000000,0x00000000a2463130,0x00000000a4980000)
 Metaspace       used 57259K, capacity 59080K, committed 59136K, reserved 1099776K
  class space    used 7740K, capacity 8192K, committed 8192K, reserved 1048576K
}
Event: 73.233 GC heap before
{Heap before GC invocations=16 (full 3):
 PSYoungGen      total 287744K, used 274432K [0x00000000e0000000, 0x00000000f3100000, 0x0000000100000000)
  eden space 274432K, 100% used [0x00000000e0000000,0x00000000f0c00000,0x00000000f0c00000)
  from space 13312K, 0% used [0x00000000f2400000,0x00000000f2400000,0x00000000f3100000)
  to   space 18944K, 0% used [0x00000000f0c00000,0x00000000f0c00000,0x00000000f1e80000)
 ParOldGen       total 75264K, used 37260K [0x00000000a0000000, 0x00000000a4980000, 0x00000000e0000000)
  object space 75264K, 49% used [0x00000000a0000000,0x00000000a2463130,0x00000000a4980000)
 Metaspace       used 63491K, capacity 65762K, committed 65920K, reserved 1105920K
  class space    used 8583K, capacity 9075K, committed 9088K, reserved 1048576K
Event: 73.319 GC heap after
Heap after GC invocations=16 (full 3):
 PSYoungGen      total 293376K, used 18913K [0x00000000e0000000, 0x00000000f9a80000, 0x0000000100000000)
  eden space 274432K, 0% used [0x00000000e0000000,0x00000000e0000000,0x00000000f0c00000)
  from space 18944K, 99% used [0x00000000f0c00000,0x00000000f1e784b0,0x00000000f1e80000)
  to   space 24064K, 0% used [0x00000000f8300000,0x00000000f8300000,0x00000000f9a80000)
 ParOldGen       total 75264K, used 43111K [0x00000000a0000000, 0x00000000a4980000, 0x00000000e0000000)
  object space 75264K, 57% used [0x00000000a0000000,0x00000000a2a19f60,0x00000000a4980000)
 Metaspace       used 63491K, capacity 65762K, committed 65920K, reserved 1105920K
  class space    used 8583K, capacity 9075K, committed 9088K, reserved 1048576K
}

Deoptimization events (10 events):
Event: 104.778 Thread 0x000000001948a800 Uncommon trap: reason=class_check action=maybe_recompile pc=0x0000000002be9560 method=java.lang.String.equals(Ljava/lang/Object;)Z @ 8
Event: 104.778 Thread 0x000000001948a800 Uncommon trap: reason=class_check action=maybe_recompile pc=0x0000000002be9560 method=java.lang.String.equals(Ljava/lang/Object;)Z @ 8
Event: 104.778 Thread 0x000000001948a800 Uncommon trap: reason=class_check action=maybe_recompile pc=0x0000000002be9560 method=java.lang.String.equals(Ljava/lang/Object;)Z @ 8
Event: 104.818 Thread 0x000000001948a800 Uncommon trap: reason=unstable_if action=reinterpret pc=0x0000000002f9d5ec method=org.gradle.internal.io.StreamByteBuffer.prepareRead()I @ 30
Event: 104.869 Thread 0x000000001948a800 Uncommon trap: reason=bimorphic action=maybe_recompile pc=0x0000000003e3f524 method=com.google.common.cache.LocalCache$Segment.get(Ljava/lang/Object;I)Ljava/lang/Object; @ 44
Event: 104.882 Thread 0x000000001948a800 Uncommon trap: reason=bimorphic action=maybe_recompile pc=0x0000000003e3f524 method=com.google.common.cache.LocalCache$Segment.get(Ljava/lang/Object;I)Ljava/lang/Object; @ 44
Event: 104.982 Thread 0x00000000185a8000 Uncommon trap: reason=class_check action=maybe_recompile pc=0x0000000003ad0234 method=java.util.concurrent.locks.ReentrantLock.lock()V @ 4
Event: 105.010 Thread 0x00000000185a0800 Uncommon trap: reason=class_check action=maybe_recompile pc=0x0000000003ad0234 method=java.util.concurrent.locks.ReentrantLock.lock()V @ 4
Event: 105.169 Thread 0x00000000185a3000 Uncommon trap: reason=class_check action=maybe_recompile pc=0x0000000003ad0234 method=java.util.concurrent.locks.ReentrantLock.lock()V @ 4
Event: 105.170 Thread 0x00000000183e2800 Uncommon trap: reason=class_check action=maybe_recompile pc=0x0000000003ad0234 method=java.util.concurrent.locks.ReentrantLock.lock()V @ 4

Classes redefined (0 events):
No events

Internal exceptions (10 events):
Event: 80.630 Thread 0x00000000185a9800 Exception <a 'java/lang/NoSuchMethodError': java.lang.Object.lambda$negate$1(Ljava/lang/Object;)Z> (0x00000000e59ad6e0) thrown at [D:\src\AOSP-openjdk-cygwin\jdk8u\hotspot\src\share\vm\interpreter\linkResolver.cpp, line 620]
Event: 103.442 Thread 0x00000000185a9800 Exception <a 'sun/nio/fs/WindowsException'> (0x00000000e79b0df0) thrown at [D:\src\AOSP-openjdk-cygwin\jdk8u\hotspot\src\share\vm\prims\jni.cpp, line 710]
Event: 103.443 Thread 0x00000000185a9800 Exception <a 'sun/nio/fs/WindowsException'> (0x00000000e79b1298) thrown at [D:\src\AOSP-openjdk-cygwin\jdk8u\hotspot\src\share\vm\prims\jni.cpp, line 710]
Event: 104.008 Thread 0x00000000185a9800 Exception <a 'java/lang/OutOfMemoryError'> (0x00000000e8ceafc8) thrown at [D:\src\AOSP-openjdk-cygwin\jdk8u\hotspot\src\share\vm\prims\jni.cpp, line 736]
Event: 104.035 Thread 0x000000001948a800 Exception <a 'java/lang/reflect/InvocationTargetException'> (0x00000000e5304d88) thrown at [D:\src\AOSP-openjdk-cygwin\jdk8u\hotspot\src\share\vm\runtime\reflection.cpp, line 1092]
Event: 104.382 Thread 0x00000000185a3000 Exception <a 'java/lang/OutOfMemoryError'> (0x00000000e2409ec8) thrown at [D:\src\AOSP-openjdk-cygwin\jdk8u\hotspot\src\share\vm\prims\jni.cpp, line 736]
Event: 104.471 Thread 0x000000001949c000 Exception <a 'java/lang/NoSuchMethodError': <clinit>> (0x00000000e018da28) thrown at [D:\src\AOSP-openjdk-cygwin\jdk8u\hotspot\src\share\vm\prims\jni.cpp, line 1614]
Event: 104.486 Thread 0x000000001949c000 Exception <a 'java/lang/NoSuchMethodError': <clinit>> (0x00000000e01b9dd0) thrown at [D:\src\AOSP-openjdk-cygwin\jdk8u\hotspot\src\share\vm\prims\jni.cpp, line 1614]
Event: 104.629 Thread 0x000000001948a800 Exception <a 'sun/nio/fs/WindowsException'> (0x00000000e9074158) thrown at [D:\src\AOSP-openjdk-cygwin\jdk8u\hotspot\src\share\vm\prims\jni.cpp, line 710]
Event: 104.741 Thread 0x000000001948a800 Implicit null exception at 0x0000000002f9c12c to 0x0000000002f9c175

Events (10 events):
Event: 105.169 Thread 0x00000000185a3000 DEOPT UNPACKING pc=0x0000000002a3557b sp=0x000000002236efb8 mode 2
Event: 105.170 Thread 0x00000000183e2800 Uncommon trap: trap_request=0xffffffde fr.pc=0x0000000003ad0234
Event: 105.170 Thread 0x00000000183e2800 DEOPT PACKING pc=0x0000000003ad0234 sp=0x000000001cedf3e0
Event: 105.170 Thread 0x00000000183e2800 DEOPT UNPACKING pc=0x0000000002a3557b sp=0x000000001cedf398 mode 2
Event: 105.170 Executing VM operation: RevokeBias
Event: 105.171 Executing VM operation: RevokeBias done
Event: 105.171 Thread 0x00000000183e2800 Thread exited: 0x00000000183e2800
Event: 105.191 Executing VM operation: RevokeBias
Event: 105.191 Executing VM operation: RevokeBias done
Event: 105.191 Thread 0x000000001859c800 Thread exited: 0x000000001859c800


Dynamic libraries:
0x00007ff628590000 - 0x00007ff6285c1000 	C:\Program Files\Android\Android Studio\jre\bin\java.exe
0x00007fffb1eb0000 - 0x00007fffb205d000 	C:\Windows\SYSTEM32\ntdll.dll
0x00007fffafff0000 - 0x00007fffb012a000 	C:\Windows\system32\KERNEL32.DLL
0x00007fffaf5d0000 - 0x00007fffaf6e5000 	C:\Windows\system32\KERNELBASE.dll
0x00007fffafe70000 - 0x00007fffaff15000 	C:\Windows\system32\ADVAPI32.dll
0x00007fffaf6f0000 - 0x00007fffaf861000 	C:\Windows\system32\USER32.dll
0x00007fffad620000 - 0x00007fffad89a000 	C:\Windows\WinSxS\amd64_microsoft.windows.common-controls_6595b64144ccf1df_6.0.9600.17810_none_6240b9c7ecbd0bda\COMCTL32.dll
0x00007fffb01e0000 - 0x00007fffb0287000 	C:\Windows\system32\msvcrt.dll
0x00007fffafb80000 - 0x00007fffafbd9000 	C:\Windows\SYSTEM32\sechost.dll
0x00007fffaf870000 - 0x00007fffaf9a6000 	C:\Windows\system32\RPCRT4.dll
0x00007fffaf9b0000 - 0x00007fffafaf5000 	C:\Windows\system32\GDI32.dll
0x00007fffb0290000 - 0x00007fffb02c4000 	C:\Windows\system32\IMM32.DLL
0x00007fffb07b0000 - 0x00007fffb08e9000 	C:\Windows\system32\MSCTF.dll
0x000000005b6c0000 - 0x000000005b792000 	C:\Program Files\Android\Android Studio\jre\jre\bin\msvcr100.dll
0x000000005a490000 - 0x000000005acd6000 	C:\Program Files\Android\Android Studio\jre\jre\bin\server\jvm.dll
0x00007fffa70f0000 - 0x00007fffa70f9000 	C:\Windows\SYSTEM32\WSOCK32.dll
0x00007fffaa690000 - 0x00007fffaa6af000 	C:\Windows\SYSTEM32\WINMM.dll
0x00007fffa9790000 - 0x00007fffa979a000 	C:\Windows\SYSTEM32\VERSION.dll
0x00007fffaffe0000 - 0x00007fffaffe7000 	C:\Windows\system32\PSAPI.DLL
0x00007fffb0570000 - 0x00007fffb05ca000 	C:\Windows\system32\WS2_32.dll
0x00007fffaa4d0000 - 0x00007fffaa4fa000 	C:\Windows\SYSTEM32\WINMMBASE.dll
0x00007fffafbe0000 - 0x00007fffafbe9000 	C:\Windows\system32\NSI.dll
0x00007fffaf4d0000 - 0x00007fffaf51a000 	C:\Windows\SYSTEM32\cfgmgr32.dll
0x00007fffae020000 - 0x00007fffae046000 	C:\Windows\SYSTEM32\DEVOBJ.dll
0x00007fffacce0000 - 0x00007fffaccef000 	C:\Program Files\Android\Android Studio\jre\jre\bin\verify.dll
0x00007fffa3760000 - 0x00007fffa3789000 	C:\Program Files\Android\Android Studio\jre\jre\bin\java.dll
0x00007fffa55b0000 - 0x00007fffa55c6000 	C:\Program Files\Android\Android Studio\jre\jre\bin\zip.dll
0x00007fffb08f0000 - 0x00007fffb1d07000 	C:\Windows\system32\SHELL32.dll
0x00007fffafc50000 - 0x00007fffafe61000 	C:\Windows\SYSTEM32\combase.dll
0x00007fffafbf0000 - 0x00007fffafc41000 	C:\Windows\system32\SHLWAPI.dll
0x00007fffadaf0000 - 0x00007fffadb8f000 	C:\Windows\SYSTEM32\SHCORE.dll
0x00007fffaf1d0000 - 0x00007fffaf1e4000 	C:\Windows\SYSTEM32\profapi.dll
0x00007fffa48f0000 - 0x00007fffa490a000 	C:\Program Files\Android\Android Studio\jre\jre\bin\net.dll
0x00007fffa9620000 - 0x00007fffa9780000 	C:\Windows\SYSTEM32\urlmon.dll
0x00007fffb1d10000 - 0x00007fffb1e88000 	C:\Windows\system32\ole32.dll
0x00007fffa9370000 - 0x00007fffa9619000 	C:\Windows\SYSTEM32\iertutil.dll
0x00007fffa9140000 - 0x00007fffa9370000 	C:\Windows\SYSTEM32\WININET.dll
0x00007fffae7b0000 - 0x00007fffae7ce000 	C:\Windows\SYSTEM32\USERENV.dll
0x00007fffaea00000 - 0x00007fffaea59000 	C:\Windows\system32\mswsock.dll
0x00007fffa4430000 - 0x00007fffa4443000 	C:\Program Files\Android\Android Studio\jre\jre\bin\nio.dll
0x00007fffa5520000 - 0x00007fffa5546000 	C:\Users\Mame Fatou\.gradle\native\30\windows-amd64\native-platform.dll
0x00007fffa79c0000 - 0x00007fffa79cd000 	C:\Program Files\Android\Android Studio\jre\jre\bin\management.dll
0x00007fffaea60000 - 0x00007fffaea7e000 	C:\Windows\SYSTEM32\CRYPTSP.dll
0x00007fffae6a0000 - 0x00007fffae6d6000 	C:\Windows\system32\rsaenh.dll
0x00007fffaed80000 - 0x00007fffaeda6000 	C:\Windows\SYSTEM32\bcrypt.dll
0x00007fffaf0a0000 - 0x00007fffaf103000 	C:\Windows\system32\bcryptprimitives.dll
0x00007fffaf110000 - 0x00007fffaf11a000 	C:\Windows\SYSTEM32\CRYPTBASE.dll
0x00007fffa9ff0000 - 0x00007fffaa019000 	C:\Windows\SYSTEM32\IPHLPAPI.DLL
0x00007fffa9fd0000 - 0x00007fffa9fda000 	C:\Windows\SYSTEM32\WINNSI.DLL
0x00007fffa9b20000 - 0x00007fffa9b34000 	C:\Windows\SYSTEM32\dhcpcsvc6.DLL
0x00007fffa9dd0000 - 0x00007fffa9de9000 	C:\Windows\SYSTEM32\dhcpcsvc.DLL
0x00007fffa3b90000 - 0x00007fffa3bb4000 	C:\Program Files\Android\Android Studio\jre\jre\bin\sunec.dll
0x00007fffae810000 - 0x00007fffae8b3000 	C:\Windows\SYSTEM32\DNSAPI.dll
0x000000005d390000 - 0x000000005d3b6000 	C:\Program Files\Bonjour\mdnsNSP.dll
0x00007fffa5b80000 - 0x00007fffa5b89000 	C:\Windows\System32\rasadhlp.dll
0x00007fffa9d10000 - 0x00007fffa9d7b000 	C:\Windows\System32\fwpuclnt.dll
0x00007fffa7f90000 - 0x00007fffa7f9b000 	C:\Program Files\Android\Android Studio\jre\jre\bin\sunmscapi.dll
0x00007fffaf2f0000 - 0x00007fffaf4c7000 	C:\Windows\system32\CRYPT32.dll
0x00007fffaf280000 - 0x00007fffaf292000 	C:\Windows\system32\MSASN1.dll

VM Arguments:
jvm_args: -Xmx1536m -Dfile.encoding=windows-1252 -Duser.country=FR -Duser.language=fr -Duser.variant 
java_command: org.gradle.launcher.daemon.bootstrap.GradleDaemon 5.6.4
java_class_path (initial): C:\Users\Mame Fatou\.gradle\wrapper\dists\gradle-5.6.4-all\ankdp27end7byghfw1q2sw75f\gradle-5.6.4\lib\gradle-launcher-5.6.4.jar
Launcher Type: SUN_STANDARD

Environment Variables:
PATH=C:\Windows\system32;C:\Windows;C:\Windows\System32\Wbem;C:\Windows\System32\WindowsPowerShell\v1.0\;C:\Users\Mame Fatou\AppData\Roaming\Microsoft\Windows\Start Menu\Programs\Python 3.8;C:\Users\Mame Fatou\AppData\Local\Programs\Python\Python38-32\Scripts\;C:\Users\Mame Fatou\AppData\Local\Programs\Python\Python38-32\;C:\Users\Mame Fatou\AppData\Local\GitHubDesktop\bin;C:\Users\Mame Fatou\AppData\Local\Programs\Git\cmd;C:\Users\Mame Fatou\AppData\Local\Programs\Microsoft VS Code\bin
USERNAME=Mame Fatou
OS=Windows_NT
PROCESSOR_IDENTIFIER=Intel64 Family 6 Model 55 Stepping 8, GenuineIntel



---------------  S Y S T E M  ---------------

OS: Windows 8.1 , 64 bit Build 9600 (6.3.9600.17056)

CPU:total 2 (initial active 2) (2 cores per cpu, 1 threads per core) family 6 model 55 stepping 8, cmov, cx8, fxsr, mmx, sse, sse2, sse3, ssse3, sse4.1, sse4.2, popcnt, clmul, erms, 3dnowpref, tsc, tscinvbit

Memory: 4k page, physical 4083568k(764220k free), swap 4607856k(5588k free)

vm_info: OpenJDK 64-Bit Server VM (25.212-b04) for windows-amd64 JRE (1.8.0_212-release-1586-b04), built by "builder" with MS VC++ 10.0 (VS2010)

time: Wed Jul 01 16:20:36 2020
timezone: Paris, Madrid (heure d’été)
elapsed time: 105 seconds (0d 0h 1m 45s)

