#
# There is insufficient memory for the Java Runtime Environment to continue.
# Native memory allocation (malloc) failed to allocate 2185616 bytes for Chunk::new
# Possible reasons:
#   The system is out of physical RAM or swap space
#   The process is running with CompressedOops enabled, and the Java Heap may be blocking the growth of the native heap
# Possible solutions:
#   Reduce memory load on the system
#   Increase physical memory or swap space
#   Check if swap backing store is full
#   Decrease Java heap size (-Xmx/-Xms)
#   Decrease number of Java threads
#   Decrease Java thread stack sizes (-Xss)
#   Set larger code cache with -XX:ReservedCodeCacheSize=
#   JVM is running with Unscaled Compressed Oops mode in which the Java heap is
#     placed in the first 4GB address space. The Java Heap base address is the
#     maximum limit for the native heap growth. Please use -XX:HeapBaseMinAddress
#     to set the Java Heap base and to place the Java Heap above 4GB virtual address.
# This output file may be truncated or incomplete.
#
#  Out of Memory Error (allocation.cpp:389), pid=3700, tid=0x00000000000005f4
#
# JRE version: OpenJDK Runtime Environment (8.0_212-b04) (build 1.8.0_212-release-1586-b04)
# Java VM: OpenJDK 64-Bit Server VM (25.212-b04 mixed mode windows-amd64 compressed oops)
# Failed to write core dump. Minidumps are not enabled by default on client versions of Windows
#

---------------  T H R E A D  ---------------

Current thread (0x00000000154d4800):  JavaThread "C2 CompilerThread0" daemon [_thread_in_native, id=1524, stack(0x0000000016750000,0x0000000016850000)]

Stack: [0x0000000016750000,0x0000000016850000]
[error occurred during error reporting (printing stack bounds), id 0xc0000005]

Native frames: (J=compiled Java code, j=interpreted, Vv=VM code, C=native code)


Current CompileTask:
C2:1591634 14078 %     4       org.objectweb.asm.ClassReader::readCode @ 1541 (5089 bytes)


---------------  P R O C E S S  ---------------

Java Threads: ( => current thread )
  0x0000000017031800 JavaThread "Cache worker for Build Output Cleanup Cache (C:\Users\Mame Fatou\AndroidStudioProjects\venter\.gradle\buildOutputCleanup)" [_thread_blocked, id=5988, stack(0x0000000022530000,0x0000000022630000)]
  0x0000000017030800 JavaThread "pool-4-thread-1" [_thread_blocked, id=1472, stack(0x0000000021830000,0x0000000021930000)]
  0x000000001702d000 JavaThread "Build operations Thread 2" [_thread_blocked, id=6012, stack(0x000000001f020000,0x000000001f120000)]
  0x000000001702d800 JavaThread "Build operations" [_thread_in_native, id=5408, stack(0x000000001ed20000,0x000000001ee20000)]
  0x000000001702f000 JavaThread "Cache worker for cache directory md-rule (C:\Users\Mame Fatou\.gradle\caches\5.6.4\md-rule)" [_thread_blocked, id=6008, stack(0x000000001e480000,0x000000001e580000)]
  0x000000001702e800 JavaThread "Cache worker for cache directory md-supplier (C:\Users\Mame Fatou\.gradle\caches\5.6.4\md-supplier)" [_thread_blocked, id=5856, stack(0x000000001e380000,0x000000001e480000)]
  0x000000001702c000 JavaThread "Cache worker for file hash cache (C:\Users\Mame Fatou\AndroidStudioProjects\venter\.gradle\5.6.4\fileHashes)" [_thread_blocked, id=5636, stack(0x000000001e280000,0x000000001e380000)]
  0x0000000017028800 JavaThread "Thread-40" [_thread_blocked, id=5840, stack(0x000000001bfb0000,0x000000001c0b0000)]
  0x000000001702b800 JavaThread "Stdin handler" [_thread_blocked, id=5832, stack(0x0000000019810000,0x0000000019910000)]
  0x000000001702a800 JavaThread "Asynchronous log dispatcher for DefaultDaemonConnection: socket connection from /127.0.0.1:49413 to /127.0.0.1:49745" [_thread_blocked, id=2948, stack(0x0000000019610000,0x0000000019710000)]
  0x0000000017024800 JavaThread "Daemon worker Thread 3" [_thread_blocked, id=2220, stack(0x0000000019510000,0x0000000019610000)]
  0x0000000017027800 JavaThread "Cancel handler" [_thread_blocked, id=3504, stack(0x0000000019410000,0x0000000019510000)]
  0x0000000017025800 JavaThread "Handler for socket connection from /127.0.0.1:49413 to /127.0.0.1:49745" [_thread_in_native, id=5436, stack(0x0000000019110000,0x0000000019210000)]
  0x0000000017023000 JavaThread "Daemon Thread 3" [_thread_blocked, id=4728, stack(0x0000000019010000,0x0000000019110000)]
  0x0000000017029000 JavaThread "Memory manager" [_thread_blocked, id=3500, stack(0x0000000019710000,0x0000000019810000)]
  0x0000000017022800 JavaThread "Cache worker for execution history cache (C:\Users\Mame Fatou\.gradle\caches\5.6.4\executionHistory)" [_thread_blocked, id=2212, stack(0x000000001cbb0000,0x000000001ccb0000)]
  0x00000000182a1000 JavaThread "Cache worker for journal cache (C:\Users\Mame Fatou\.gradle\caches\journal-1)" [_thread_blocked, id=1732, stack(0x0000000019d10000,0x0000000019e10000)]
  0x000000001829f800 JavaThread "File lock request listener" [_thread_in_native, id=3288, stack(0x0000000019c10000,0x0000000019d10000)]
  0x00000000182a2000 JavaThread "Cache worker for file hash cache (C:\Users\Mame Fatou\.gradle\caches\5.6.4\fileHashes)" [_thread_blocked, id=3344, stack(0x0000000019b10000,0x0000000019c10000)]
  0x0000000018146000 JavaThread "Daemon periodic checks" [_thread_blocked, id=4368, stack(0x0000000018f10000,0x0000000019010000)]
  0x000000001814b000 JavaThread "Incoming local TCP Connector on port 49413" [_thread_in_native, id=3712, stack(0x0000000018d00000,0x0000000018e00000)]
  0x000000001807d000 JavaThread "Daemon health stats" [_thread_blocked, id=1596, stack(0x0000000018720000,0x0000000018820000)]
  0x0000000015536800 JavaThread "Service Thread" daemon [_thread_blocked, id=2272, stack(0x0000000016950000,0x0000000016a50000)]
  0x0000000015532000 JavaThread "C1 CompilerThread1" daemon [_thread_blocked, id=4308, stack(0x0000000016850000,0x0000000016950000)]
=>0x00000000154d4800 JavaThread "C2 CompilerThread0" daemon [_thread_in_native, id=1524, stack(0x0000000016750000,0x0000000016850000)]
  0x00000000154d3000 JavaThread "Attach Listener" daemon [_thread_blocked, id=4488, stack(0x0000000016650000,0x0000000016750000)]
  0x00000000154e1800 JavaThread "Signal Dispatcher" daemon [_thread_blocked, id=3884, stack(0x0000000016550000,0x0000000016650000)]
  0x0000000001da5000 JavaThread "Finalizer" daemon [_thread_blocked, id=1604, stack(0x0000000016120000,0x0000000016220000)]
  0x00000000154c7000 JavaThread "Reference Handler" daemon [_thread_blocked, id=5080, stack(0x0000000016020000,0x0000000016120000)]
  0x00000000002fd800 JavaThread "main" [_thread_blocked, id=4744, stack(0x0000000001b60000,0x0000000001c60000)]

Other Threads:
  0x00000000154a4800 VMThread [stack: 0x0000000015f20000,0x0000000016020000] [id=3768]
  0x0000000015539800 WatcherThread [stack: 0x0000000016a50000,0x0000000016b50000] [id=4100]

VM state:not at safepoint (normal execution)

VM Mutex/Monitor currently owned by a thread: None

heap address: 0x00000000a0000000, size: 1536 MB, Compressed Oops mode: 32-bit
Narrow klass base: 0x0000000000000000, Narrow klass shift: 3
Compressed class space size: 1073741824 Address: 0x0000000100000000

Heap:
 PSYoungGen      total 290304K, used 36790K [0x00000000e0000000, 0x00000000f3700000, 0x0000000100000000)
  eden space 271360K, 11% used [0x00000000e0000000,0x00000000e1f91500,0x00000000f0900000)
  from space 18944K, 23% used [0x00000000f2480000,0x00000000f28dc530,0x00000000f3700000)
  to   space 23552K, 0% used [0x00000000f0900000,0x00000000f0900000,0x00000000f2000000)
 ParOldGen       total 104448K, used 70348K [0x00000000a0000000, 0x00000000a6600000, 0x00000000e0000000)
  object space 104448K, 67% used [0x00000000a0000000,0x00000000a44b32e0,0x00000000a6600000)
 Metaspace       used 96583K, capacity 100702K, committed 100864K, reserved 1136640K
  class space    used 12582K, capacity 13447K, committed 13568K, reserved 1048576K

Card table byte_map: [0x0000000011170000,0x0000000011480000] byte_map_base: 0x0000000010c70000

Marking Bits: (ParMarkBitMap*) 0x0000000055d79f30
 Begin Bits: [0x0000000011880000, 0x0000000013080000)
 End Bits:   [0x0000000013080000, 0x0000000014880000)

Polling page: 0x00000000002b0000

CodeCache: size=245760Kb used=43438Kb max_used=43438Kb free=202321Kb
 bounds [0x0000000001db0000, 0x0000000004850000, 0x0000000010db0000]
 total_blobs=12982 nmethods=12118 adapters=777
 compilation: enabled

Compilation events (10 events):
Event: 1590.506 Thread 0x0000000015532000 14158   !   2       java.util.zip.Deflater::needsInput (27 bytes)
Event: 1590.506 Thread 0x0000000015532000 nmethod 14158 0x000000000484cb90 code [0x000000000484cce0, 0x000000000484cfd0]
Event: 1590.522 Thread 0x0000000015532000 14159       2       org.objectweb.asm.SymbolTable::addTypeInternal (85 bytes)
Event: 1590.523 Thread 0x0000000015532000 nmethod 14159 0x000000000484d090 code [0x000000000484d220, 0x000000000484d658]
Event: 1590.910 Thread 0x0000000015532000 14160       2       java.util.Vector::ensureCapacityHelper (16 bytes)
Event: 1590.911 Thread 0x0000000015532000 nmethod 14160 0x000000000484d850 code [0x000000000484d9c0, 0x000000000484db48]
Event: 1590.911 Thread 0x0000000015532000 14161       2       sun.util.calendar.BaseCalendar$Date::<init> (32 bytes)
Event: 1590.912 Thread 0x0000000015532000 nmethod 14161 0x000000000484dc10 code [0x000000000484dd60, 0x000000000484def0]
Event: 1590.912 Thread 0x0000000015532000 14162       2       sun.util.calendar.CalendarDate::<init> (16 bytes)
Event: 1590.912 Thread 0x0000000015532000 nmethod 14162 0x000000000484df90 code [0x000000000484e0e0, 0x000000000484e250]

GC Heap History (10 events):
Event: 1533.797 GC heap before
{Heap before GC invocations=26 (full 3):
 PSYoungGen      total 207872K, used 202448K [0x00000000e0000000, 0x00000000ee000000, 0x0000000100000000)
  eden space 191488K, 100% used [0x00000000e0000000,0x00000000ebb00000,0x00000000ebb00000)
  from space 16384K, 66% used [0x00000000ed000000,0x00000000edab41f8,0x00000000ee000000)
  to   space 18944K, 0% used [0x00000000ebb00000,0x00000000ebb00000,0x00000000ecd80000)
 ParOldGen       total 62464K, used 38463K [0x00000000a0000000, 0x00000000a3d00000, 0x00000000e0000000)
  object space 62464K, 61% used [0x00000000a0000000,0x00000000a258fc68,0x00000000a3d00000)
 Metaspace       used 78908K, capacity 82182K, committed 82432K, reserved 1120256K
  class space    used 10230K, capacity 10925K, committed 11008K, reserved 1048576K
Event: 1533.869 GC heap after
Heap after GC invocations=26 (full 3):
 PSYoungGen      total 210432K, used 9334K [0x00000000e0000000, 0x00000000f0e80000, 0x0000000100000000)
  eden space 191488K, 0% used [0x00000000e0000000,0x00000000e0000000,0x00000000ebb00000)
  from space 18944K, 49% used [0x00000000ebb00000,0x00000000ec41d890,0x00000000ecd80000)
  to   space 18432K, 0% used [0x00000000efc80000,0x00000000efc80000,0x00000000f0e80000)
 ParOldGen       total 62464K, used 45176K [0x00000000a0000000, 0x00000000a3d00000, 0x00000000e0000000)
  object space 62464K, 72% used [0x00000000a0000000,0x00000000a2c1e360,0x00000000a3d00000)
 Metaspace       used 78908K, capacity 82182K, committed 82432K, reserved 1120256K
  class space    used 10230K, capacity 10925K, committed 11008K, reserved 1048576K
}
Event: 1547.886 GC heap before
{Heap before GC invocations=27 (full 3):
 PSYoungGen      total 210432K, used 200822K [0x00000000e0000000, 0x00000000f0e80000, 0x0000000100000000)
  eden space 191488K, 100% used [0x00000000e0000000,0x00000000ebb00000,0x00000000ebb00000)
  from space 18944K, 49% used [0x00000000ebb00000,0x00000000ec41d890,0x00000000ecd80000)
  to   space 18432K, 0% used [0x00000000efc80000,0x00000000efc80000,0x00000000f0e80000)
 ParOldGen       total 62464K, used 45176K [0x00000000a0000000, 0x00000000a3d00000, 0x00000000e0000000)
  object space 62464K, 72% used [0x00000000a0000000,0x00000000a2c1e360,0x00000000a3d00000)
 Metaspace       used 90127K, capacity 94284K, committed 94464K, reserved 1130496K
  class space    used 11811K, capacity 12686K, committed 12800K, reserved 1048576K
Event: 1547.978 GC heap after
Heap after GC invocations=27 (full 3):
 PSYoungGen      total 252416K, used 18409K [0x00000000e0000000, 0x00000000f1680000, 0x0000000100000000)
  eden space 233984K, 0% used [0x00000000e0000000,0x00000000e0000000,0x00000000ee480000)
  from space 18432K, 99% used [0x00000000efc80000,0x00000000f0e7a708,0x00000000f0e80000)
  to   space 24576K, 0% used [0x00000000ee480000,0x00000000ee480000,0x00000000efc80000)
 ParOldGen       total 62464K, used 52912K [0x00000000a0000000, 0x00000000a3d00000, 0x00000000e0000000)
  object space 62464K, 84% used [0x00000000a0000000,0x00000000a33ac0d0,0x00000000a3d00000)
 Metaspace       used 90127K, capacity 94284K, committed 94464K, reserved 1130496K
  class space    used 11811K, capacity 12686K, committed 12800K, reserved 1048576K
}
Event: 1547.978 GC heap before
{Heap before GC invocations=28 (full 4):
 PSYoungGen      total 252416K, used 18409K [0x00000000e0000000, 0x00000000f1680000, 0x0000000100000000)
  eden space 233984K, 0% used [0x00000000e0000000,0x00000000e0000000,0x00000000ee480000)
  from space 18432K, 99% used [0x00000000efc80000,0x00000000f0e7a708,0x00000000f0e80000)
  to   space 24576K, 0% used [0x00000000ee480000,0x00000000ee480000,0x00000000efc80000)
 ParOldGen       total 62464K, used 52912K [0x00000000a0000000, 0x00000000a3d00000, 0x00000000e0000000)
  object space 62464K, 84% used [0x00000000a0000000,0x00000000a33ac0d0,0x00000000a3d00000)
 Metaspace       used 90127K, capacity 94284K, committed 94464K, reserved 1130496K
  class space    used 11811K, capacity 12686K, committed 12800K, reserved 1048576K
Event: 1548.964 GC heap after
Heap after GC invocations=28 (full 4):
 PSYoungGen      total 252416K, used 445K [0x00000000e0000000, 0x00000000f1680000, 0x0000000100000000)
  eden space 233984K, 0% used [0x00000000e0000000,0x00000000e0000000,0x00000000ee480000)
  from space 18432K, 2% used [0x00000000efc80000,0x00000000efcef5c8,0x00000000f0e80000)
  to   space 24576K, 0% used [0x00000000ee480000,0x00000000ee480000,0x00000000efc80000)
 ParOldGen       total 104448K, used 62400K [0x00000000a0000000, 0x00000000a6600000, 0x00000000e0000000)
  object space 104448K, 59% used [0x00000000a0000000,0x00000000a3cf0038,0x00000000a6600000)
 Metaspace       used 89860K, capacity 93756K, committed 94464K, reserved 1130496K
  class space    used 11741K, capacity 12566K, committed 12800K, reserved 1048576K
}
Event: 1569.200 GC heap before
{Heap before GC invocations=29 (full 4):
 PSYoungGen      total 252416K, used 234429K [0x00000000e0000000, 0x00000000f1680000, 0x0000000100000000)
  eden space 233984K, 100% used [0x00000000e0000000,0x00000000ee480000,0x00000000ee480000)
  from space 18432K, 2% used [0x00000000efc80000,0x00000000efcef5c8,0x00000000f0e80000)
  to   space 24576K, 0% used [0x00000000ee480000,0x00000000ee480000,0x00000000efc80000)
 ParOldGen       total 104448K, used 62400K [0x00000000a0000000, 0x00000000a6600000, 0x00000000e0000000)
  object space 104448K, 59% used [0x00000000a0000000,0x00000000a3cf0038,0x00000000a6600000)
 Metaspace       used 95435K, capacity 99590K, committed 99712K, reserved 1136640K
  class space    used 12492K, capacity 13353K, committed 13440K, reserved 1048576K
Event: 1569.284 GC heap after
Heap after GC invocations=29 (full 4):
 PSYoungGen      total 258560K, used 12182K [0x00000000e0000000, 0x00000000f3c00000, 0x0000000100000000)
  eden space 233984K, 0% used [0x00000000e0000000,0x00000000e0000000,0x00000000ee480000)
  from space 24576K, 49% used [0x00000000ee480000,0x00000000ef065a50,0x00000000efc80000)
  to   space 24064K, 0% used [0x00000000f2480000,0x00000000f2480000,0x00000000f3c00000)
 ParOldGen       total 104448K, used 62870K [0x00000000a0000000, 0x00000000a6600000, 0x00000000e0000000)
  object space 104448K, 60% used [0x00000000a0000000,0x00000000a3d65a38,0x00000000a6600000)
 Metaspace       used 95435K, capacity 99590K, committed 99712K, reserved 1136640K
  class space    used 12492K, capacity 13353K, committed 13440K, reserved 1048576K
}
Event: 1587.761 GC heap before
{Heap before GC invocations=30 (full 4):
 PSYoungGen      total 258560K, used 246166K [0x00000000e0000000, 0x00000000f3c00000, 0x0000000100000000)
  eden space 233984K, 100% used [0x00000000e0000000,0x00000000ee480000,0x00000000ee480000)
  from space 24576K, 49% used [0x00000000ee480000,0x00000000ef065a50,0x00000000efc80000)
  to   space 24064K, 0% used [0x00000000f2480000,0x00000000f2480000,0x00000000f3c00000)
 ParOldGen       total 104448K, used 62870K [0x00000000a0000000, 0x00000000a6600000, 0x00000000e0000000)
  object space 104448K, 60% used [0x00000000a0000000,0x00000000a3d65a38,0x00000000a6600000)
 Metaspace       used 96259K, capacity 100490K, committed 100864K, reserved 1136640K
  class space    used 12560K, capacity 13445K, committed 13568K, reserved 1048576K
Event: 1587.842 GC heap after
Heap after GC invocations=30 (full 4):
 PSYoungGen      total 290304K, used 4465K [0x00000000e0000000, 0x00000000f3700000, 0x0000000100000000)
  eden space 271360K, 0% used [0x00000000e0000000,0x00000000e0000000,0x00000000f0900000)
  from space 18944K, 23% used [0x00000000f2480000,0x00000000f28dc530,0x00000000f3700000)
  to   space 23552K, 0% used [0x00000000f0900000,0x00000000f0900000,0x00000000f2000000)
 ParOldGen       total 104448K, used 70348K [0x00000000a0000000, 0x00000000a6600000, 0x00000000e0000000)
  object space 104448K, 67% used [0x00000000a0000000,0x00000000a44b32e0,0x00000000a6600000)
 Metaspace       used 96259K, capacity 100490K, committed 100864K, reserved 1136640K
  class space    used 12560K, capacity 13445K, committed 13568K, reserved 1048576K
}

Deoptimization events (10 events):
Event: 1589.816 Thread 0x000000001702d800 Uncommon trap: reason=unstable_if action=reinterpret pc=0x0000000004531f34 method=org.objectweb.asm.MethodWriter.visitMaxs(II)V @ 5
Event: 1589.818 Thread 0x000000001702d800 Uncommon trap: reason=class_check action=maybe_recompile pc=0x00000000047b0190 method=org.objectweb.asm.ClassReader.readMethod(Lorg/objectweb/asm/ClassVisitor;Lorg/objectweb/asm/Context;I)I @ 515
Event: 1589.818 Thread 0x000000001702d800 Uncommon trap: reason=class_check action=maybe_recompile pc=0x00000000045ed4e0 method=org.objectweb.asm.Label.accept(Lorg/objectweb/asm/MethodVisitor;Z)V @ 2
Event: 1589.818 Thread 0x000000001702d800 Uncommon trap: reason=class_check action=maybe_recompile pc=0x00000000047b0190 method=org.objectweb.asm.ClassReader.readMethod(Lorg/objectweb/asm/ClassVisitor;Lorg/objectweb/asm/Context;I)I @ 515
Event: 1589.818 Thread 0x000000001702d800 Uncommon trap: reason=class_check action=maybe_recompile pc=0x00000000045ed4e0 method=org.objectweb.asm.Label.accept(Lorg/objectweb/asm/MethodVisitor;Z)V @ 2
Event: 1589.819 Thread 0x000000001702d800 Uncommon trap: reason=class_check action=maybe_recompile pc=0x00000000047b0190 method=org.objectweb.asm.ClassReader.readMethod(Lorg/objectweb/asm/ClassVisitor;Lorg/objectweb/asm/Context;I)I @ 515
Event: 1589.819 Thread 0x000000001702d800 Uncommon trap: reason=class_check action=maybe_recompile pc=0x00000000045ed4e0 method=org.objectweb.asm.Label.accept(Lorg/objectweb/asm/MethodVisitor;Z)V @ 2
Event: 1589.819 Thread 0x000000001702d800 Uncommon trap: reason=class_check action=maybe_recompile pc=0x000000000452dd98 method=org.objectweb.asm.Label.accept(Lorg/objectweb/asm/MethodVisitor;Z)V @ 2
Event: 1589.831 Thread 0x000000001702d800 Uncommon trap: reason=unstable_if action=reinterpret pc=0x000000000412ad00 method=java.lang.ref.SoftReference.get()Ljava/lang/Object; @ 6
Event: 1589.833 Thread 0x000000001702d800 Uncommon trap: reason=unstable_if action=reinterpret pc=0x0000000004495988 method=org.objectweb.asm.Type.getDescriptor()Ljava/lang/String; @ 6

Classes redefined (0 events):
No events

Internal exceptions (10 events):
Event: 1577.515 Thread 0x000000001702d800 Exception <a 'sun/nio/fs/WindowsException'> (0x00000000e84d4be0) thrown at [D:\src\AOSP-openjdk-cygwin\jdk8u\hotspot\src\share\vm\prims\jni.cpp, line 710]
Event: 1578.335 Thread 0x0000000017024800 Exception <a 'sun/nio/fs/WindowsException'> (0x00000000ea4d8fb8) thrown at [D:\src\AOSP-openjdk-cygwin\jdk8u\hotspot\src\share\vm\prims\jni.cpp, line 710]
Event: 1583.224 Thread 0x0000000017024800 Exception <a 'sun/nio/fs/WindowsException'> (0x00000000ebe92640) thrown at [D:\src\AOSP-openjdk-cygwin\jdk8u\hotspot\src\share\vm\prims\jni.cpp, line 710]
Event: 1583.755 Thread 0x000000001702d000 Exception <a 'java/net/SocketTimeoutException': Read timed out> (0x00000000ec227618) thrown at [D:\src\AOSP-openjdk-cygwin\jdk8u\hotspot\src\share\vm\prims\jni.cpp, line 736]
Event: 1583.872 Thread 0x000000001702d000 Exception <a 'sun/nio/fs/WindowsException'> (0x00000000ec30d208) thrown at [D:\src\AOSP-openjdk-cygwin\jdk8u\hotspot\src\share\vm\prims\jni.cpp, line 710]
Event: 1585.307 Thread 0x0000000017024800 Implicit null exception at 0x00000000046edffc to 0x00000000046ef8f9
Event: 1585.381 Thread 0x000000001702d000 Implicit null exception at 0x0000000003ef5c22 to 0x0000000003ef60e1
Event: 1587.055 Thread 0x000000001702d000 Exception <a 'sun/nio/fs/WindowsException'> (0x00000000ede25440) thrown at [D:\src\AOSP-openjdk-cygwin\jdk8u\hotspot\src\share\vm\prims\jni.cpp, line 710]
Event: 1587.733 Thread 0x0000000017024800 Exception <a 'sun/nio/fs/WindowsException'> (0x00000000ee37a830) thrown at [D:\src\AOSP-openjdk-cygwin\jdk8u\hotspot\src\share\vm\prims\jni.cpp, line 710]
Event: 1589.831 Thread 0x000000001702d800 Implicit null exception at 0x000000000412a2d7 to 0x000000000412acdd

Events (10 events):
Event: 1589.831 Thread 0x000000001702d800 DEOPT UNPACKING pc=0x0000000001df557b sp=0x000000001ee1c0a0 mode 2
Event: 1589.833 Thread 0x000000001702d800 Uncommon trap: trap_request=0xffffff65 fr.pc=0x0000000004495988
Event: 1589.833 Thread 0x000000001702d800 DEOPT PACKING pc=0x0000000004495988 sp=0x000000001ee1c0f0
Event: 1589.833 Thread 0x000000001702d800 DEOPT UNPACKING pc=0x0000000001df557b sp=0x000000001ee1c0f0 mode 2
Event: 1590.227 loading class org/objectweb/asm/Edge
Event: 1590.227 loading class org/objectweb/asm/Edge done
Event: 1590.231 Executing VM operation: RevokeBias
Event: 1590.232 Executing VM operation: RevokeBias done
Event: 1590.232 Executing VM operation: RevokeBias
Event: 1590.233 Executing VM operation: RevokeBias done


Dynamic libraries:
0x00007ff7dea90000 - 0x00007ff7deac1000 	C:\Program Files\Android\Android Studio\jre\bin\java.exe
0x00007ffb419b0000 - 0x00007ffb41b5d000 	C:\Windows\SYSTEM32\ntdll.dll
0x00007ffb411d0000 - 0x00007ffb4130a000 	C:\Windows\system32\KERNEL32.DLL
0x00007ffb3edf0000 - 0x00007ffb3ef05000 	C:\Windows\system32\KERNELBASE.dll
0x00007ffb40f70000 - 0x00007ffb41015000 	C:\Windows\system32\ADVAPI32.dll
0x00007ffb3f3b0000 - 0x00007ffb3f521000 	C:\Windows\system32\USER32.dll
0x00007ffb3b450000 - 0x00007ffb3b6ca000 	C:\Windows\WinSxS\amd64_microsoft.windows.common-controls_6595b64144ccf1df_6.0.9600.17810_none_6240b9c7ecbd0bda\COMCTL32.dll
0x00007ffb41670000 - 0x00007ffb41717000 	C:\Windows\system32\msvcrt.dll
0x00007ffb41020000 - 0x00007ffb41079000 	C:\Windows\SYSTEM32\sechost.dll
0x00007ffb40c60000 - 0x00007ffb40d96000 	C:\Windows\system32\RPCRT4.dll
0x00007ffb41520000 - 0x00007ffb41665000 	C:\Windows\system32\GDI32.dll
0x00007ffb3f1f0000 - 0x00007ffb3f224000 	C:\Windows\system32\IMM32.DLL
0x00007ffb40e10000 - 0x00007ffb40f49000 	C:\Windows\system32\MSCTF.dll
0x00000000554a0000 - 0x0000000055572000 	C:\Program Files\Android\Android Studio\jre\jre\bin\msvcr100.dll
0x00000000555b0000 - 0x0000000055df6000 	C:\Program Files\Android\Android Studio\jre\jre\bin\server\jvm.dll
0x00007ffb36bf0000 - 0x00007ffb36bf9000 	C:\Windows\SYSTEM32\WSOCK32.dll
0x00007ffb39530000 - 0x00007ffb3954f000 	C:\Windows\SYSTEM32\WINMM.dll
0x00007ffb39220000 - 0x00007ffb3922a000 	C:\Windows\SYSTEM32\VERSION.dll
0x00007ffb40950000 - 0x00007ffb40957000 	C:\Windows\system32\PSAPI.DLL
0x00007ffb40da0000 - 0x00007ffb40dfa000 	C:\Windows\system32\WS2_32.dll
0x00007ffb39500000 - 0x00007ffb3952a000 	C:\Windows\SYSTEM32\WINMMBASE.dll
0x00007ffb41720000 - 0x00007ffb41729000 	C:\Windows\system32\NSI.dll
0x00007ffb3eda0000 - 0x00007ffb3edea000 	C:\Windows\SYSTEM32\cfgmgr32.dll
0x00007ffb3db10000 - 0x00007ffb3db36000 	C:\Windows\SYSTEM32\DEVOBJ.dll
0x00007ffb35ce0000 - 0x00007ffb35cef000 	C:\Program Files\Android\Android Studio\jre\jre\bin\verify.dll
0x00007ffb285e0000 - 0x00007ffb28609000 	C:\Program Files\Android\Android Studio\jre\jre\bin\java.dll
0x00007ffb28070000 - 0x00007ffb28086000 	C:\Program Files\Android\Android Studio\jre\jre\bin\zip.dll
0x00007ffb3f530000 - 0x00007ffb40947000 	C:\Windows\system32\SHELL32.dll
0x00007ffb41730000 - 0x00007ffb41941000 	C:\Windows\SYSTEM32\combase.dll
0x00007ffb41950000 - 0x00007ffb419a1000 	C:\Windows\system32\SHLWAPI.dll
0x00007ffb3b8a0000 - 0x00007ffb3b93f000 	C:\Windows\SYSTEM32\SHCORE.dll
0x00007ffb3ecd0000 - 0x00007ffb3ece4000 	C:\Windows\SYSTEM32\profapi.dll
0x00007ffb26ea0000 - 0x00007ffb26eba000 	C:\Program Files\Android\Android Studio\jre\jre\bin\net.dll
0x00007ffb387e0000 - 0x00007ffb38940000 	C:\Windows\SYSTEM32\urlmon.dll
0x00007ffb3f230000 - 0x00007ffb3f3a8000 	C:\Windows\system32\ole32.dll
0x00007ffb38530000 - 0x00007ffb387d9000 	C:\Windows\SYSTEM32\iertutil.dll
0x00007ffb38300000 - 0x00007ffb38530000 	C:\Windows\SYSTEM32\WININET.dll
0x00007ffb3e2f0000 - 0x00007ffb3e30e000 	C:\Windows\SYSTEM32\USERENV.dll
0x00007ffb3e590000 - 0x00007ffb3e5e9000 	C:\Windows\system32\mswsock.dll
0x00007ffb26e70000 - 0x00007ffb26e83000 	C:\Program Files\Android\Android Studio\jre\jre\bin\nio.dll
0x00007ffb35db0000 - 0x00007ffb35dd6000 	C:\Users\Mame Fatou\.gradle\native\30\windows-amd64\native-platform.dll
0x00007ffb26e30000 - 0x00007ffb26e3d000 	C:\Program Files\Android\Android Studio\jre\jre\bin\management.dll
0x00007ffb3e5f0000 - 0x00007ffb3e60e000 	C:\Windows\SYSTEM32\CRYPTSP.dll
0x00007ffb3e1e0000 - 0x00007ffb3e216000 	C:\Windows\system32\rsaenh.dll
0x00007ffb3e830000 - 0x00007ffb3e856000 	C:\Windows\SYSTEM32\bcrypt.dll
0x00007ffb3eb60000 - 0x00007ffb3ebc3000 	C:\Windows\system32\bcryptprimitives.dll
0x00007ffb3ebd0000 - 0x00007ffb3ebda000 	C:\Windows\SYSTEM32\CRYPTBASE.dll
0x00007ffb39160000 - 0x00007ffb39189000 	C:\Windows\SYSTEM32\IPHLPAPI.DLL
0x00007ffb39130000 - 0x00007ffb3913a000 	C:\Windows\SYSTEM32\WINNSI.DLL
0x00007ffb38940000 - 0x00007ffb38954000 	C:\Windows\SYSTEM32\dhcpcsvc6.DLL
0x00007ffb38e50000 - 0x00007ffb38e69000 	C:\Windows\SYSTEM32\dhcpcsvc.DLL
0x00007ffb1c940000 - 0x00007ffb1c964000 	C:\Program Files\Android\Android Studio\jre\jre\bin\sunec.dll
0x00007ffb3e3a0000 - 0x00007ffb3e443000 	C:\Windows\SYSTEM32\DNSAPI.dll
0x0000000057850000 - 0x0000000057876000 	C:\Program Files\Bonjour\mdnsNSP.dll
0x00007ffb3b110000 - 0x00007ffb3b119000 	C:\Windows\System32\rasadhlp.dll
0x00007ffb38c70000 - 0x00007ffb38cdb000 	C:\Windows\System32\fwpuclnt.dll
0x00007ffb30030000 - 0x00007ffb3003b000 	C:\Program Files\Android\Android Studio\jre\jre\bin\sunmscapi.dll
0x00007ffb3f010000 - 0x00007ffb3f1e7000 	C:\Windows\system32\CRYPT32.dll
0x00007ffb3ed80000 - 0x00007ffb3ed92000 	C:\Windows\system32\MSASN1.dll
0x00007ffb37a80000 - 0x00007ffb37ab0000 	C:\Windows\SYSTEM32\ntmarta.dll

VM Arguments:
jvm_args: -Xmx1536m -Dfile.encoding=windows-1252 -Duser.country=FR -Duser.language=fr -Duser.variant 
java_command: org.gradle.launcher.daemon.bootstrap.GradleDaemon 5.6.4
java_class_path (initial): C:\Users\Mame Fatou\.gradle\wrapper\dists\gradle-5.6.4-all\ankdp27end7byghfw1q2sw75f\gradle-5.6.4\lib\gradle-launcher-5.6.4.jar
Launcher Type: SUN_STANDARD

Environment Variables:
PATH=C:\Windows\system32;C:\Windows;C:\Windows\System32\Wbem;C:\Windows\System32\WindowsPowerShell\v1.0\;C:\Users\Mame Fatou\AppData\Roaming\Microsoft\Windows\Start Menu\Programs\Python 3.8;C:\Users\Mame Fatou\AppData\Local\Programs\Python\Python38-32\Scripts\;C:\Users\Mame Fatou\AppData\Local\Programs\Python\Python38-32\;C:\Users\Mame Fatou\AppData\Local\GitHubDesktop\bin;C:\Users\Mame Fatou\AppData\Local\Programs\Git\cmd;C:\Users\Mame Fatou\AppData\Local\Programs\Microsoft VS Code\bin
USERNAME=Mame Fatou
OS=Windows_NT
PROCESSOR_IDENTIFIER=Intel64 Family 6 Model 55 Stepping 8, GenuineIntel



---------------  S Y S T E M  ---------------

OS: Windows 8.1 , 64 bit Build 9600 (6.3.9600.17056)

CPU:total 2 (initial active 2) (2 cores per cpu, 1 threads per core) family 6 model 55 stepping 8, cmov, cx8, fxsr, mmx, sse, sse2, sse3, ssse3, sse4.1, sse4.2, popcnt, clmul, erms, 3dnowpref, tsc, tscinvbit

Memory: 4k page, physical 4083568k(611016k free), swap 4607856k(4856k free)

vm_info: OpenJDK 64-Bit Server VM (25.212-b04) for windows-amd64 JRE (1.8.0_212-release-1586-b04), built by "builder" with MS VC++ 10.0 (VS2010)

time: Sun Jun 21 09:17:53 2020
timezone: Paris, Madrid (heure d’été)
elapsed time: 1591 seconds (0d 0h 26m 31s)

