#
# There is insufficient memory for the Java Runtime Environment to continue.
# Native memory allocation (malloc) failed to allocate 865296 bytes for Chunk::new
# Possible reasons:
#   The system is out of physical RAM or swap space
#   The process is running with CompressedOops enabled, and the Java Heap may be blocking the growth of the native heap
# Possible solutions:
#   Reduce memory load on the system
#   Increase physical memory or swap space
#   Check if swap backing store is full
#   Decrease Java heap size (-Xmx/-Xms)
#   Decrease number of Java threads
#   Decrease Java thread stack sizes (-Xss)
#   Set larger code cache with -XX:ReservedCodeCacheSize=
#   JVM is running with Unscaled Compressed Oops mode in which the Java heap is
#     placed in the first 4GB address space. The Java Heap base address is the
#     maximum limit for the native heap growth. Please use -XX:HeapBaseMinAddress
#     to set the Java Heap base and to place the Java Heap above 4GB virtual address.
# This output file may be truncated or incomplete.
#
#  Out of Memory Error (allocation.cpp:389), pid=6188, tid=0x00000000000014a4
#
# JRE version: OpenJDK Runtime Environment (8.0_212-b04) (build 1.8.0_212-release-1586-b04)
# Java VM: OpenJDK 64-Bit Server VM (25.212-b04 mixed mode windows-amd64 compressed oops)
# Failed to write core dump. Minidumps are not enabled by default on client versions of Windows
#

---------------  T H R E A D  ---------------

Current thread (0x0000000015894000):  JavaThread "C2 CompilerThread0" daemon [_thread_in_native, id=5284, stack(0x0000000016b00000,0x0000000016c00000)]

Stack: [0x0000000016b00000,0x0000000016c00000]
[error occurred during error reporting (printing stack bounds), id 0xc0000005]

Native frames: (J=compiled Java code, j=interpreted, Vv=VM code, C=native code)


Current CompileTask:
C2: 556002 18221       4       com.google.common.collect.SparseImmutableTable::<init> (468 bytes)


---------------  P R O C E S S  ---------------

Java Threads: ( => current thread )
  0x000000001b897000 JavaThread "WorkerExecutor Queue Thread 2" [_thread_blocked, id=5240, stack(0x00000000225a0000,0x00000000226a0000)]
  0x000000001b895000 JavaThread "stdout" [_thread_in_native, id=5996, stack(0x00000000224a0000,0x00000000225a0000)]
  0x000000001b893800 JavaThread "stderr" [_thread_in_native, id=4220, stack(0x00000000223a0000,0x00000000224a0000)]
  0x000000001b88f800 JavaThread "pool-8-thread-1" [_thread_blocked, id=6284, stack(0x00000000220a0000,0x00000000221a0000)]
  0x000000001b892800 JavaThread "WorkerExecutor Queue" [_thread_blocked, id=5824, stack(0x0000000021fa0000,0x00000000220a0000)]
  0x000000001b891000 JavaThread "Cache worker for execution history cache (C:\Users\Mame Fatou\AndroidStudioProjects\venter\.gradle\5.6.4\executionHistory)" [_thread_blocked, id=4744, stack(0x0000000021ea0000,0x0000000021fa0000)]
  0x000000001b892000 JavaThread "Execution worker for ':'" [_thread_blocked, id=4944, stack(0x0000000021da0000,0x0000000021ea0000)]
  0x000000001b88f000 JavaThread "Cache worker for file content cache (C:\Users\Mame Fatou\AndroidStudioProjects\venter\.gradle\5.6.4\fileContent)" [_thread_blocked, id=6116, stack(0x00000000216f0000,0x00000000217f0000)]
  0x000000001b890800 JavaThread "Cache worker for Build Output Cleanup Cache (C:\Users\Mame Fatou\AndroidStudioProjects\venter\.gradle\buildOutputCleanup)" [_thread_blocked, id=4568, stack(0x00000000203a0000,0x00000000204a0000)]
  0x000000001b88d800 JavaThread "pool-7-thread-1" [_thread_blocked, id=6204, stack(0x000000001fea0000,0x000000001ffa0000)]
  0x000000001b88c000 JavaThread "Build operations Thread 2" [_thread_blocked, id=6924, stack(0x000000001f1a0000,0x000000001f2a0000)]
  0x000000001b88c800 JavaThread "Build operations" [_thread_blocked, id=2492, stack(0x000000001eea0000,0x000000001efa0000)]
  0x0000000019495800 JavaThread "Cache worker for cache directory md-rule (C:\Users\Mame Fatou\.gradle\caches\5.6.4\md-rule)" [_thread_blocked, id=3440, stack(0x000000001eda0000,0x000000001eea0000)]
  0x0000000019498800 JavaThread "Cache worker for cache directory md-supplier (C:\Users\Mame Fatou\.gradle\caches\5.6.4\md-supplier)" [_thread_blocked, id=5372, stack(0x000000001eca0000,0x000000001eda0000)]
  0x0000000019497000 JavaThread "Cache worker for file hash cache (C:\Users\Mame Fatou\AndroidStudioProjects\venter\.gradle\5.6.4\fileHashes)" [_thread_blocked, id=5236, stack(0x000000001d170000,0x000000001d270000)]
  0x0000000019490800 JavaThread "Thread-79" [_thread_blocked, id=3240, stack(0x000000001ca60000,0x000000001cb60000)]
  0x0000000019493800 JavaThread "Stdin handler" [_thread_blocked, id=5232, stack(0x000000001c360000,0x000000001c460000)]
  0x0000000019492800 JavaThread "Asynchronous log dispatcher for DefaultDaemonConnection: socket connection from /127.0.0.1:52664 to /127.0.0.1:52742" [_thread_blocked, id=6156, stack(0x000000001ab90000,0x000000001ac90000)]
  0x000000001948c800 JavaThread "Daemon worker Thread 4" [_thread_in_Java, id=2316, stack(0x000000001a890000,0x000000001a990000)]
  0x000000001948c000 JavaThread "Cancel handler" [_thread_blocked, id=4776, stack(0x000000001a790000,0x000000001a890000)]
  0x000000001948f000 JavaThread "Handler for socket connection from /127.0.0.1:52664 to /127.0.0.1:52742" [_thread_in_native, id=5776, stack(0x000000001a490000,0x000000001a590000)]
  0x000000001948b000 JavaThread "Daemon Thread 4" [_thread_blocked, id=6768, stack(0x000000001a390000,0x000000001a490000)]
  0x0000000019496800 JavaThread "Cache worker for Java compile cache (C:\Users\Mame Fatou\.gradle\caches\5.6.4\javaCompile)" [_thread_blocked, id=1484, stack(0x0000000029d50000,0x0000000029e50000)]
  0x000000001948d800 JavaThread "Cache worker for file content cache (C:\Users\Mame Fatou\.gradle\caches\5.6.4\fileContent)" [_thread_blocked, id=4500, stack(0x000000001fda0000,0x000000001fea0000)]
  0x000000001948f800 JavaThread "Memory manager" [_thread_blocked, id=4756, stack(0x000000001fca0000,0x000000001fda0000)]
  0x000000001948e000 JavaThread "Cache worker for execution history cache (C:\Users\Mame Fatou\.gradle\caches\5.6.4\executionHistory)" [_thread_blocked, id=4188, stack(0x000000001d370000,0x000000001d470000)]
  0x0000000018be6000 JavaThread "Cache worker for journal cache (C:\Users\Mame Fatou\.gradle\caches\journal-1)" [_thread_blocked, id=5892, stack(0x000000001b090000,0x000000001b190000)]
  0x0000000018be9000 JavaThread "File lock request listener" [_thread_in_native, id=5224, stack(0x000000001af90000,0x000000001b090000)]
  0x0000000018be7800 JavaThread "Cache worker for file hash cache (C:\Users\Mame Fatou\.gradle\caches\5.6.4\fileHashes)" [_thread_blocked, id=2616, stack(0x000000001ae90000,0x000000001af90000)]
  0x00000000158d9800 JavaThread "Daemon periodic checks" [_thread_blocked, id=2012, stack(0x000000001a290000,0x000000001a390000)]
  0x00000000158dd000 JavaThread "Incoming local TCP Connector on port 52664" [_thread_in_native, id=4224, stack(0x000000001a080000,0x000000001a180000)]
  0x0000000018b22000 JavaThread "Daemon health stats" [_thread_blocked, id=5536, stack(0x0000000019aa0000,0x0000000019ba0000)]
  0x0000000015914000 JavaThread "Service Thread" daemon [_thread_blocked, id=6908, stack(0x0000000016d00000,0x0000000016e00000)]
  0x0000000015897000 JavaThread "C1 CompilerThread1" daemon [_thread_blocked, id=6508, stack(0x0000000016c00000,0x0000000016d00000)]
=>0x0000000015894000 JavaThread "C2 CompilerThread0" daemon [_thread_in_native, id=5284, stack(0x0000000016b00000,0x0000000016c00000)]
  0x00000000158a4000 JavaThread "Attach Listener" daemon [_thread_blocked, id=5608, stack(0x0000000016a00000,0x0000000016b00000)]
  0x00000000158a0800 JavaThread "Signal Dispatcher" daemon [_thread_blocked, id=3412, stack(0x0000000016900000,0x0000000016a00000)]
  0x0000000002165800 JavaThread "Finalizer" daemon [_thread_blocked, id=6592, stack(0x00000000164d0000,0x00000000165d0000)]
  0x0000000015887000 JavaThread "Reference Handler" daemon [_thread_blocked, id=2856, stack(0x00000000163d0000,0x00000000164d0000)]
  0x000000000066d800 JavaThread "main" [_thread_blocked, id=4252, stack(0x0000000001f70000,0x0000000002070000)]

Other Threads:
  0x0000000015864800 VMThread [stack: 0x00000000162d0000,0x00000000163d0000] [id=4896]
  0x0000000015917000 WatcherThread [stack: 0x0000000016e00000,0x0000000016f00000] [id=4792]

VM state:not at safepoint (normal execution)

VM Mutex/Monitor currently owned by a thread: None

OutOfMemory and StackOverflow Exception counts:
OutOfMemoryError java_heap_errors=1

heap address: 0x00000000a0000000, size: 1536 MB, Compressed Oops mode: 32-bit
Narrow klass base: 0x0000000000000000, Narrow klass shift: 3
Compressed class space size: 1073741824 Address: 0x0000000100000000

Heap:
 PSYoungGen      total 415744K, used 134107K [0x00000000e0000000, 0x00000000fca80000, 0x0000000100000000)
  eden space 376320K, 26% used [0x00000000e0000000,0x00000000e6258ac8,0x00000000f6f80000)
  from space 39424K, 84% used [0x00000000f9a80000,0x00000000fbb1e218,0x00000000fc100000)
  to   space 44032K, 0% used [0x00000000f6f80000,0x00000000f6f80000,0x00000000f9a80000)
 ParOldGen       total 148480K, used 81640K [0x00000000a0000000, 0x00000000a9100000, 0x00000000e0000000)
  object space 148480K, 54% used [0x00000000a0000000,0x00000000a4fba330,0x00000000a9100000)
 Metaspace       used 92136K, capacity 95920K, committed 96128K, reserved 1132544K
  class space    used 11917K, capacity 12642K, committed 12672K, reserved 1048576K

Card table byte_map: [0x0000000011530000,0x0000000011840000] byte_map_base: 0x0000000011030000

Marking Bits: (ParMarkBitMap*) 0x00000000682c9f30
 Begin Bits: [0x0000000011c40000, 0x0000000013440000)
 End Bits:   [0x0000000013440000, 0x0000000014c40000)

Polling page: 0x0000000000630000

CodeCache: size=245760Kb used=49843Kb max_used=49995Kb free=195916Kb
 bounds [0x0000000002170000, 0x00000000052a0000, 0x0000000011170000]
 total_blobs=15492 nmethods=14588 adapters=816
 compilation: enabled

Compilation events (10 events):
Event: 555.440 Thread 0x0000000015897000 18238       3       com.android.builder.packaging.JarFlinger::addEntry (23 bytes)
Event: 555.440 Thread 0x0000000015897000 nmethod 18238 0x0000000002b411d0 code [0x0000000002b41340, 0x0000000002b41618]
Event: 555.440 Thread 0x0000000015897000 18239   !   3       com.android.zipflinger.BytesSource::<init> (160 bytes)
Event: 555.442 Thread 0x0000000015897000 nmethod 18239 0x000000000306ed90 code [0x000000000306efc0, 0x000000000306fc38]
Event: 555.656 Thread 0x0000000015897000 18241       3       com.android.builder.symbols.BytecodeRClassWriterKt::exportToCompiledJava (218 bytes)
Event: 555.661 Thread 0x0000000015897000 nmethod 18241 0x0000000005271450 code [0x0000000005271800, 0x0000000005273398]
Event: 555.729 Thread 0x0000000015897000 18243       1       org.gradle.internal.work.AbstractConditionalExecution::getResourceLock (5 bytes)
Event: 555.729 Thread 0x0000000015897000 nmethod 18243 0x0000000002979910 code [0x0000000002979a60, 0x0000000002979b70]
Event: 555.734 Thread 0x0000000015897000 18244       3       java.time.Instant::create (49 bytes)
Event: 555.734 Thread 0x0000000015897000 nmethod 18244 0x0000000002637a10 code [0x0000000002637ba0, 0x0000000002637f68]

GC Heap History (10 events):
Event: 374.207 GC heap before
{Heap before GC invocations=18 (full 3):
 PSYoungGen      total 324608K, used 324580K [0x00000000e0000000, 0x00000000f6600000, 0x0000000100000000)
  eden space 302080K, 100% used [0x00000000e0000000,0x00000000f2700000,0x00000000f2700000)
  from space 22528K, 99% used [0x00000000f4700000,0x00000000f5cf91c8,0x00000000f5d00000)
  to   space 32256K, 0% used [0x00000000f2700000,0x00000000f2700000,0x00000000f4680000)
 ParOldGen       total 81920K, used 54860K [0x00000000a0000000, 0x00000000a5000000, 0x00000000e0000000)
  object space 81920K, 66% used [0x00000000a0000000,0x00000000a3593350,0x00000000a5000000)
 Metaspace       used 69352K, capacity 71856K, committed 72064K, reserved 1112064K
  class space    used 9041K, capacity 9590K, committed 9600K, reserved 1048576K
Event: 374.232 GC heap after
Heap after GC invocations=18 (full 3):
 PSYoungGen      total 334336K, used 2976K [0x00000000e0000000, 0x00000000f9a80000, 0x0000000100000000)
  eden space 302080K, 0% used [0x00000000e0000000,0x00000000e0000000,0x00000000f2700000)
  from space 32256K, 9% used [0x00000000f2700000,0x00000000f29e8250,0x00000000f4680000)
  to   space 31744K, 0% used [0x00000000f7b80000,0x00000000f7b80000,0x00000000f9a80000)
 ParOldGen       total 81920K, used 56303K [0x00000000a0000000, 0x00000000a5000000, 0x00000000e0000000)
  object space 81920K, 68% used [0x00000000a0000000,0x00000000a36fbf70,0x00000000a5000000)
 Metaspace       used 69352K, capacity 71856K, committed 72064K, reserved 1112064K
  class space    used 9041K, capacity 9590K, committed 9600K, reserved 1048576K
}
Event: 398.094 GC heap before
{Heap before GC invocations=19 (full 3):
 PSYoungGen      total 334336K, used 305056K [0x00000000e0000000, 0x00000000f9a80000, 0x0000000100000000)
  eden space 302080K, 100% used [0x00000000e0000000,0x00000000f2700000,0x00000000f2700000)
  from space 32256K, 9% used [0x00000000f2700000,0x00000000f29e8250,0x00000000f4680000)
  to   space 31744K, 0% used [0x00000000f7b80000,0x00000000f7b80000,0x00000000f9a80000)
 ParOldGen       total 81920K, used 56303K [0x00000000a0000000, 0x00000000a5000000, 0x00000000e0000000)
  object space 81920K, 68% used [0x00000000a0000000,0x00000000a36fbf70,0x00000000a5000000)
 Metaspace       used 70450K, capacity 72978K, committed 73216K, reserved 1112064K
  class space    used 9154K, capacity 9719K, committed 9728K, reserved 1048576K
Event: 398.171 GC heap after
Heap after GC invocations=19 (full 3):
 PSYoungGen      total 369152K, used 11097K [0x00000000e0000000, 0x00000000f8f00000, 0x0000000100000000)
  eden space 349184K, 0% used [0x00000000e0000000,0x00000000e0000000,0x00000000f5500000)
  from space 19968K, 55% used [0x00000000f7b80000,0x00000000f8656508,0x00000000f8f00000)
  to   space 29696K, 0% used [0x00000000f5500000,0x00000000f5500000,0x00000000f7200000)
 ParOldGen       total 81920K, used 56311K [0x00000000a0000000, 0x00000000a5000000, 0x00000000e0000000)
  object space 81920K, 68% used [0x00000000a0000000,0x00000000a36fdf70,0x00000000a5000000)
 Metaspace       used 70450K, capacity 72978K, committed 73216K, reserved 1112064K
  class space    used 9154K, capacity 9719K, committed 9728K, reserved 1048576K
}
Event: 430.620 GC heap before
{Heap before GC invocations=20 (full 3):
 PSYoungGen      total 369152K, used 360281K [0x00000000e0000000, 0x00000000f8f00000, 0x0000000100000000)
  eden space 349184K, 100% used [0x00000000e0000000,0x00000000f5500000,0x00000000f5500000)
  from space 19968K, 55% used [0x00000000f7b80000,0x00000000f8656508,0x00000000f8f00000)
  to   space 29696K, 0% used [0x00000000f5500000,0x00000000f5500000,0x00000000f7200000)
 ParOldGen       total 81920K, used 56311K [0x00000000a0000000, 0x00000000a5000000, 0x00000000e0000000)
  object space 81920K, 68% used [0x00000000a0000000,0x00000000a36fdf70,0x00000000a5000000)
 Metaspace       used 81136K, capacity 83962K, committed 84224K, reserved 1122304K
  class space    used 10387K, capacity 10963K, committed 11008K, reserved 1048576K
Event: 430.761 GC heap after
Heap after GC invocations=20 (full 3):
 PSYoungGen      total 378880K, used 29665K [0x00000000e0000000, 0x00000000fc100000, 0x0000000100000000)
  eden space 349184K, 0% used [0x00000000e0000000,0x00000000e0000000,0x00000000f5500000)
  from space 29696K, 99% used [0x00000000f5500000,0x00000000f71f8518,0x00000000f7200000)
  to   space 39424K, 0% used [0x00000000f9a80000,0x00000000f9a80000,0x00000000fc100000)
 ParOldGen       total 81920K, used 69259K [0x00000000a0000000, 0x00000000a5000000, 0x00000000e0000000)
  object space 81920K, 84% used [0x00000000a0000000,0x00000000a43a2c18,0x00000000a5000000)
 Metaspace       used 81136K, capacity 83962K, committed 84224K, reserved 1122304K
  class space    used 10387K, capacity 10963K, committed 11008K, reserved 1048576K
}
Event: 430.761 GC heap before
{Heap before GC invocations=21 (full 4):
 PSYoungGen      total 378880K, used 29665K [0x00000000e0000000, 0x00000000fc100000, 0x0000000100000000)
  eden space 349184K, 0% used [0x00000000e0000000,0x00000000e0000000,0x00000000f5500000)
  from space 29696K, 99% used [0x00000000f5500000,0x00000000f71f8518,0x00000000f7200000)
  to   space 39424K, 0% used [0x00000000f9a80000,0x00000000f9a80000,0x00000000fc100000)
 ParOldGen       total 81920K, used 69259K [0x00000000a0000000, 0x00000000a5000000, 0x00000000e0000000)
  object space 81920K, 84% used [0x00000000a0000000,0x00000000a43a2c18,0x00000000a5000000)
 Metaspace       used 81136K, capacity 83962K, committed 84224K, reserved 1122304K
  class space    used 10387K, capacity 10963K, committed 11008K, reserved 1048576K
Event: 431.927 GC heap after
Heap after GC invocations=21 (full 4):
 PSYoungGen      total 378880K, used 1962K [0x00000000e0000000, 0x00000000fc100000, 0x0000000100000000)
  eden space 349184K, 0% used [0x00000000e0000000,0x00000000e0000000,0x00000000f5500000)
  from space 29696K, 6% used [0x00000000f5500000,0x00000000f56ea958,0x00000000f7200000)
  to   space 39424K, 0% used [0x00000000f9a80000,0x00000000f9a80000,0x00000000fc100000)
 ParOldGen       total 148480K, used 81632K [0x00000000a0000000, 0x00000000a9100000, 0x00000000e0000000)
  object space 148480K, 54% used [0x00000000a0000000,0x00000000a4fb8330,0x00000000a9100000)
 Metaspace       used 81122K, capacity 83926K, committed 84224K, reserved 1122304K
  class space    used 10383K, capacity 10955K, committed 11008K, reserved 1048576K
}
Event: 532.053 GC heap before
{Heap before GC invocations=22 (full 4):
 PSYoungGen      total 378880K, used 351146K [0x00000000e0000000, 0x00000000fc100000, 0x0000000100000000)
  eden space 349184K, 100% used [0x00000000e0000000,0x00000000f5500000,0x00000000f5500000)
  from space 29696K, 6% used [0x00000000f5500000,0x00000000f56ea958,0x00000000f7200000)
  to   space 39424K, 0% used [0x00000000f9a80000,0x00000000f9a80000,0x00000000fc100000)
 ParOldGen       total 148480K, used 81632K [0x00000000a0000000, 0x00000000a9100000, 0x00000000e0000000)
  object space 148480K, 54% used [0x00000000a0000000,0x00000000a4fb8330,0x00000000a9100000)
 Metaspace       used 92077K, capacity 95832K, committed 95872K, reserved 1132544K
  class space    used 11914K, capacity 12638K, committed 12672K, reserved 1048576K
Event: 532.199 GC heap after
Heap after GC invocations=22 (full 4):
 PSYoungGen      total 415744K, used 33400K [0x00000000e0000000, 0x00000000fca80000, 0x0000000100000000)
  eden space 376320K, 0% used [0x00000000e0000000,0x00000000e0000000,0x00000000f6f80000)
  from space 39424K, 84% used [0x00000000f9a80000,0x00000000fbb1e218,0x00000000fc100000)
  to   space 44032K, 0% used [0x00000000f6f80000,0x00000000f6f80000,0x00000000f9a80000)
 ParOldGen       total 148480K, used 81640K [0x00000000a0000000, 0x00000000a9100000, 0x00000000e0000000)
  object space 148480K, 54% used [0x00000000a0000000,0x00000000a4fba330,0x00000000a9100000)
 Metaspace       used 92077K, capacity 95832K, committed 95872K, reserved 1132544K
  class space    used 11914K, capacity 12638K, committed 12672K, reserved 1048576K
}

Deoptimization events (10 events):
Event: 531.130 Thread 0x000000001b892000 Uncommon trap: reason=class_check action=maybe_recompile pc=0x0000000004449414 method=com.google.common.collect.StandardTable.getOrCreate(Ljava/lang/Object;)Ljava/util/Map; @ 5
Event: 531.130 Thread 0x000000001b892000 Uncommon trap: reason=class_check action=maybe_recompile pc=0x0000000004449414 method=com.google.common.collect.StandardTable.getOrCreate(Ljava/lang/Object;)Ljava/util/Map; @ 5
Event: 531.131 Thread 0x000000001b892000 Uncommon trap: reason=class_check action=maybe_recompile pc=0x0000000004449414 method=com.google.common.collect.StandardTable.getOrCreate(Ljava/lang/Object;)Ljava/util/Map; @ 5
Event: 531.135 Thread 0x000000001b892000 Uncommon trap: reason=unstable_if action=reinterpret pc=0x000000000416367c method=com.android.ide.common.resources.DataItem.isWritten()Z @ 7
Event: 531.859 Thread 0x000000001b892000 Uncommon trap: reason=unstable_if action=reinterpret pc=0x0000000002dc5878 method=com.google.gson.stream.JsonReader.nextQuotedValue(C)Ljava/lang/String; @ 96
Event: 531.876 Thread 0x000000001b892000 Uncommon trap: reason=unstable_if action=reinterpret pc=0x00000000041c736c method=com.google.common.base.Objects.equal(Ljava/lang/Object;Ljava/lang/Object;)Z @ 14
Event: 531.891 Thread 0x000000001b892000 Uncommon trap: reason=unstable_if action=reinterpret pc=0x0000000003ddb1e8 method=com.sun.org.apache.xerces.internal.dom.ElementNSImpl.getNamespaceURI()Ljava/lang/String; @ 4
Event: 532.023 Thread 0x000000001b892000 Uncommon trap: reason=predicate action=maybe_recompile pc=0x0000000005229ea4 method=com.sun.org.apache.xerces.internal.dom.NamedNodeMapImpl.findNamePoint(Ljava/lang/String;Ljava/lang/String;)I @ 34
Event: 532.264 Thread 0x000000001b892000 Uncommon trap: reason=class_check action=maybe_recompile pc=0x000000000420f6e0 method=java.io.Writer.append(Ljava/lang/CharSequence;)Ljava/io/Writer; @ 20
Event: 533.395 Thread 0x000000001948c800 Uncommon trap: reason=unstable_if action=reinterpret pc=0x0000000003bdfc08 method=org.gradle.internal.snapshot.MerkleDirectorySnapshotBuilder.postVisitDirectory(Z)Z @ 54

Classes redefined (0 events):
No events

Internal exceptions (10 events):
Event: 443.513 Thread 0x000000001948c000 Exception <a 'java/lang/NoSuchMethodError': java.lang.Object.newSystemTemporaryDirectory()Lcom/android/tools/build/apkzlib/bytestorage/TemporaryDirectory;> (0x00000000e904ec30) thrown at [D:\src\AOSP-openjdk-cygwin\jdk8u\hotspot\src\share\vm\interpreter\l
Event: 444.130 Thread 0x000000001948c000 Exception <a 'java/lang/NoSuchMethodError': java.lang.Object.lambda$static$0(Lcom/android/apksig/util/RunnablesProvider;)V> (0x00000000e929da00) thrown at [D:\src\AOSP-openjdk-cygwin\jdk8u\hotspot\src\share\vm\interpreter\linkResolver.cpp, line 620]
Event: 447.723 Thread 0x000000001b88d800 Exception <a 'sun/nio/fs/WindowsException'> (0x00000000ebe9baf0) thrown at [D:\src\AOSP-openjdk-cygwin\jdk8u\hotspot\src\share\vm\prims\jni.cpp, line 710]
Event: 520.347 Thread 0x000000001948c800 Exception <a 'sun/nio/fs/WindowsException'> (0x00000000ed41d708) thrown at [D:\src\AOSP-openjdk-cygwin\jdk8u\hotspot\src\share\vm\prims\jni.cpp, line 710]
Event: 531.029 Thread 0x000000001b892000 Implicit null exception at 0x0000000003949b7c to 0x0000000003949d81
Event: 531.029 Thread 0x000000001b892000 Implicit null exception at 0x000000000394b3b5 to 0x000000000394b439
Event: 555.381 Thread 0x000000001b892800 Exception <a 'sun/nio/fs/WindowsException'> (0x00000000e49f7320) thrown at [D:\src\AOSP-openjdk-cygwin\jdk8u\hotspot\src\share\vm\prims\jni.cpp, line 710]
Event: 555.382 Thread 0x000000001b892800 Exception <a 'sun/nio/fs/WindowsException'> (0x00000000e49f77c8) thrown at [D:\src\AOSP-openjdk-cygwin\jdk8u\hotspot\src\share\vm\prims\jni.cpp, line 710]
Event: 555.721 Thread 0x000000001b892800 Exception <a 'java/lang/OutOfMemoryError'> (0x00000000e6219080) thrown at [D:\src\AOSP-openjdk-cygwin\jdk8u\hotspot\src\share\vm\prims\jni.cpp, line 736]
Event: 555.735 Thread 0x000000001948c800 Exception <a 'java/lang/reflect/InvocationTargetException'> (0x00000000e29924a0) thrown at [D:\src\AOSP-openjdk-cygwin\jdk8u\hotspot\src\share\vm\runtime\reflection.cpp, line 1092]

Events (10 events):
Event: 555.329 Thread 0x000000001b892800 DEOPT PACKING pc=0x000000000448c5eb sp=0x000000002209dce0
Event: 555.329 Thread 0x000000001b892800 DEOPT UNPACKING pc=0x00000000021b71d0 sp=0x000000002209db40 mode 0
Event: 555.346 Thread 0x000000001b892800 DEOPT PACKING pc=0x000000000448c1dc sp=0x000000002209dce0
Event: 555.346 Thread 0x000000001b892800 DEOPT UNPACKING pc=0x00000000021b71d0 sp=0x000000002209db40 mode 0
Event: 555.371 Thread 0x000000001b892800 DEOPT PACKING pc=0x000000000448c5eb sp=0x000000002209dbc0
Event: 555.371 Thread 0x000000001b892800 DEOPT UNPACKING pc=0x00000000021b71d0 sp=0x000000002209da20 mode 0
Event: 555.379 Thread 0x000000001b892800 DEOPT PACKING pc=0x00000000024618f3 sp=0x000000002209ddb0
Event: 555.379 Thread 0x000000001b892800 DEOPT UNPACKING pc=0x00000000021b71d0 sp=0x000000002209d9f8 mode 0
Event: 555.732 loading class com/android/ide/common/workers/WorkerExecutorException$Companion
Event: 555.732 loading class com/android/ide/common/workers/WorkerExecutorException$Companion done


Dynamic libraries:
0x00007ff6fb2a0000 - 0x00007ff6fb2d1000 	C:\Program Files\Android\Android Studio\jre\bin\java.exe
0x00007fffd6ab0000 - 0x00007fffd6c5d000 	C:\Windows\SYSTEM32\ntdll.dll
0x00007fffd42f0000 - 0x00007fffd442a000 	C:\Windows\system32\KERNEL32.DLL
0x00007fffd41d0000 - 0x00007fffd42e5000 	C:\Windows\system32\KERNELBASE.dll
0x00007fffd4d10000 - 0x00007fffd4db5000 	C:\Windows\system32\ADVAPI32.dll
0x00007fffd4b90000 - 0x00007fffd4d01000 	C:\Windows\system32\USER32.dll
0x00007fffd2240000 - 0x00007fffd24ba000 	C:\Windows\WinSxS\amd64_microsoft.windows.common-controls_6595b64144ccf1df_6.0.9600.17810_none_6240b9c7ecbd0bda\COMCTL32.dll
0x00007fffd4dc0000 - 0x00007fffd4e67000 	C:\Windows\system32\msvcrt.dll
0x00007fffd4fb0000 - 0x00007fffd5009000 	C:\Windows\SYSTEM32\sechost.dll
0x00007fffd53c0000 - 0x00007fffd54f6000 	C:\Windows\system32\RPCRT4.dll
0x00007fffd4430000 - 0x00007fffd4575000 	C:\Windows\system32\GDI32.dll
0x00007fffd5020000 - 0x00007fffd5054000 	C:\Windows\system32\IMM32.DLL
0x00007fffd4e70000 - 0x00007fffd4fa9000 	C:\Windows\system32\MSCTF.dll
0x00000000679f0000 - 0x0000000067ac2000 	C:\Program Files\Android\Android Studio\jre\jre\bin\msvcr100.dll
0x0000000067b00000 - 0x0000000068346000 	C:\Program Files\Android\Android Studio\jre\jre\bin\server\jvm.dll
0x00007fffcbcf0000 - 0x00007fffcbcf9000 	C:\Windows\SYSTEM32\WSOCK32.dll
0x00007fffcf2a0000 - 0x00007fffcf2bf000 	C:\Windows\SYSTEM32\WINMM.dll
0x00007fffcd760000 - 0x00007fffcd76a000 	C:\Windows\SYSTEM32\VERSION.dll
0x00007fffd6930000 - 0x00007fffd6937000 	C:\Windows\system32\PSAPI.DLL
0x00007fffd4580000 - 0x00007fffd45da000 	C:\Windows\system32\WS2_32.dll
0x00007fffcf0a0000 - 0x00007fffcf0ca000 	C:\Windows\SYSTEM32\WINMMBASE.dll
0x00007fffd5010000 - 0x00007fffd5019000 	C:\Windows\system32\NSI.dll
0x00007fffd3ea0000 - 0x00007fffd3eea000 	C:\Windows\SYSTEM32\cfgmgr32.dll
0x00007fffd2b20000 - 0x00007fffd2b46000 	C:\Windows\SYSTEM32\DEVOBJ.dll
0x00007fffd1c70000 - 0x00007fffd1c7f000 	C:\Program Files\Android\Android Studio\jre\jre\bin\verify.dll
0x00007fffc0c40000 - 0x00007fffc0c69000 	C:\Program Files\Android\Android Studio\jre\jre\bin\java.dll
0x00007fffbebe0000 - 0x00007fffbebf6000 	C:\Program Files\Android\Android Studio\jre\jre\bin\zip.dll
0x00007fffd5510000 - 0x00007fffd6927000 	C:\Windows\system32\SHELL32.dll
0x00007fffd4640000 - 0x00007fffd4851000 	C:\Windows\SYSTEM32\combase.dll
0x00007fffd48d0000 - 0x00007fffd4921000 	C:\Windows\system32\SHLWAPI.dll
0x00007fffd2720000 - 0x00007fffd27bf000 	C:\Windows\SYSTEM32\SHCORE.dll
0x00007fffd3dd0000 - 0x00007fffd3de4000 	C:\Windows\SYSTEM32\profapi.dll
0x00007fffbebc0000 - 0x00007fffbebda000 	C:\Program Files\Android\Android Studio\jre\jre\bin\net.dll
0x00007fffce250000 - 0x00007fffce3b0000 	C:\Windows\SYSTEM32\urlmon.dll
0x00007fffd5240000 - 0x00007fffd53b8000 	C:\Windows\system32\ole32.dll
0x00007fffcdfa0000 - 0x00007fffce249000 	C:\Windows\SYSTEM32\iertutil.dll
0x00007fffcdd70000 - 0x00007fffcdfa0000 	C:\Windows\SYSTEM32\WININET.dll
0x00007fffd33b0000 - 0x00007fffd33ce000 	C:\Windows\SYSTEM32\USERENV.dll
0x00007fffd3600000 - 0x00007fffd3659000 	C:\Windows\system32\mswsock.dll
0x00007fffbeb30000 - 0x00007fffbeb43000 	C:\Program Files\Android\Android Studio\jre\jre\bin\nio.dll
0x00007fffb47e0000 - 0x00007fffb4806000 	C:\Users\Mame Fatou\.gradle\native\30\windows-amd64\native-platform.dll
0x00007fffd1c40000 - 0x00007fffd1c4d000 	C:\Program Files\Android\Android Studio\jre\jre\bin\management.dll
0x00007fffd3660000 - 0x00007fffd367e000 	C:\Windows\SYSTEM32\CRYPTSP.dll
0x00007fffd32a0000 - 0x00007fffd32d6000 	C:\Windows\system32\rsaenh.dll
0x00007fffd3970000 - 0x00007fffd3996000 	C:\Windows\SYSTEM32\bcrypt.dll
0x00007fffd3ca0000 - 0x00007fffd3d03000 	C:\Windows\system32\bcryptprimitives.dll
0x00007fffd3d10000 - 0x00007fffd3d1a000 	C:\Windows\SYSTEM32\CRYPTBASE.dll
0x00007fffcec00000 - 0x00007fffcec29000 	C:\Windows\SYSTEM32\IPHLPAPI.DLL
0x00007fffceb80000 - 0x00007fffceb8a000 	C:\Windows\SYSTEM32\WINNSI.DLL
0x00007fffce720000 - 0x00007fffce734000 	C:\Windows\SYSTEM32\dhcpcsvc6.DLL
0x00007fffce910000 - 0x00007fffce929000 	C:\Windows\SYSTEM32\dhcpcsvc.DLL
0x00007fffbe870000 - 0x00007fffbe894000 	C:\Program Files\Android\Android Studio\jre\jre\bin\sunec.dll
0x00007fffd3410000 - 0x00007fffd34b3000 	C:\Windows\SYSTEM32\DNSAPI.dll
0x000000006a0d0000 - 0x000000006a0f6000 	C:\Program Files\Bonjour\mdnsNSP.dll
0x00007fffca770000 - 0x00007fffca779000 	C:\Windows\System32\rasadhlp.dll
0x00007fffce930000 - 0x00007fffce99b000 	C:\Windows\System32\fwpuclnt.dll
0x00007fffc2d70000 - 0x00007fffc2d7b000 	C:\Program Files\Android\Android Studio\jre\jre\bin\sunmscapi.dll
0x00007fffd3ff0000 - 0x00007fffd41c7000 	C:\Windows\system32\CRYPT32.dll
0x00007fffd3e80000 - 0x00007fffd3e92000 	C:\Windows\system32\MSASN1.dll

VM Arguments:
jvm_args: -Xmx1536m -Dfile.encoding=windows-1252 -Duser.country=FR -Duser.language=fr -Duser.variant 
java_command: org.gradle.launcher.daemon.bootstrap.GradleDaemon 5.6.4
java_class_path (initial): C:\Users\Mame Fatou\.gradle\wrapper\dists\gradle-5.6.4-all\ankdp27end7byghfw1q2sw75f\gradle-5.6.4\lib\gradle-launcher-5.6.4.jar
Launcher Type: SUN_STANDARD

Environment Variables:
PATH=C:\Windows\system32;C:\Windows;C:\Windows\System32\Wbem;C:\Windows\System32\WindowsPowerShell\v1.0\;C:\Users\Mame Fatou\AppData\Roaming\Microsoft\Windows\Start Menu\Programs\Python 3.8;C:\Users\Mame Fatou\AppData\Local\Programs\Python\Python38-32\Scripts\;C:\Users\Mame Fatou\AppData\Local\Programs\Python\Python38-32\;C:\Users\Mame Fatou\AppData\Local\GitHubDesktop\bin;C:\Users\Mame Fatou\AppData\Local\Programs\Git\cmd;C:\Users\Mame Fatou\AppData\Local\Programs\Microsoft VS Code\bin
USERNAME=Mame Fatou
OS=Windows_NT
PROCESSOR_IDENTIFIER=Intel64 Family 6 Model 55 Stepping 8, GenuineIntel



---------------  S Y S T E M  ---------------

OS: Windows 8.1 , 64 bit Build 9600 (6.3.9600.17056)

CPU:total 2 (initial active 2) (2 cores per cpu, 1 threads per core) family 6 model 55 stepping 8, cmov, cx8, fxsr, mmx, sse, sse2, sse3, ssse3, sse4.1, sse4.2, popcnt, clmul, erms, 3dnowpref, tsc, tscinvbit

Memory: 4k page, physical 4083568k(474300k free), swap 4607856k(5740k free)

vm_info: OpenJDK 64-Bit Server VM (25.212-b04) for windows-amd64 JRE (1.8.0_212-release-1586-b04), built by "builder" with MS VC++ 10.0 (VS2010)

time: Wed Jul 01 00:42:10 2020
timezone: Paris, Madrid (heure d’été)
elapsed time: 555 seconds (0d 0h 9m 15s)

