#
# There is insufficient memory for the Java Runtime Environment to continue.
# Native memory allocation (malloc) failed to allocate 66736 bytes for Chunk::new
# Possible reasons:
#   The system is out of physical RAM or swap space
#   The process is running with CompressedOops enabled, and the Java Heap may be blocking the growth of the native heap
# Possible solutions:
#   Reduce memory load on the system
#   Increase physical memory or swap space
#   Check if swap backing store is full
#   Decrease Java heap size (-Xmx/-Xms)
#   Decrease number of Java threads
#   Decrease Java thread stack sizes (-Xss)
#   Set larger code cache with -XX:ReservedCodeCacheSize=
#   JVM is running with Unscaled Compressed Oops mode in which the Java heap is
#     placed in the first 4GB address space. The Java Heap base address is the
#     maximum limit for the native heap growth. Please use -XX:HeapBaseMinAddress
#     to set the Java Heap base and to place the Java Heap above 4GB virtual address.
# This output file may be truncated or incomplete.
#
#  Out of Memory Error (allocation.cpp:389), pid=3180, tid=0x00000000000011dc
#
# JRE version: OpenJDK Runtime Environment (8.0_212-b04) (build 1.8.0_212-release-1586-b04)
# Java VM: OpenJDK 64-Bit Server VM (25.212-b04 mixed mode windows-amd64 compressed oops)
# Failed to write core dump. Minidumps are not enabled by default on client versions of Windows
#

---------------  T H R E A D  ---------------

Current thread (0x0000000015a74800):  JavaThread "C2 CompilerThread0" daemon [_thread_in_native, id=4572, stack(0x0000000016ce0000,0x0000000016de0000)]

Stack: [0x0000000016ce0000,0x0000000016de0000]
[error occurred during error reporting (printing stack bounds), id 0xc0000005]

Native frames: (J=compiled Java code, j=interpreted, Vv=VM code, C=native code)


Current CompileTask:
C2: 105675 10393 %     4       java.io.ObjectOutputStream$BlockDataOutputStream::writeBytes @ 95 (144 bytes)


---------------  P R O C E S S  ---------------

Java Threads: ( => current thread )
  0x000000001f225000 JavaThread "stdout" [_thread_in_native, id=5432, stack(0x0000000022770000,0x0000000022870000)]
  0x000000001f228000 JavaThread "stderr" [_thread_in_native, id=3576, stack(0x0000000022670000,0x0000000022770000)]
  0x000000001f227800 JavaThread "pool-2-thread-1" [_thread_blocked, id=4888, stack(0x0000000022430000,0x0000000022530000)]
  0x000000001f226000 JavaThread "WorkerExecutor Queue Thread 2" [_thread_blocked, id=1856, stack(0x0000000022330000,0x0000000022430000)]
  0x000000001f226800 JavaThread "WorkerExecutor Queue" [_thread_blocked, id=4116, stack(0x0000000020e30000,0x0000000020f30000)]
  0x0000000018ebc800 JavaThread "Cache worker for execution history cache (C:\Users\Mame Fatou\AndroidStudioProjects\venter\.gradle\5.6.4\executionHistory)" [_thread_blocked, id=6044, stack(0x000000001ac70000,0x000000001ad70000)]
  0x0000000018eb9000 JavaThread "Cache worker for file content cache (C:\Users\Mame Fatou\AndroidStudioProjects\venter\.gradle\5.6.4\fileContent)" [_thread_blocked, id=5696, stack(0x0000000020230000,0x0000000020330000)]
  0x0000000018eb5000 JavaThread "Cache worker for file content cache (C:\Users\Mame Fatou\.gradle\caches\5.6.4\fileContent)" [_thread_blocked, id=3756, stack(0x0000000020130000,0x0000000020230000)]
  0x0000000018eb8000 JavaThread "Memory manager" [_thread_blocked, id=4164, stack(0x000000001ff00000,0x0000000020000000)]
  0x0000000018eb4800 JavaThread "Cache worker for Build Output Cleanup Cache (C:\Users\Mame Fatou\AndroidStudioProjects\venter\.gradle\buildOutputCleanup)" [_thread_blocked, id=2796, stack(0x000000001e230000,0x000000001e330000)]
  0x0000000018eb0800 JavaThread "pool-1-thread-1" [_thread_blocked, id=3800, stack(0x000000001df30000,0x000000001e030000)]
  0x0000000018eb3000 JavaThread "Build operations Thread 2" [_thread_blocked, id=1252, stack(0x000000001da30000,0x000000001db30000)]
  0x0000000018eb2000 JavaThread "Build operations" [_thread_blocked, id=3608, stack(0x000000001d930000,0x000000001da30000)]
  0x0000000018eae800 JavaThread "Cache worker for execution history cache (C:\Users\Mame Fatou\.gradle\caches\5.6.4\executionHistory)" [_thread_blocked, id=5572, stack(0x000000001d630000,0x000000001d730000)]
  0x0000000018eb0000 JavaThread "Cache worker for cache directory md-rule (C:\Users\Mame Fatou\.gradle\caches\5.6.4\md-rule)" [_thread_blocked, id=2376, stack(0x000000001d430000,0x000000001d530000)]
  0x0000000018eaf000 JavaThread "Cache worker for cache directory md-supplier (C:\Users\Mame Fatou\.gradle\caches\5.6.4\md-supplier)" [_thread_blocked, id=5736, stack(0x000000001cd10000,0x000000001ce10000)]
  0x000000001828d800 JavaThread "Cache worker for file hash cache (C:\Users\Mame Fatou\AndroidStudioProjects\venter\.gradle\5.6.4\fileHashes)" [_thread_blocked, id=4568, stack(0x000000001c5f0000,0x000000001c6f0000)]
  0x000000001828b800 JavaThread "Cache worker for journal cache (C:\Users\Mame Fatou\.gradle\caches\journal-1)" [_thread_blocked, id=4536, stack(0x000000001b270000,0x000000001b370000)]
  0x000000001828a000 JavaThread "File lock request listener" [_thread_in_native, id=5516, stack(0x000000001b170000,0x000000001b270000)]
  0x000000001828a800 JavaThread "Cache worker for file hash cache (C:\Users\Mame Fatou\.gradle\caches\5.6.4\fileHashes)" [_thread_blocked, id=4244, stack(0x000000001b070000,0x000000001b170000)]
  0x00000000178a1000 JavaThread "Thread-9" [_thread_blocked, id=3564, stack(0x000000001ad70000,0x000000001ae70000)]
  0x0000000018d41800 JavaThread "Asynchronous log dispatcher for DefaultDaemonConnection: socket connection from /127.0.0.1:50825 to /127.0.0.1:50826" [_thread_blocked, id=4608, stack(0x000000001ab70000,0x000000001ac70000)]
  0x0000000018ce0000 JavaThread "Daemon worker" [_thread_in_vm, id=4756, stack(0x000000001aa70000,0x000000001ab70000)]
  0x0000000018cdf000 JavaThread "Cancel handler" [_thread_blocked, id=3852, stack(0x000000001a970000,0x000000001aa70000)]
  0x0000000018cc6000 JavaThread "Handler for socket connection from /127.0.0.1:50825 to /127.0.0.1:50826" [_thread_in_native, id=992, stack(0x000000001a670000,0x000000001a770000)]
  0x0000000018cc1800 JavaThread "Daemon" [_thread_blocked, id=5888, stack(0x000000001a570000,0x000000001a670000)]
  0x0000000018c84800 JavaThread "Daemon periodic checks" [_thread_blocked, id=5968, stack(0x000000001a470000,0x000000001a570000)]
  0x0000000018887800 JavaThread "Incoming local TCP Connector on port 50825" [_thread_in_native, id=5752, stack(0x000000001a260000,0x000000001a360000)]
  0x0000000017e1b800 JavaThread "Daemon health stats" [_thread_blocked, id=3256, stack(0x0000000019c80000,0x0000000019d80000)]
  0x0000000015a7d000 JavaThread "Service Thread" daemon [_thread_blocked, id=4176, stack(0x0000000016ee0000,0x0000000016fe0000)]
  0x0000000015a7b000 JavaThread "C1 CompilerThread1" daemon [_thread_blocked, id=2348, stack(0x0000000016de0000,0x0000000016ee0000)]
=>0x0000000015a74800 JavaThread "C2 CompilerThread0" daemon [_thread_in_native, id=4572, stack(0x0000000016ce0000,0x0000000016de0000)]
  0x0000000015a73000 JavaThread "Attach Listener" daemon [_thread_blocked, id=2344, stack(0x0000000016be0000,0x0000000016ce0000)]
  0x0000000015a81800 JavaThread "Signal Dispatcher" daemon [_thread_blocked, id=2972, stack(0x0000000016ae0000,0x0000000016be0000)]
  0x0000000002345800 JavaThread "Finalizer" daemon [_thread_blocked, id=6060, stack(0x00000000166b0000,0x00000000167b0000)]
  0x0000000015a67000 JavaThread "Reference Handler" daemon [_thread_blocked, id=5380, stack(0x00000000165b0000,0x00000000166b0000)]
  0x000000000096d800 JavaThread "main" [_thread_blocked, id=732, stack(0x0000000002150000,0x0000000002250000)]

Other Threads:
  0x0000000015a44800 VMThread [stack: 0x00000000164b0000,0x00000000165b0000] [id=2488]
  0x0000000015b15000 WatcherThread [stack: 0x0000000016fe0000,0x00000000170e0000] [id=4048]

VM state:not at safepoint (normal execution)

VM Mutex/Monitor currently owned by a thread: None

OutOfMemory and StackOverflow Exception counts:
OutOfMemoryError java_heap_errors=2

heap address: 0x00000000a0000000, size: 1536 MB, Compressed Oops mode: 32-bit
Narrow klass base: 0x0000000000000000, Narrow klass shift: 3
Compressed class space size: 1073741824 Address: 0x0000000100000000

Heap:
 PSYoungGen      total 289280K, used 212191K [0x00000000e0000000, 0x00000000f8d80000, 0x0000000100000000)
  eden space 270336K, 71% used [0x00000000e0000000,0x00000000ebcbb5c0,0x00000000f0800000)
  from space 18944K, 99% used [0x00000000f0800000,0x00000000f1a7c930,0x00000000f1a80000)
  to   space 24064K, 0% used [0x00000000f7600000,0x00000000f7600000,0x00000000f8d80000)
 ParOldGen       total 76800K, used 43126K [0x00000000a0000000, 0x00000000a4b00000, 0x00000000e0000000)
  object space 76800K, 56% used [0x00000000a0000000,0x00000000a2a1da00,0x00000000a4b00000)
 Metaspace       used 69138K, capacity 71459K, committed 71552K, reserved 1118208K
  class space    used 9239K, capacity 9775K, committed 9856K, reserved 1048576K

Card table byte_map: [0x0000000011710000,0x0000000011a20000] byte_map_base: 0x0000000011210000

Marking Bits: (ParMarkBitMap*) 0x000000005ac59f30
 Begin Bits: [0x0000000011e20000, 0x0000000013620000)
 End Bits:   [0x0000000013620000, 0x0000000014e20000)

Polling page: 0x0000000000740000

CodeCache: size=245760Kb used=29285Kb max_used=29448Kb free=216474Kb
 bounds [0x0000000002350000, 0x0000000004030000, 0x0000000011350000]
 total_blobs=9858 nmethods=9010 adapters=758
 compilation: enabled

Compilation events (10 events):
Event: 105.578 Thread 0x0000000015a7b000 

Event: 105.578 Thread 0x0000000015a7b000 10389   !   3       java.io.PrintWriter::newLine (66 bytes)
Event: 105.580 Thread 0x0000000015a7b000 nmethod 10389 0x0000000002f64290 code [0x0000000002f64460, 0x0000000002f64bd8]
Event: 105.580 Thread 0x0000000015a7b000 10388       3       java.lang.StackTraceElement::isNativeMethod (15 bytes)
Event: 105.580 Thread 0x0000000015a7b000 nmethod 10388 0x0000000002d37950 code [0x0000000002d37aa0, 0x0000000002d37c50]
Event: 105.581 Thread 0x0000000015a7b000 10391       3       org.gradle.execution.plan.Node::skipExecution (32 bytes)
Event: 105.581 Thread 0x0000000015a7b000 nmethod 10391 0x0000000002d5b590 code [0x0000000002d5b6e0, 0x0000000002d5b870]
Event: 105.581 Thread 0x0000000015a74800 10392       4       java.io.DataOutputStream::writeUTF (7 bytes)
Event: 105.582 Thread 0x0000000015a74800 nmethod 10392 0x0000000004004e10 code [0x0000000004004f60, 0x0000000004004fe8]
Event: 105.582 Thread 0x0000000015a74800 10393 %     4       java.io.ObjectOutputStream$BlockDataOutputStream::writeBytes @ 95 (144 bytes)

GC Heap History (10 events):
Event: 26.571 GC heap before
{Heap before GC invocations=12 (full 2):
 PSYoungGen      total 202752K, used 11221K [0x00000000e0000000, 0x00000000ed500000, 0x0000000100000000)
  eden space 190464K, 0% used [0x00000000e0000000,0x00000000e0000000,0x00000000eba00000)
  from space 12288K, 91% used [0x00000000ec900000,0x00000000ed3f5708,0x00000000ed500000)
  to   space 13824K, 0% used [0x00000000eba00000,0x00000000eba00000,0x00000000ec780000)
 ParOldGen       total 32256K, used 12327K [0x00000000a0000000, 0x00000000a1f80000, 0x00000000e0000000)
  object space 32256K, 38% used [0x00000000a0000000,0x00000000a0c09f88,0x00000000a1f80000)
 Metaspace       used 34683K, capacity 35438K, committed 35496K, reserved 1079296K
  class space    used 4740K, capacity 4962K, committed 4992K, reserved 1048576K
Event: 26.841 GC heap after
Heap after GC invocations=12 (full 2):
 PSYoungGen      total 202752K, used 0K [0x00000000e0000000, 0x00000000ed500000, 0x0000000100000000)
  eden space 190464K, 0% used [0x00000000e0000000,0x00000000e0000000,0x00000000eba00000)
  from space 12288K, 0% used [0x00000000ec900000,0x00000000ec900000,0x00000000ed500000)
  to   space 13824K, 0% used [0x00000000eba00000,0x00000000eba00000,0x00000000ec780000)
 ParOldGen       total 46080K, used 18059K [0x00000000a0000000, 0x00000000a2d00000, 0x00000000e0000000)
  object space 46080K, 39% used [0x00000000a0000000,0x00000000a11a2cc8,0x00000000a2d00000)
 Metaspace       used 34681K, capacity 35432K, committed 35496K, reserved 1079296K
  class space    used 4740K, capacity 4961K, committed 4992K, reserved 1048576K
}
Event: 36.923 GC heap before
{Heap before GC invocations=13 (full 2):
 PSYoungGen      total 202752K, used 190464K [0x00000000e0000000, 0x00000000ed500000, 0x0000000100000000)
  eden space 190464K, 100% used [0x00000000e0000000,0x00000000eba00000,0x00000000eba00000)
  from space 12288K, 0% used [0x00000000ec900000,0x00000000ec900000,0x00000000ed500000)
  to   space 13824K, 0% used [0x00000000eba00000,0x00000000eba00000,0x00000000ec780000)
 ParOldGen       total 46080K, used 18059K [0x00000000a0000000, 0x00000000a2d00000, 0x00000000e0000000)
  object space 46080K, 39% used [0x00000000a0000000,0x00000000a11a2cc8,0x00000000a2d00000)
 Metaspace       used 51392K, capacity 53000K, committed 53248K, reserved 1095680K
  class space    used 6987K, capacity 7377K, committed 7424K, reserved 1048576K
Event: 37.044 GC heap after
Heap after GC invocations=13 (full 2):
 PSYoungGen      total 204288K, used 13802K [0x00000000e0000000, 0x00000000f3280000, 0x0000000100000000)
  eden space 190464K, 0% used [0x00000000e0000000,0x00000000e0000000,0x00000000eba00000)
  from space 13824K, 99% used [0x00000000eba00000,0x00000000ec77aa38,0x00000000ec780000)
  to   space 19456K, 0% used [0x00000000f1f80000,0x00000000f1f80000,0x00000000f3280000)
 ParOldGen       total 46080K, used 27311K [0x00000000a0000000, 0x00000000a2d00000, 0x00000000e0000000)
  object space 46080K, 59% used [0x00000000a0000000,0x00000000a1aabe00,0x00000000a2d00000)
 Metaspace       used 51392K, capacity 53000K, committed 53248K, reserved 1095680K
  class space    used 6987K, capacity 7377K, committed 7424K, reserved 1048576K
}
Event: 42.479 GC heap before
{Heap before GC invocations=14 (full 2):
 PSYoungGen      total 204288K, used 113223K [0x00000000e0000000, 0x00000000f3280000, 0x0000000100000000)
  eden space 190464K, 52% used [0x00000000e0000000,0x00000000e61172a8,0x00000000eba00000)
  from space 13824K, 99% used [0x00000000eba00000,0x00000000ec77aa38,0x00000000ec780000)
  to   space 19456K, 0% used [0x00000000f1f80000,0x00000000f1f80000,0x00000000f3280000)
 ParOldGen       total 46080K, used 27311K [0x00000000a0000000, 0x00000000a2d00000, 0x00000000e0000000)
  object space 46080K, 59% used [0x00000000a0000000,0x00000000a1aabe00,0x00000000a2d00000)
 Metaspace       used 57162K, capacity 59016K, committed 59136K, reserved 1099776K
  class space    used 7852K, capacity 8344K, committed 8448K, reserved 1048576K
Event: 42.557 GC heap after
Heap after GC invocations=14 (full 2):
 PSYoungGen      total 284160K, used 9916K [0x00000000e0000000, 0x00000000f2d00000, 0x0000000100000000)
  eden space 270336K, 0% used [0x00000000e0000000,0x00000000e0000000,0x00000000f0800000)
  from space 13824K, 71% used [0x00000000f1f80000,0x00000000f292f1b8,0x00000000f2d00000)
  to   space 18944K, 0% used [0x00000000f0800000,0x00000000f0800000,0x00000000f1a80000)
 ParOldGen       total 46080K, used 39283K [0x00000000a0000000, 0x00000000a2d00000, 0x00000000e0000000)
  object space 46080K, 85% used [0x00000000a0000000,0x00000000a265ceb8,0x00000000a2d00000)
 Metaspace       used 57162K, capacity 59016K, committed 59136K, reserved 1099776K
  class space    used 7852K, capacity 8344K, committed 8448K, reserved 1048576K
}
Event: 42.557 GC heap before
{Heap before GC invocations=15 (full 3):
 PSYoungGen      total 284160K, used 9916K [0x00000000e0000000, 0x00000000f2d00000, 0x0000000100000000)
  eden space 270336K, 0% used [0x00000000e0000000,0x00000000e0000000,0x00000000f0800000)
  from space 13824K, 71% used [0x00000000f1f80000,0x00000000f292f1b8,0x00000000f2d00000)
  to   space 18944K, 0% used [0x00000000f0800000,0x00000000f0800000,0x00000000f1a80000)
 ParOldGen       total 46080K, used 39283K [0x00000000a0000000, 0x00000000a2d00000, 0x00000000e0000000)
  object space 46080K, 85% used [0x00000000a0000000,0x00000000a265ceb8,0x00000000a2d00000)
 Metaspace       used 57162K, capacity 59016K, committed 59136K, reserved 1099776K
  class space    used 7852K, capacity 8344K, committed 8448K, reserved 1048576K
Event: 43.169 GC heap after
Heap after GC invocations=15 (full 3):
 PSYoungGen      total 284160K, used 0K [0x00000000e0000000, 0x00000000f2d00000, 0x0000000100000000)
  eden space 270336K, 0% used [0x00000000e0000000,0x00000000e0000000,0x00000000f0800000)
  from space 13824K, 0% used [0x00000000f1f80000,0x00000000f1f80000,0x00000000f2d00000)
  to   space 18944K, 0% used [0x00000000f0800000,0x00000000f0800000,0x00000000f1a80000)
 ParOldGen       total 76800K, used 36906K [0x00000000a0000000, 0x00000000a4b00000, 0x00000000e0000000)
  object space 76800K, 48% used [0x00000000a0000000,0x00000000a240aae0,0x00000000a4b00000)
 Metaspace       used 57162K, capacity 59016K, committed 59136K, reserved 1099776K
  class space    used 7852K, capacity 8344K, committed 8448K, reserved 1048576K
}
Event: 70.895 GC heap before
{Heap before GC invocations=16 (full 3):
 PSYoungGen      total 284160K, used 270336K [0x00000000e0000000, 0x00000000f2d00000, 0x0000000100000000)
  eden space 270336K, 100% used [0x00000000e0000000,0x00000000f0800000,0x00000000f0800000)
  from space 13824K, 0% used [0x00000000f1f80000,0x00000000f1f80000,0x00000000f2d00000)
  to   space 18944K, 0% used [0x00000000f0800000,0x00000000f0800000,0x00000000f1a80000)
 ParOldGen       total 76800K, used 36906K [0x00000000a0000000, 0x00000000a4b00000, 0x00000000e0000000)
  object space 76800K, 48% used [0x00000000a0000000,0x00000000a240aae0,0x00000000a4b00000)
 Metaspace       used 63630K, capacity 65780K, committed 66048K, reserved 1105920K
  class space    used 8604K, capacity 9106K, committed 9216K, reserved 1048576K
Event: 71.000 GC heap after
Heap after GC invocations=16 (full 3):
 PSYoungGen      total 289280K, used 18930K [0x00000000e0000000, 0x00000000f8d80000, 0x0000000100000000)
  eden space 270336K, 0% used [0x00000000e0000000,0x00000000e0000000,0x00000000f0800000)
  from space 18944K, 99% used [0x00000000f0800000,0x00000000f1a7c930,0x00000000f1a80000)
  to   space 24064K, 0% used [0x00000000f7600000,0x00000000f7600000,0x00000000f8d80000)
 ParOldGen       total 76800K, used 43126K [0x00000000a0000000, 0x00000000a4b00000, 0x00000000e0000000)
  object space 76800K, 56% used [0x00000000a0000000,0x00000000a2a1da00,0x00000000a4b00000)
 Metaspace       used 63630K, capacity 65780K, committed 66048K, reserved 1105920K
  class space    used 8604K, capacity 9106K, committed 9216K, reserved 1048576K
}

Deoptimization events (10 events):
Event: 104.807 Thread 0x000000001f226800 Uncommon trap: reason=bimorphic action=maybe_recompile pc=0x0000000003fb604c method=com.android.ide.common.symbols.SymbolTable$getSymbolByResourceType$$inlined$compareBy$1.compare(Ljava/lang/Object;Ljava/lang/Object;)I @ 13
Event: 104.807 Thread 0x000000001f226800 Uncommon trap: reason=bimorphic action=maybe_recompile pc=0x0000000003fb604c method=com.android.ide.common.symbols.SymbolTable$getSymbolByResourceType$$inlined$compareBy$1.compare(Ljava/lang/Object;Ljava/lang/Object;)I @ 13
Event: 104.807 Thread 0x000000001f226800 Uncommon trap: reason=bimorphic action=maybe_recompile pc=0x0000000003fb604c method=com.android.ide.common.symbols.SymbolTable$getSymbolByResourceType$$inlined$compareBy$1.compare(Ljava/lang/Object;Ljava/lang/Object;)I @ 13
Event: 104.875 Thread 0x000000001f226800 Uncommon trap: reason=unstable_if action=reinterpret pc=0x0000000003fbcb84 method=org.objectweb.asm.ByteVector.putShort(I)Lorg/objectweb/asm/ByteVector; @ 13
Event: 105.342 Thread 0x000000001f226800 Uncommon trap: reason=unstable_if action=reinterpret pc=0x0000000003274658 method=java.util.concurrent.locks.AbstractQueuedSynchronizer.unparkSuccessor(Ljava/util/concurrent/locks/AbstractQueuedSynchronizer$Node;)V @ 6
Event: 105.526 Thread 0x0000000018ce0000 Uncommon trap: reason=bimorphic action=maybe_recompile pc=0x0000000003fccf9c method=com.google.common.base.CharMatcher.indexIn(Ljava/lang/CharSequence;I)I @ 31
Event: 105.526 Thread 0x0000000018ce0000 Uncommon trap: reason=bimorphic action=maybe_recompile pc=0x0000000003fccf9c method=com.google.common.base.CharMatcher.indexIn(Ljava/lang/CharSequence;I)I @ 31
Event: 105.526 Thread 0x0000000018ce0000 Uncommon trap: reason=bimorphic action=maybe_recompile pc=0x0000000003fccf9c method=com.google.common.base.CharMatcher.indexIn(Ljava/lang/CharSequence;I)I @ 31
Event: 105.526 Thread 0x0000000018ce0000 Uncommon trap: reason=bimorphic action=maybe_recompile pc=0x0000000003fccf9c method=com.google.common.base.CharMatcher.indexIn(Ljava/lang/CharSequence;I)I @ 31
Event: 105.581 Thread 0x00000000178a1000 Uncommon trap: reason=array_check action=maybe_recompile pc=0x0000000003a202f4 method=java.util.TimSort.binarySort([Ljava/lang/Object;IIILjava/util/Comparator;)V @ 193

Classes redefined (0 events):
No events

Internal exceptions (10 events):
Event: 78.609 Thread 0x0000000018ce0000 Exception <a 'java/lang/NoSuchMethodError': <clinit>> (0x00000000e727f200) thrown at [D:\src\AOSP-openjdk-cygwin\jdk8u\hotspot\src\share\vm\prims\jni.cpp, line 1614]
Event: 78.706 Thread 0x0000000018ce0000 Exception <a 'java/lang/NoSuchMethodError': <clinit>> (0x00000000e72f3d88) thrown at [D:\src\AOSP-openjdk-cygwin\jdk8u\hotspot\src\share\vm\prims\jni.cpp, line 1614]
Event: 80.653 Thread 0x000000001f226800 Exception <a 'java/lang/NoSuchMethodError': java.lang.Object.lambda$negate$1(Ljava/lang/Object;)Z> (0x00000000e7a3fd68) thrown at [D:\src\AOSP-openjdk-cygwin\jdk8u\hotspot\src\share\vm\interpreter\linkResolver.cpp, line 620]
Event: 104.669 Thread 0x000000001f226800 Exception <a 'sun/nio/fs/WindowsException'> (0x00000000e9a463e0) thrown at [D:\src\AOSP-openjdk-cygwin\jdk8u\hotspot\src\share\vm\prims\jni.cpp, line 710]
Event: 104.670 Thread 0x000000001f226800 Exception <a 'sun/nio/fs/WindowsException'> (0x00000000e9a46888) thrown at [D:\src\AOSP-openjdk-cygwin\jdk8u\hotspot\src\share\vm\prims\jni.cpp, line 710]
Event: 105.332 Thread 0x000000001f226800 Exception <a 'java/lang/OutOfMemoryError'> (0x00000000eb7f2f68) thrown at [D:\src\AOSP-openjdk-cygwin\jdk8u\hotspot\src\share\vm\prims\jni.cpp, line 736]
Event: 105.345 Thread 0x0000000018ce0000 Exception <a 'java/lang/reflect/InvocationTargetException'> (0x00000000e735e458) thrown at [D:\src\AOSP-openjdk-cygwin\jdk8u\hotspot\src\share\vm\runtime\reflection.cpp, line 1092]
Event: 105.523 Thread 0x0000000018ebc800 Exception <a 'java/lang/OutOfMemoryError'> (0x00000000e44006f8) thrown at [D:\src\AOSP-openjdk-cygwin\jdk8u\hotspot\src\share\vm\prims\jni.cpp, line 736]
Event: 105.577 Thread 0x00000000178a1000 Exception <a 'java/lang/NoSuchMethodError': <clinit>> (0x00000000e014ecf8) thrown at [D:\src\AOSP-openjdk-cygwin\jdk8u\hotspot\src\share\vm\prims\jni.cpp, line 1614]
Event: 105.581 Thread 0x00000000178a1000 Exception <a 'java/lang/NoSuchMethodError': <clinit>> (0x00000000ebc819c8) thrown at [D:\src\AOSP-openjdk-cygwin\jdk8u\hotspot\src\share\vm\prims\jni.cpp, line 1614]

Events (10 events):
Event: 105.594 Executing VM operation: RevokeBias done
Event: 105.594 Thread 0x0000000018eb6800 Thread exited: 0x0000000018eb6800
Event: 105.595 loading class org/gradle/execution/taskgraph/DefaultTaskExecutionGraph$2
Event: 105.595 loading class org/gradle/execution/taskgraph/DefaultTaskExecutionGraph$2 done
Event: 105.596 loading class com/google/common/cache/LocalCache$Values
Event: 105.596 loading class com/google/common/cache/LocalCache$Values done
Event: 105.597 loading class com/google/common/cache/LocalCache$ValueIterator
Event: 105.597 loading class com/google/common/cache/LocalCache$ValueIterator done
Event: 105.598 loading class com/google/common/cache/LocalCache$HashIterator
Event: 105.598 loading class com/google/common/cache/LocalCache$HashIterator done


Dynamic libraries:
0x00007ff628590000 - 0x00007ff6285c1000 	C:\Program Files\Android\Android Studio\jre\bin\java.exe
0x00007fffb1eb0000 - 0x00007fffb205d000 	C:\Windows\SYSTEM32\ntdll.dll
0x00007fffafff0000 - 0x00007fffb012a000 	C:\Windows\system32\KERNEL32.DLL
0x00007fffaf5d0000 - 0x00007fffaf6e5000 	C:\Windows\system32\KERNELBASE.dll
0x00007fffafe70000 - 0x00007fffaff15000 	C:\Windows\system32\ADVAPI32.dll
0x00007fffaf6f0000 - 0x00007fffaf861000 	C:\Windows\system32\USER32.dll
0x00007fffad620000 - 0x00007fffad89a000 	C:\Windows\WinSxS\amd64_microsoft.windows.common-controls_6595b64144ccf1df_6.0.9600.17810_none_6240b9c7ecbd0bda\COMCTL32.dll
0x00007fffb01e0000 - 0x00007fffb0287000 	C:\Windows\system32\msvcrt.dll
0x00007fffafb80000 - 0x00007fffafbd9000 	C:\Windows\SYSTEM32\sechost.dll
0x00007fffaf870000 - 0x00007fffaf9a6000 	C:\Windows\system32\RPCRT4.dll
0x00007fffaf9b0000 - 0x00007fffafaf5000 	C:\Windows\system32\GDI32.dll
0x00007fffb0290000 - 0x00007fffb02c4000 	C:\Windows\system32\IMM32.DLL
0x00007fffb07b0000 - 0x00007fffb08e9000 	C:\Windows\system32\MSCTF.dll
0x000000005b6c0000 - 0x000000005b792000 	C:\Program Files\Android\Android Studio\jre\jre\bin\msvcr100.dll
0x000000005a490000 - 0x000000005acd6000 	C:\Program Files\Android\Android Studio\jre\jre\bin\server\jvm.dll
0x00007fffa70f0000 - 0x00007fffa70f9000 	C:\Windows\SYSTEM32\WSOCK32.dll
0x00007fffaa690000 - 0x00007fffaa6af000 	C:\Windows\SYSTEM32\WINMM.dll
0x00007fffa9790000 - 0x00007fffa979a000 	C:\Windows\SYSTEM32\VERSION.dll
0x00007fffaffe0000 - 0x00007fffaffe7000 	C:\Windows\system32\PSAPI.DLL
0x00007fffb0570000 - 0x00007fffb05ca000 	C:\Windows\system32\WS2_32.dll
0x00007fffaa4d0000 - 0x00007fffaa4fa000 	C:\Windows\SYSTEM32\WINMMBASE.dll
0x00007fffafbe0000 - 0x00007fffafbe9000 	C:\Windows\system32\NSI.dll
0x00007fffaf4d0000 - 0x00007fffaf51a000 	C:\Windows\SYSTEM32\cfgmgr32.dll
0x00007fffae020000 - 0x00007fffae046000 	C:\Windows\SYSTEM32\DEVOBJ.dll
0x00007fffacce0000 - 0x00007fffaccef000 	C:\Program Files\Android\Android Studio\jre\jre\bin\verify.dll
0x00007fffa3760000 - 0x00007fffa3789000 	C:\Program Files\Android\Android Studio\jre\jre\bin\java.dll
0x00007fffa55b0000 - 0x00007fffa55c6000 	C:\Program Files\Android\Android Studio\jre\jre\bin\zip.dll
0x00007fffb08f0000 - 0x00007fffb1d07000 	C:\Windows\system32\SHELL32.dll
0x00007fffafc50000 - 0x00007fffafe61000 	C:\Windows\SYSTEM32\combase.dll
0x00007fffafbf0000 - 0x00007fffafc41000 	C:\Windows\system32\SHLWAPI.dll
0x00007fffadaf0000 - 0x00007fffadb8f000 	C:\Windows\SYSTEM32\SHCORE.dll
0x00007fffaf1d0000 - 0x00007fffaf1e4000 	C:\Windows\SYSTEM32\profapi.dll
0x00007fffa48f0000 - 0x00007fffa490a000 	C:\Program Files\Android\Android Studio\jre\jre\bin\net.dll
0x00007fffa9620000 - 0x00007fffa9780000 	C:\Windows\SYSTEM32\urlmon.dll
0x00007fffb1d10000 - 0x00007fffb1e88000 	C:\Windows\system32\ole32.dll
0x00007fffa9370000 - 0x00007fffa9619000 	C:\Windows\SYSTEM32\iertutil.dll
0x00007fffa9140000 - 0x00007fffa9370000 	C:\Windows\SYSTEM32\WININET.dll
0x00007fffae7b0000 - 0x00007fffae7ce000 	C:\Windows\SYSTEM32\USERENV.dll
0x00007fffaea00000 - 0x00007fffaea59000 	C:\Windows\system32\mswsock.dll
0x00007fffa4430000 - 0x00007fffa4443000 	C:\Program Files\Android\Android Studio\jre\jre\bin\nio.dll
0x00007fffa5520000 - 0x00007fffa5546000 	C:\Users\Mame Fatou\.gradle\native\30\windows-amd64\native-platform.dll
0x00007fffa79c0000 - 0x00007fffa79cd000 	C:\Program Files\Android\Android Studio\jre\jre\bin\management.dll
0x00007fffaea60000 - 0x00007fffaea7e000 	C:\Windows\SYSTEM32\CRYPTSP.dll
0x00007fffae6a0000 - 0x00007fffae6d6000 	C:\Windows\system32\rsaenh.dll
0x00007fffaed80000 - 0x00007fffaeda6000 	C:\Windows\SYSTEM32\bcrypt.dll
0x00007fffaf0a0000 - 0x00007fffaf103000 	C:\Windows\system32\bcryptprimitives.dll
0x00007fffaf110000 - 0x00007fffaf11a000 	C:\Windows\SYSTEM32\CRYPTBASE.dll
0x00007fffa9ff0000 - 0x00007fffaa019000 	C:\Windows\SYSTEM32\IPHLPAPI.DLL
0x00007fffa9fd0000 - 0x00007fffa9fda000 	C:\Windows\SYSTEM32\WINNSI.DLL
0x00007fffa9b20000 - 0x00007fffa9b34000 	C:\Windows\SYSTEM32\dhcpcsvc6.DLL
0x00007fffa9dd0000 - 0x00007fffa9de9000 	C:\Windows\SYSTEM32\dhcpcsvc.DLL
0x00007fffa3b90000 - 0x00007fffa3bb4000 	C:\Program Files\Android\Android Studio\jre\jre\bin\sunec.dll
0x00007fffae810000 - 0x00007fffae8b3000 	C:\Windows\SYSTEM32\DNSAPI.dll
0x000000005d390000 - 0x000000005d3b6000 	C:\Program Files\Bonjour\mdnsNSP.dll
0x00007fffa5b80000 - 0x00007fffa5b89000 	C:\Windows\System32\rasadhlp.dll
0x00007fffa9d10000 - 0x00007fffa9d7b000 	C:\Windows\System32\fwpuclnt.dll
0x00007fffa7f90000 - 0x00007fffa7f9b000 	C:\Program Files\Android\Android Studio\jre\jre\bin\sunmscapi.dll
0x00007fffaf2f0000 - 0x00007fffaf4c7000 	C:\Windows\system32\CRYPT32.dll
0x00007fffaf280000 - 0x00007fffaf292000 	C:\Windows\system32\MSASN1.dll

VM Arguments:
jvm_args: -Xmx1536m -Dfile.encoding=windows-1252 -Duser.country=FR -Duser.language=fr -Duser.variant 
java_command: org.gradle.launcher.daemon.bootstrap.GradleDaemon 5.6.4
java_class_path (initial): C:\Users\Mame Fatou\.gradle\wrapper\dists\gradle-5.6.4-all\ankdp27end7byghfw1q2sw75f\gradle-5.6.4\lib\gradle-launcher-5.6.4.jar
Launcher Type: SUN_STANDARD

Environment Variables:
PATH=C:\Windows\system32;C:\Windows;C:\Windows\System32\Wbem;C:\Windows\System32\WindowsPowerShell\v1.0\;C:\Users\Mame Fatou\AppData\Roaming\Microsoft\Windows\Start Menu\Programs\Python 3.8;C:\Users\Mame Fatou\AppData\Local\Programs\Python\Python38-32\Scripts\;C:\Users\Mame Fatou\AppData\Local\Programs\Python\Python38-32\;C:\Users\Mame Fatou\AppData\Local\GitHubDesktop\bin;C:\Users\Mame Fatou\AppData\Local\Programs\Git\cmd;C:\Users\Mame Fatou\AppData\Local\Programs\Microsoft VS Code\bin
USERNAME=Mame Fatou
OS=Windows_NT
PROCESSOR_IDENTIFIER=Intel64 Family 6 Model 55 Stepping 8, GenuineIntel



---------------  S Y S T E M  ---------------

OS: Windows 8.1 , 64 bit Build 9600 (6.3.9600.17056)

CPU:total 2 (initial active 2) (2 cores per cpu, 1 threads per core) family 6 model 55 stepping 8, cmov, cx8, fxsr, mmx, sse, sse2, sse3, ssse3, sse4.1, sse4.2, popcnt, clmul, erms, 3dnowpref, tsc, tscinvbit

Memory: 4k page, physical 4083568k(733244k free), swap 4607856k(4880k free)

vm_info: OpenJDK 64-Bit Server VM (25.212-b04) for windows-amd64 JRE (1.8.0_212-release-1586-b04), built by "builder" with MS VC++ 10.0 (VS2010)

time: Wed Jul 01 16:17:08 2020
timezone: Paris, Madrid (heure d’été)
elapsed time: 105 seconds (0d 0h 1m 45s)

