#
# There is insufficient memory for the Java Runtime Environment to continue.
# Native memory allocation (malloc) failed to allocate 888096 bytes for Chunk::new
# Possible reasons:
#   The system is out of physical RAM or swap space
#   The process is running with CompressedOops enabled, and the Java Heap may be blocking the growth of the native heap
# Possible solutions:
#   Reduce memory load on the system
#   Increase physical memory or swap space
#   Check if swap backing store is full
#   Decrease Java heap size (-Xmx/-Xms)
#   Decrease number of Java threads
#   Decrease Java thread stack sizes (-Xss)
#   Set larger code cache with -XX:ReservedCodeCacheSize=
#   JVM is running with Unscaled Compressed Oops mode in which the Java heap is
#     placed in the first 4GB address space. The Java Heap base address is the
#     maximum limit for the native heap growth. Please use -XX:HeapBaseMinAddress
#     to set the Java Heap base and to place the Java Heap above 4GB virtual address.
# This output file may be truncated or incomplete.
#
#  Out of Memory Error (allocation.cpp:389), pid=5088, tid=0x000000000000198c
#
# JRE version: OpenJDK Runtime Environment (8.0_212-b04) (build 1.8.0_212-release-1586-b04)
# Java VM: OpenJDK 64-Bit Server VM (25.212-b04 mixed mode windows-amd64 compressed oops)
# Failed to write core dump. Minidumps are not enabled by default on client versions of Windows
#

---------------  T H R E A D  ---------------

Current thread (0x0000000015bd4800):  JavaThread "C2 CompilerThread0" daemon [_thread_in_native, id=6540, stack(0x0000000016e40000,0x0000000016f40000)]

Stack: [0x0000000016e40000,0x0000000016f40000]
[error occurred during error reporting (printing stack bounds), id 0xc0000005]

Native frames: (J=compiled Java code, j=interpreted, Vv=VM code, C=native code)


Current CompileTask:
C2:3827640 22598       4       org.gradle.api.internal.artifacts.ivyservice.resolveengine.artifact.ResolvedArtifactsGraphVisitor::getArtifacts (197 bytes)


---------------  P R O C E S S  ---------------

Java Threads: ( => current thread )
  0x0000000024dcc800 JavaThread "Cache worker for Build Output Cleanup Cache (C:\Users\Mame Fatou\AndroidStudioProjects\venter\.gradle\buildOutputCleanup)" [_thread_blocked, id=5748, stack(0x0000000020260000,0x0000000020360000)]
  0x0000000024dc8800 JavaThread "pool-31-thread-1" [_thread_blocked, id=6384, stack(0x000000001fd60000,0x000000001fe60000)]
  0x0000000024dcb000 JavaThread "Build operations Thread 2" [_thread_blocked, id=6828, stack(0x000000001fc60000,0x000000001fd60000)]
  0x0000000024dcb800 JavaThread "Build operations" [_thread_blocked, id=2876, stack(0x000000001f360000,0x000000001f460000)]
  0x0000000024dc7000 JavaThread "Cache worker for cache directory md-rule (C:\Users\Mame Fatou\.gradle\caches\5.6.4\md-rule)" [_thread_blocked, id=2532, stack(0x000000001f060000,0x000000001f160000)]
  0x0000000024dc8000 JavaThread "Cache worker for cache directory md-supplier (C:\Users\Mame Fatou\.gradle\caches\5.6.4\md-supplier)" [_thread_blocked, id=4576, stack(0x000000001e560000,0x000000001e660000)]
  0x0000000024dc9800 JavaThread "Cache worker for file hash cache (C:\Users\Mame Fatou\AndroidStudioProjects\venter\.gradle\5.6.4\fileHashes)" [_thread_blocked, id=7012, stack(0x000000001de40000,0x000000001df40000)]
  0x0000000024dc3800 JavaThread "Thread-249" [_thread_blocked, id=2284, stack(0x000000001caa0000,0x000000001cba0000)]
  0x0000000024dc6800 JavaThread "Stdin handler" [_thread_blocked, id=6876, stack(0x000000001aed0000,0x000000001afd0000)]
  0x0000000024dc2800 JavaThread "Asynchronous log dispatcher for DefaultDaemonConnection: socket connection from /127.0.0.1:49930 to /127.0.0.1:50204" [_thread_blocked, id=2180, stack(0x000000001acd0000,0x000000001add0000)]
  0x0000000024dc5800 JavaThread "Cancel handler" [_thread_blocked, id=4432, stack(0x000000001aad0000,0x000000001abd0000)]
  0x0000000024dbf000 JavaThread "Handler for socket connection from /127.0.0.1:49930 to /127.0.0.1:50204" [_thread_in_native, id=2548, stack(0x000000001a7d0000,0x000000001a8d0000)]
  0x0000000024dc4000 JavaThread "Daemon worker Thread 10" [_thread_in_native, id=5504, stack(0x000000001abd0000,0x000000001acd0000)]
  0x0000000024dc2000 JavaThread "Daemon Thread 10" [_thread_blocked, id=500, stack(0x000000001a6d0000,0x000000001a7d0000)]
  0x00000000193e6000 JavaThread "Cache worker for Java compile cache (C:\Users\Mame Fatou\.gradle\caches\5.6.4\javaCompile)" [_thread_blocked, id=6940, stack(0x000000001add0000,0x000000001aed0000)]
  0x00000000193e2000 JavaThread "Cache worker for file content cache (C:\Users\Mame Fatou\.gradle\caches\5.6.4\fileContent)" [_thread_blocked, id=2328, stack(0x0000000020160000,0x0000000020260000)]
  0x00000000193db800 JavaThread "Memory manager" [_thread_blocked, id=4688, stack(0x0000000020060000,0x0000000020160000)]
  0x00000000193dd800 JavaThread "Cache worker for execution history cache (C:\Users\Mame Fatou\.gradle\caches\5.6.4\executionHistory)" [_thread_blocked, id=2176, stack(0x000000001e760000,0x000000001e860000)]
  0x0000000018346000 JavaThread "Cache worker for journal cache (C:\Users\Mame Fatou\.gradle\caches\journal-1)" [_thread_blocked, id=164, stack(0x000000001b3d0000,0x000000001b4d0000)]
  0x0000000018347800 JavaThread "File lock request listener" [_thread_in_native, id=2800, stack(0x000000001b2d0000,0x000000001b3d0000)]
  0x0000000017d54800 JavaThread "Cache worker for file hash cache (C:\Users\Mame Fatou\.gradle\caches\5.6.4\fileHashes)" [_thread_blocked, id=5100, stack(0x000000001b1d0000,0x000000001b2d0000)]
  0x00000000179ce000 JavaThread "Daemon periodic checks" [_thread_blocked, id=6552, stack(0x000000001a5d0000,0x000000001a6d0000)]
  0x0000000018e02800 JavaThread "Incoming local TCP Connector on port 49930" [_thread_in_native, id=6548, stack(0x000000001a3c0000,0x000000001a4c0000)]
  0x0000000018d58000 JavaThread "Daemon health stats" [_thread_blocked, id=6544, stack(0x0000000019de0000,0x0000000019ee0000)]
  0x0000000015c55800 JavaThread "Service Thread" daemon [_thread_blocked, id=5084, stack(0x0000000017040000,0x0000000017140000)]
  0x0000000015bd7800 JavaThread "C1 CompilerThread1" daemon [_thread_blocked, id=5356, stack(0x0000000016f40000,0x0000000017040000)]
=>0x0000000015bd4800 JavaThread "C2 CompilerThread0" daemon [_thread_in_native, id=6540, stack(0x0000000016e40000,0x0000000016f40000)]
  0x0000000015bd3000 JavaThread "Attach Listener" daemon [_thread_blocked, id=6532, stack(0x0000000016d40000,0x0000000016e40000)]
  0x0000000015be1800 JavaThread "Signal Dispatcher" daemon [_thread_blocked, id=6524, stack(0x0000000016c40000,0x0000000016d40000)]
  0x0000000002405000 JavaThread "Finalizer" daemon [_thread_blocked, id=6528, stack(0x0000000016810000,0x0000000016910000)]
  0x0000000015bc7000 JavaThread "Reference Handler" daemon [_thread_blocked, id=6516, stack(0x0000000016710000,0x0000000016810000)]
  0x00000000024ad800 JavaThread "main" [_thread_blocked, id=6500, stack(0x0000000002180000,0x0000000002280000)]

Other Threads:
  0x0000000015ba4800 VMThread [stack: 0x0000000016610000,0x0000000016710000] [id=6520]
  0x0000000015c60000 WatcherThread [stack: 0x0000000017140000,0x0000000017240000] [id=6560]

VM state:not at safepoint (normal execution)

VM Mutex/Monitor currently owned by a thread: None

OutOfMemory and StackOverflow Exception counts:
OutOfMemoryError java_heap_errors=1

heap address: 0x00000000a0000000, size: 1536 MB, Compressed Oops mode: 32-bit
Narrow klass base: 0x0000000000000000, Narrow klass shift: 3
Compressed class space size: 1073741824 Address: 0x0000000100000000

Heap:
 PSYoungGen      total 434688K, used 412332K [0x00000000e0000000, 0x00000000fea00000, 0x0000000100000000)
  eden space 407552K, 95% used [0x00000000e0000000,0x00000000f7d85c28,0x00000000f8e00000)
  from space 27136K, 79% used [0x00000000fcf80000,0x00000000fe4a5628,0x00000000fea00000)
  to   space 47104K, 0% used [0x00000000f8e00000,0x00000000f8e00000,0x00000000fbc00000)
 ParOldGen       total 152064K, used 95752K [0x00000000a0000000, 0x00000000a9480000, 0x00000000e0000000)
  object space 152064K, 62% used [0x00000000a0000000,0x00000000a5d82018,0x00000000a9480000)
 Metaspace       used 94440K, capacity 99694K, committed 99840K, reserved 1136640K
  class space    used 12113K, capacity 13055K, committed 13056K, reserved 1048576K

Card table byte_map: [0x0000000011870000,0x0000000011b80000] byte_map_base: 0x0000000011370000

Marking Bits: (ParMarkBitMap*) 0x00000000681b9f30
 Begin Bits: [0x0000000011f80000, 0x0000000013780000)
 End Bits:   [0x0000000013780000, 0x0000000014f80000)

Polling page: 0x0000000002280000

CodeCache: size=245760Kb used=61314Kb max_used=61314Kb free=184445Kb
 bounds [0x00000000024b0000, 0x0000000006110000, 0x00000000114b0000]
 total_blobs=18593 nmethods=17712 adapters=791
 compilation: enabled

Compilation events (10 events):
Event: 3826.013 Thread 0x0000000015bd7800 22623       3       org.gradle.api.internal.artifacts.dsl.LazyPublishArtifact::getBuildDependencies (9 bytes)
Event: 3826.014 Thread 0x0000000015bd7800 nmethod 22623 0x0000000003381690 code [0x0000000003381800, 0x0000000003381ad0]
Event: 3826.014 Thread 0x0000000015bd7800 22624       3       org.gradle.api.internal.artifacts.dsl.LazyPublishArtifact$1::<init> (10 bytes)
Event: 3826.015 Thread 0x0000000015bd7800 nmethod 22624 0x0000000003665dd0 code [0x0000000003665f40, 0x0000000003666170]
Event: 3826.015 Thread 0x0000000015bd7800 22625       3       org.gradle.api.internal.artifacts.publish.DecoratingPublishArtifact_Decorated::setType (12 bytes)
Event: 3826.015 Thread 0x0000000015bd7800 nmethod 22625 0x00000000054574d0 code [0x0000000005457620, 0x00000000054577f0]
Event: 3826.015 Thread 0x0000000015bd7800 22626       3       org.gradle.api.internal.artifacts.publish.DecoratingPublishArtifact::setType (6 bytes)
Event: 3826.016 Thread 0x0000000015bd7800 nmethod 22626 0x0000000005457190 code [0x00000000054572e0, 0x0000000005457450]
Event: 3826.017 Thread 0x0000000015bd7800 22627       3       org.gradle.internal.resources.DefaultResourceLockCoordinationService::lock (10 bytes)
Event: 3826.018 Thread 0x0000000015bd7800 nmethod 22627 0x000000000356a6d0 code [0x000000000356a840, 0x000000000356aa90]

GC Heap History (10 events):
Event: 331.028 GC heap before
{Heap before GC invocations=20 (full 4):
 PSYoungGen      total 350720K, used 337807K [0x00000000e0000000, 0x00000000fef80000, 0x0000000100000000)
  eden space 318976K, 100% used [0x00000000e0000000,0x00000000f3780000,0x00000000f3780000)
  from space 31744K, 59% used [0x00000000f3780000,0x00000000f49e3de8,0x00000000f5680000)
  to   space 48128K, 0% used [0x00000000fc080000,0x00000000fc080000,0x00000000fef80000)
 ParOldGen       total 152064K, used 85616K [0x00000000a0000000, 0x00000000a9480000, 0x00000000e0000000)
  object space 152064K, 56% used [0x00000000a0000000,0x00000000a539c318,0x00000000a9480000)
 Metaspace       used 90445K, capacity 94142K, committed 94208K, reserved 1130496K
  class space    used 11814K, capacity 12535K, committed 12544K, reserved 1048576K
Event: 331.167 GC heap after
Heap after GC invocations=20 (full 4):
 PSYoungGen      total 438784K, used 23751K [0x00000000e0000000, 0x00000000fe500000, 0x0000000100000000)
  eden space 401408K, 0% used [0x00000000e0000000,0x00000000e0000000,0x00000000f8800000)
  from space 37376K, 63% used [0x00000000fc080000,0x00000000fd7b1f98,0x00000000fe500000)
  to   space 47616K, 0% used [0x00000000f8800000,0x00000000f8800000,0x00000000fb680000)
 ParOldGen       total 152064K, used 95728K [0x00000000a0000000, 0x00000000a9480000, 0x00000000e0000000)
  object space 152064K, 62% used [0x00000000a0000000,0x00000000a5d7c018,0x00000000a9480000)
 Metaspace       used 90445K, capacity 94142K, committed 94208K, reserved 1130496K
  class space    used 11814K, capacity 12535K, committed 12544K, reserved 1048576K
}
Event: 660.330 GC heap before
{Heap before GC invocations=21 (full 4):
 PSYoungGen      total 438784K, used 425159K [0x00000000e0000000, 0x00000000fe500000, 0x0000000100000000)
  eden space 401408K, 100% used [0x00000000e0000000,0x00000000f8800000,0x00000000f8800000)
  from space 37376K, 63% used [0x00000000fc080000,0x00000000fd7b1f98,0x00000000fe500000)
  to   space 47616K, 0% used [0x00000000f8800000,0x00000000f8800000,0x00000000fb680000)
 ParOldGen       total 152064K, used 95728K [0x00000000a0000000, 0x00000000a9480000, 0x00000000e0000000)
  object space 152064K, 62% used [0x00000000a0000000,0x00000000a5d7c018,0x00000000a9480000)
 Metaspace       used 91688K, capacity 95774K, committed 96000K, reserved 1132544K
  class space    used 11895K, capacity 12699K, committed 12800K, reserved 1048576K
Event: 660.526 GC heap after
Heap after GC invocations=21 (full 4):
 PSYoungGen      total 449024K, used 30401K [0x00000000e0000000, 0x0000000100000000, 0x0000000100000000)
  eden space 401408K, 0% used [0x00000000e0000000,0x00000000e0000000,0x00000000f8800000)
  from space 47616K, 63% used [0x00000000f8800000,0x00000000fa5b0670,0x00000000fb680000)
  to   space 49152K, 0% used [0x00000000fd000000,0x00000000fd000000,0x0000000100000000)
 ParOldGen       total 152064K, used 95736K [0x00000000a0000000, 0x00000000a9480000, 0x00000000e0000000)
  object space 152064K, 62% used [0x00000000a0000000,0x00000000a5d7e018,0x00000000a9480000)
 Metaspace       used 91688K, capacity 95774K, committed 96000K, reserved 1132544K
  class space    used 11895K, capacity 12699K, committed 12800K, reserved 1048576K
}
Event: 2861.838 GC heap before
{Heap before GC invocations=22 (full 4):
 PSYoungGen      total 449024K, used 431809K [0x00000000e0000000, 0x0000000100000000, 0x0000000100000000)
  eden space 401408K, 100% used [0x00000000e0000000,0x00000000f8800000,0x00000000f8800000)
  from space 47616K, 63% used [0x00000000f8800000,0x00000000fa5b0670,0x00000000fb680000)
  to   space 49152K, 0% used [0x00000000fd000000,0x00000000fd000000,0x0000000100000000)
 ParOldGen       total 152064K, used 95736K [0x00000000a0000000, 0x00000000a9480000, 0x00000000e0000000)
  object space 152064K, 62% used [0x00000000a0000000,0x00000000a5d7e018,0x00000000a9480000)
 Metaspace       used 92607K, capacity 96950K, committed 97024K, reserved 1134592K
  class space    used 11936K, capacity 12773K, committed 12800K, reserved 1048576K
Event: 2862.078 GC heap after
Heap after GC invocations=22 (full 4):
 PSYoungGen      total 475648K, used 25194K [0x00000000e0000000, 0x0000000100000000, 0x0000000100000000)
  eden space 426496K, 0% used [0x00000000e0000000,0x00000000e0000000,0x00000000fa080000)
  from space 49152K, 51% used [0x00000000fd000000,0x00000000fe89aa10,0x0000000100000000)
  to   space 48640K, 0% used [0x00000000fa080000,0x00000000fa080000,0x00000000fd000000)
 ParOldGen       total 152064K, used 95744K [0x00000000a0000000, 0x00000000a9480000, 0x00000000e0000000)
  object space 152064K, 62% used [0x00000000a0000000,0x00000000a5d80018,0x00000000a9480000)
 Metaspace       used 92607K, capacity 96950K, committed 97024K, reserved 1134592K
  class space    used 11936K, capacity 12773K, committed 12800K, reserved 1048576K
}
Event: 3048.585 GC heap before
{Heap before GC invocations=23 (full 4):
 PSYoungGen      total 475648K, used 451690K [0x00000000e0000000, 0x0000000100000000, 0x0000000100000000)
  eden space 426496K, 100% used [0x00000000e0000000,0x00000000fa080000,0x00000000fa080000)
  from space 49152K, 51% used [0x00000000fd000000,0x00000000fe89aa10,0x0000000100000000)
  to   space 48640K, 0% used [0x00000000fa080000,0x00000000fa080000,0x00000000fd000000)
 ParOldGen       total 152064K, used 95744K [0x00000000a0000000, 0x00000000a9480000, 0x00000000e0000000)
  object space 152064K, 62% used [0x00000000a0000000,0x00000000a5d80018,0x00000000a9480000)
 Metaspace       used 93476K, capacity 98434K, committed 98560K, reserved 1134592K
  class space    used 12044K, capacity 12933K, committed 13056K, reserved 1048576K
Event: 3048.749 GC heap after
Heap after GC invocations=23 (full 4):
 PSYoungGen      total 456704K, used 30197K [0x00000000e0000000, 0x0000000100000000, 0x0000000100000000)
  eden space 426496K, 0% used [0x00000000e0000000,0x00000000e0000000,0x00000000fa080000)
  from space 30208K, 99% used [0x00000000fa080000,0x00000000fbdfd768,0x00000000fbe00000)
  to   space 49664K, 0% used [0x00000000fcf80000,0x00000000fcf80000,0x0000000100000000)
 ParOldGen       total 152064K, used 95744K [0x00000000a0000000, 0x00000000a9480000, 0x00000000e0000000)
  object space 152064K, 62% used [0x00000000a0000000,0x00000000a5d80018,0x00000000a9480000)
 Metaspace       used 93476K, capacity 98434K, committed 98560K, reserved 1134592K
  class space    used 12044K, capacity 12933K, committed 13056K, reserved 1048576K
}
Event: 3368.467 GC heap before
{Heap before GC invocations=24 (full 4):
 PSYoungGen      total 456704K, used 456693K [0x00000000e0000000, 0x0000000100000000, 0x0000000100000000)
  eden space 426496K, 100% used [0x00000000e0000000,0x00000000fa080000,0x00000000fa080000)
  from space 30208K, 99% used [0x00000000fa080000,0x00000000fbdfd768,0x00000000fbe00000)
  to   space 49664K, 0% used [0x00000000fcf80000,0x00000000fcf80000,0x0000000100000000)
 ParOldGen       total 152064K, used 95744K [0x00000000a0000000, 0x00000000a9480000, 0x00000000e0000000)
  object space 152064K, 62% used [0x00000000a0000000,0x00000000a5d80018,0x00000000a9480000)
 Metaspace       used 94157K, capacity 99366K, committed 99584K, reserved 1136640K
  class space    used 12106K, capacity 13043K, committed 13056K, reserved 1048576K
Event: 3368.688 GC heap after
Heap after GC invocations=24 (full 4):
 PSYoungGen      total 434688K, used 21653K [0x00000000e0000000, 0x00000000fea00000, 0x0000000100000000)
  eden space 407552K, 0% used [0x00000000e0000000,0x00000000e0000000,0x00000000f8e00000)
  from space 27136K, 79% used [0x00000000fcf80000,0x00000000fe4a5628,0x00000000fea00000)
  to   space 47104K, 0% used [0x00000000f8e00000,0x00000000f8e00000,0x00000000fbc00000)
 ParOldGen       total 152064K, used 95752K [0x00000000a0000000, 0x00000000a9480000, 0x00000000e0000000)
  object space 152064K, 62% used [0x00000000a0000000,0x00000000a5d82018,0x00000000a9480000)
 Metaspace       used 94157K, capacity 99366K, committed 99584K, reserved 1136640K
  class space    used 12106K, capacity 13043K, committed 13056K, reserved 1048576K
}

Deoptimization events (10 events):
Event: 3369.792 Thread 0x00000000193ea000 Uncommon trap: reason=unstable_if action=reinterpret pc=0x00000000040917f8 method=com.google.common.collect.MapMakerInternalMap$Segment.put(Ljava/lang/Object;ILjava/lang/Object;Z)Ljava/lang/Object; @ 92
Event: 3388.856 Thread 0x0000000024dc3800 Uncommon trap: reason=class_check action=maybe_recompile pc=0x0000000005f0a904 method=com.android.ide.common.symbols.SymbolTable.getSymbolByResourceType(Lcom/android/resources/ResourceType;)Ljava/util/List; @ 17
Event: 3388.857 Thread 0x0000000024dc3800 Uncommon trap: reason=class_check action=maybe_recompile pc=0x0000000005f0a904 method=com.android.ide.common.symbols.SymbolTable.getSymbolByResourceType(Lcom/android/resources/ResourceType;)Ljava/util/List; @ 17
Event: 3388.861 Thread 0x0000000024dc3800 Uncommon trap: reason=class_check action=maybe_recompile pc=0x0000000005f0a904 method=com.android.ide.common.symbols.SymbolTable.getSymbolByResourceType(Lcom/android/resources/ResourceType;)Ljava/util/List; @ 17
Event: 3388.862 Thread 0x0000000024dc3800 Uncommon trap: reason=class_check action=maybe_recompile pc=0x0000000005f0a904 method=com.android.ide.common.symbols.SymbolTable.getSymbolByResourceType(Lcom/android/resources/ResourceType;)Ljava/util/List; @ 17
Event: 3765.012 Thread 0x0000000024dbf000 Uncommon trap: reason=null_check action=make_not_entrant pc=0x0000000006023c40 method=java.io.ObjectStreamClass.getField(Ljava/lang/String;Ljava/lang/Class;)Ljava/io/ObjectStreamField; @ 67
Event: 3766.306 Thread 0x0000000024dc4000 Uncommon trap: reason=array_check action=maybe_recompile pc=0x0000000005fafbd4 method=com.google.common.collect.RegularImmutableMap.fromEntryArray(I[Ljava/util/Map$Entry;)Lcom/google/common/collect/ImmutableMap; @ 157
Event: 3766.306 Thread 0x0000000024dc4000 Uncommon trap: reason=array_check action=maybe_recompile pc=0x0000000005fafbd4 method=com.google.common.collect.RegularImmutableMap.fromEntryArray(I[Ljava/util/Map$Entry;)Lcom/google/common/collect/ImmutableMap; @ 157
Event: 3766.313 Thread 0x0000000024dc4000 Uncommon trap: reason=array_check action=maybe_recompile pc=0x0000000005fafbd4 method=com.google.common.collect.RegularImmutableMap.fromEntryArray(I[Ljava/util/Map$Entry;)Lcom/google/common/collect/ImmutableMap; @ 157
Event: 3766.313 Thread 0x0000000024dc4000 Uncommon trap: reason=array_check action=maybe_recompile pc=0x0000000005fafbd4 method=com.google.common.collect.RegularImmutableMap.fromEntryArray(I[Ljava/util/Map$Entry;)Lcom/google/common/collect/ImmutableMap; @ 157

Classes redefined (0 events):
No events

Internal exceptions (10 events):
Event: 3392.233 Thread 0x0000000024dc4000 Exception <a 'sun/nio/fs/WindowsException'> (0x00000000e7162db8) thrown at [D:\src\AOSP-openjdk-cygwin\jdk8u\hotspot\src\share\vm\prims\jni.cpp, line 710]
Event: 3766.314 Thread 0x0000000024dc4000 Exception <a 'sun/nio/fs/WindowsException'> (0x00000000e84387a0) thrown at [D:\src\AOSP-openjdk-cygwin\jdk8u\hotspot\src\share\vm\prims\jni.cpp, line 710]
Event: 3788.433 Thread 0x00000000193e1800 Exception <a 'sun/nio/fs/WindowsException'> (0x00000000f0004bc8) thrown at [D:\src\AOSP-openjdk-cygwin\jdk8u\hotspot\src\share\vm\prims\jni.cpp, line 710]
Event: 3788.433 Thread 0x00000000193e1800 Exception <a 'sun/nio/fs/WindowsException'> (0x00000000f0005070) thrown at [D:\src\AOSP-openjdk-cygwin\jdk8u\hotspot\src\share\vm\prims\jni.cpp, line 710]
Event: 3788.602 Thread 0x00000000193e1800 Exception <a 'java/lang/OutOfMemoryError'> (0x00000000f0a832d8) thrown at [D:\src\AOSP-openjdk-cygwin\jdk8u\hotspot\src\share\vm\prims\jni.cpp, line 736]
Event: 3788.702 Thread 0x0000000024dc4000 Exception <a 'sun/nio/fs/WindowsException'> (0x00000000f0c9f398) thrown at [D:\src\AOSP-openjdk-cygwin\jdk8u\hotspot\src\share\vm\prims\jni.cpp, line 710]
Event: 3806.430 Thread 0x0000000024dc4000 Exception <a 'sun/nio/fs/WindowsException'> (0x00000000f1a64660) thrown at [D:\src\AOSP-openjdk-cygwin\jdk8u\hotspot\src\share\vm\prims\jni.cpp, line 710]
Event: 3810.602 Thread 0x0000000024dc2800 Exception <a 'java/io/IOException'> (0x00000000f6a50410) thrown at [D:\src\AOSP-openjdk-cygwin\jdk8u\hotspot\src\share\vm\prims\jni.cpp, line 710]
Event: 3810.625 Thread 0x0000000024dc4000 Exception <a 'sun/nio/fs/WindowsException'> (0x00000000f6507d38) thrown at [D:\src\AOSP-openjdk-cygwin\jdk8u\hotspot\src\share\vm\prims\jni.cpp, line 710]
Event: 3825.802 Thread 0x0000000024dc4000 Exception <a 'sun/nio/fs/WindowsException'> (0x00000000f78845d0) thrown at [D:\src\AOSP-openjdk-cygwin\jdk8u\hotspot\src\share\vm\prims\jni.cpp, line 710]

Events (10 events):
Event: 3825.689 Thread 0x0000000015bd7800 flushing nmethod 0x00000000032d1550
Event: 3825.689 Thread 0x0000000015bd7800 flushing nmethod 0x0000000003381490
Event: 3825.691 Thread 0x0000000015bd7800 flushing nmethod 0x000000000356a210
Event: 3825.696 Thread 0x0000000015bd7800 flushing nmethod 0x000000000383e5d0
Event: 3825.702 Thread 0x0000000015bd7800 flushing nmethod 0x0000000003dc1990
Event: 3825.702 Thread 0x0000000015bd7800 flushing nmethod 0x0000000003dc5a10
Event: 3825.782 Thread 0x0000000015bd7800 flushing nmethod 0x000000000415e490
Event: 3825.853 Thread 0x0000000024dc8800 Thread added: 0x0000000024dc8800
Event: 3825.863 Thread 0x0000000024dcc800 Thread added: 0x0000000024dcc800
Event: 3825.948 Thread 0x0000000015bd7800 flushing nmethod 0x0000000005a7bc90


Dynamic libraries:
0x00007ff6ad600000 - 0x00007ff6ad631000 	C:\Program Files\Android\Android Studio\jre\bin\java.exe
0x00007fffc3940000 - 0x00007fffc3aed000 	C:\Windows\SYSTEM32\ntdll.dll
0x00007fffc1360000 - 0x00007fffc149a000 	C:\Windows\system32\KERNEL32.DLL
0x00007fffc1010000 - 0x00007fffc1125000 	C:\Windows\system32\KERNELBASE.dll
0x00007fffc14a0000 - 0x00007fffc1545000 	C:\Windows\system32\ADVAPI32.dll
0x00007fffc3190000 - 0x00007fffc3301000 	C:\Windows\system32\USER32.dll
0x00007fffbd410000 - 0x00007fffbd68a000 	C:\Windows\WinSxS\amd64_microsoft.windows.common-controls_6595b64144ccf1df_6.0.9600.17810_none_6240b9c7ecbd0bda\COMCTL32.dll
0x00007fffc3020000 - 0x00007fffc30c7000 	C:\Windows\system32\msvcrt.dll
0x00007fffc38e0000 - 0x00007fffc3939000 	C:\Windows\SYSTEM32\sechost.dll
0x00007fffc2d90000 - 0x00007fffc2ec6000 	C:\Windows\system32\RPCRT4.dll
0x00007fffc2ed0000 - 0x00007fffc3015000 	C:\Windows\system32\GDI32.dll
0x00007fffc2d50000 - 0x00007fffc2d84000 	C:\Windows\system32\IMM32.DLL
0x00007fffc1550000 - 0x00007fffc1689000 	C:\Windows\system32\MSCTF.dll
0x0000000067910000 - 0x00000000679e2000 	C:\Program Files\Android\Android Studio\jre\jre\bin\msvcr100.dll
0x00000000679f0000 - 0x0000000068236000 	C:\Program Files\Android\Android Studio\jre\jre\bin\server\jvm.dll
0x00007fffb8b80000 - 0x00007fffb8b89000 	C:\Windows\SYSTEM32\WSOCK32.dll
0x00007fffbb960000 - 0x00007fffbb97f000 	C:\Windows\SYSTEM32\WINMM.dll
0x00007fffbb1b0000 - 0x00007fffbb1ba000 	C:\Windows\SYSTEM32\VERSION.dll
0x00007fffc1920000 - 0x00007fffc1927000 	C:\Windows\system32\PSAPI.DLL
0x00007fffc1180000 - 0x00007fffc11da000 	C:\Windows\system32\WS2_32.dll
0x00007fffbb930000 - 0x00007fffbb95a000 	C:\Windows\SYSTEM32\WINMMBASE.dll
0x00007fffc1690000 - 0x00007fffc1699000 	C:\Windows\system32\NSI.dll
0x00007fffc1130000 - 0x00007fffc117a000 	C:\Windows\SYSTEM32\cfgmgr32.dll
0x00007fffbfac0000 - 0x00007fffbfae6000 	C:\Windows\SYSTEM32\DEVOBJ.dll
0x00007fffa0700000 - 0x00007fffa070f000 	C:\Program Files\Android\Android Studio\jre\jre\bin\verify.dll
0x00007fff9f010000 - 0x00007fff9f039000 	C:\Program Files\Android\Android Studio\jre\jre\bin\java.dll
0x00007fff9eff0000 - 0x00007fff9f006000 	C:\Program Files\Android\Android Studio\jre\jre\bin\zip.dll
0x00007fffc1930000 - 0x00007fffc2d47000 	C:\Windows\system32\SHELL32.dll
0x00007fffc1700000 - 0x00007fffc1911000 	C:\Windows\SYSTEM32\combase.dll
0x00007fffc16a0000 - 0x00007fffc16f1000 	C:\Windows\system32\SHLWAPI.dll
0x00007fffbd860000 - 0x00007fffbd8ff000 	C:\Windows\SYSTEM32\SHCORE.dll
0x00007fffc0c60000 - 0x00007fffc0c74000 	C:\Windows\SYSTEM32\profapi.dll
0x00007fff9efd0000 - 0x00007fff9efea000 	C:\Program Files\Android\Android Studio\jre\jre\bin\net.dll
0x00007fffba6d0000 - 0x00007fffba830000 	C:\Windows\SYSTEM32\urlmon.dll
0x00007fffc11e0000 - 0x00007fffc1358000 	C:\Windows\system32\ole32.dll
0x00007fffba400000 - 0x00007fffba6a9000 	C:\Windows\SYSTEM32\iertutil.dll
0x00007fffba1d0000 - 0x00007fffba400000 	C:\Windows\SYSTEM32\WININET.dll
0x00007fffc0280000 - 0x00007fffc029e000 	C:\Windows\SYSTEM32\USERENV.dll
0x00007fffc0520000 - 0x00007fffc0579000 	C:\Windows\system32\mswsock.dll
0x00007fff9efb0000 - 0x00007fff9efc3000 	C:\Program Files\Android\Android Studio\jre\jre\bin\nio.dll
0x00007fffbc0b0000 - 0x00007fffbc0d6000 	C:\Users\Mame Fatou\.gradle\native\30\windows-amd64\native-platform.dll
0x00007fffa0540000 - 0x00007fffa054d000 	C:\Program Files\Android\Android Studio\jre\jre\bin\management.dll
0x00007fffc0580000 - 0x00007fffc059e000 	C:\Windows\SYSTEM32\CRYPTSP.dll
0x00007fffc0170000 - 0x00007fffc01a6000 	C:\Windows\system32\rsaenh.dll
0x00007fffc0800000 - 0x00007fffc0826000 	C:\Windows\SYSTEM32\bcrypt.dll
0x00007fffc0b30000 - 0x00007fffc0b93000 	C:\Windows\system32\bcryptprimitives.dll
0x00007fffc0ba0000 - 0x00007fffc0baa000 	C:\Windows\SYSTEM32\CRYPTBASE.dll
0x00007fffbb0f0000 - 0x00007fffbb119000 	C:\Windows\SYSTEM32\IPHLPAPI.DLL
0x00007fffbb0d0000 - 0x00007fffbb0da000 	C:\Windows\SYSTEM32\WINNSI.DLL
0x00007fffba6b0000 - 0x00007fffba6c4000 	C:\Windows\SYSTEM32\dhcpcsvc6.DLL
0x00007fffbad10000 - 0x00007fffbad29000 	C:\Windows\SYSTEM32\dhcpcsvc.DLL

VM Arguments:
jvm_args: -Xmx1536m -Dfile.encoding=windows-1252 -Duser.country=FR -Duser.language=fr -Duser.variant 
java_command: org.gradle.launcher.daemon.bootstrap.GradleDaemon 5.6.4
java_class_path (initial): C:\Users\Mame Fatou\.gradle\wrapper\dists\gradle-5.6.4-all\ankdp27end7byghfw1q2sw75f\gradle-5.6.4\lib\gradle-launcher-5.6.4.jar
Launcher Type: SUN_STANDARD

Environment Variables:
PATH=C:\Windows\system32;C:\Windows;C:\Windows\System32\Wbem;C:\Windows\System32\WindowsPowerShell\v1.0\;C:\Users\Mame Fatou\AppData\Roaming\Microsoft\Windows\Start Menu\Programs\Python 3.8;C:\Users\Mame Fatou\AppData\Local\Programs\Python\Python38-32\Scripts\;C:\Users\Mame Fatou\AppData\Local\Programs\Python\Python38-32\;C:\Users\Mame Fatou\AppData\Local\GitHubDesktop\bin;C:\Users\Mame Fatou\AppData\Local\Programs\Git\cmd;C:\Users\Mame Fatou\AppData\Local\Programs\Microsoft VS Code\bin
USERNAME=Mame Fatou
OS=Windows_NT
PROCESSOR_IDENTIFIER=Intel64 Family 6 Model 55 Stepping 8, GenuineIntel



---------------  S Y S T E M  ---------------

OS: Windows 8.1 , 64 bit Build 9600 (6.3.9600.17056)

CPU:total 2 (initial active 2) (2 cores per cpu, 1 threads per core) family 6 model 55 stepping 8, cmov, cx8, fxsr, mmx, sse, sse2, sse3, ssse3, sse4.1, sse4.2, popcnt, clmul, erms, 3dnowpref, tsc, tscinvbit

Memory: 4k page, physical 4083568k(528464k free), swap 4607856k(5332k free)

vm_info: OpenJDK 64-Bit Server VM (25.212-b04) for windows-amd64 JRE (1.8.0_212-release-1586-b04), built by "builder" with MS VC++ 10.0 (VS2010)

time: Fri Jun 26 08:41:18 2020
timezone: Paris, Madrid (heure d’été)
elapsed time: 3826 seconds (0d 1h 3m 46s)

