JvmtiExport can_access_local_variables 0
JvmtiExport can_hotswap_or_post_breakpoint 0
JvmtiExport can_post_on_exceptions 0
# 598 ciObject found
ciMethod java/lang/Object <init> ()V 4097 1 3002190 0 -1
ciMethod java/lang/Object getClass ()Ljava/lang/Class; 2049 1 256 0 -1
ciMethod java/lang/String length ()I 3089 1 899615 0 -1
ciMethod java/lang/Class forName (Ljava/lang/String;)Ljava/lang/Class; 113 1 1099 39 -1
ciMethod java/lang/Class isAssignableFrom (Ljava/lang/Class;)Z 2049 1 256 0 -1
ciMethod java/lang/System arraycopy (Ljava/lang/Object;ILjava/lang/Object;II)V 4097 1 512 0 -1
ciMethod java/util/Map get (Ljava/lang/Object;)Ljava/lang/Object; 0 0 1 0 -1
ciMethod java/util/Map put (Ljava/lang/Object;Ljava/lang/Object;)Ljava/lang/Object; 0 0 1 0 -1
ciMethod java/lang/invoke/DirectMethodHandle internalMemberName (Ljava/lang/Object;)Ljava/lang/Object; 2049 1 205333 0 -1
ciMethod java/lang/StringBuilder <init> ()V 953 1 157120 0 -1
ciMethod java/lang/StringBuilder append (Ljava/lang/String;)Ljava/lang/StringBuilder; 2049 1 424946 0 -1
ciMethod java/lang/StringBuilder append (I)Ljava/lang/StringBuilder; 1 1 13385 0 -1
ciMethod java/lang/StringBuilder toString ()Ljava/lang/String; 1049 1 158116 0 -1
ciMethod java/nio/Buffer capacity ()I 1025 1 128 0 -1
ciMethod java/nio/Buffer position ()I 1065 1 133 0 0
ciMethod java/nio/Buffer position (I)Ljava/nio/Buffer; 1601 1 5321 0 128
ciMethod java/nio/Buffer remaining ()I 121 1 410583 0 0
ciMethod java/nio/Buffer nextPutIndex ()I 4209 1 1551 0 0
ciMethod java/nio/Buffer nextPutIndex (I)I 2481 1 6474 0 96
ciMethod java/nio/Buffer checkBounds (III)V 2049 1 152694 0 0
ciMethod java/lang/Integer valueOf (I)Ljava/lang/Integer; 425 1 42483 0 -1
ciMethod java/lang/Integer numberOfLeadingZeros (I)I 217 1 8276 0 -1
ciMethod java/lang/NullPointerException <init> ()V 0 0 1 0 -1
ciMethod java/lang/Iterable forEach (Ljava/util/function/Consumer;)V 2049 1577 2245 0 -1
ciMethod java/util/Collection size ()I 0 0 1 0 -1
ciMethod java/util/Collection isEmpty ()Z 0 0 1 0 -1
ciMethod java/util/Collection iterator ()Ljava/util/Iterator; 0 0 1 0 -1
ciMethod java/util/List iterator ()Ljava/util/Iterator; 0 0 1 0 -1
ciMethod java/util/ArrayList iterator ()Ljava/util/Iterator; 2049 1 7605 0 -1
ciMethod java/util/ArrayList access$000 (Ljava/util/ArrayList;)I 1025 1 128 0 0
ciMethod java/util/Collections$EmptyList size ()I 1025 1 128 0 0
ciMethod java/lang/Math max (II)I 721 1 171718 0 -1
ciMethod java/util/Objects requireNonNull (Ljava/lang/Object;)Ljava/lang/Object; 2049 1 295369 0 64
ciMethod java/util/Iterator hasNext ()Z 0 0 1 0 -1
ciMethod java/util/Iterator next ()Ljava/lang/Object; 0 0 1 0 -1
ciMethod java/nio/ByteBuffer put (B)Ljava/nio/ByteBuffer; 0 0 1 0 -1
ciMethod java/nio/ByteBuffer put ([BII)Ljava/nio/ByteBuffer; 1 1 132 0 -1
ciMethod java/nio/ByteBuffer put ([B)Ljava/nio/ByteBuffer; 1 1 14506 0 0
ciMethod java/nio/ByteBuffer array ()[B 2049 1 24536 0 -1
ciMethod java/nio/ByteBuffer _put (IB)V 0 0 1 0 -1
ciMethod java/nio/ByteBuffer putInt (I)Ljava/nio/ByteBuffer; 0 0 1 0 -1
ciMethod java/nio/HeapByteBuffer ix (I)I 1201 1 390759 0 0
ciMethod java/nio/HeapByteBuffer put (B)Ljava/nio/ByteBuffer; 3820009 1 478526 0 0
ciMethod java/nio/HeapByteBuffer put ([BII)Ljava/nio/ByteBuffer; 2121 1 149017 0 0
ciMethod java/nio/HeapByteBuffer _put (IB)V 2113 1 391820 0 0
ciMethod java/nio/HeapByteBuffer putInt (I)Ljava/nio/ByteBuffer; 1665017 1 215160 0 0
ciMethod java/nio/Bits int3 (I)B 3073 1 7523 0 0
ciMethod java/nio/Bits int2 (I)B 3073 1 7522 0 0
ciMethod java/nio/Bits int1 (I)B 3073 1 7523 0 0
ciMethod java/nio/Bits int0 (I)B 3073 1 7524 0 0
ciMethod java/nio/Bits putIntL (Ljava/nio/ByteBuffer;II)V 2481 1 7521 0 288
ciMethod java/nio/Bits putIntB (Ljava/nio/ByteBuffer;II)V 0 0 1 0 0
ciMethod java/nio/Bits putInt (Ljava/nio/ByteBuffer;IIZ)V 2497 1 7608 0 0
ciMethod java/lang/Enum ordinal ()I 1025 1 128 0 -1
ciMethodData java/lang/Object <init> ()V 2 3009177 orig 264 8 206 139 101 0 0 0 0 128 4 51 21 0 0 0 0 32 1 0 0 0 0 0 0 0 0 0 0 0 0 0 0 0 0 0 0 0 0 0 0 0 0 0 0 0 0 0 0 0 0 0 0 0 0 0 0 0 0 0 0 0 0 0 0 0 0 0 0 0 0 0 0 0 0 0 0 0 0 0 0 77 68 79 32 101 120 116 114 97 32 100 97 116 97 32 108 111 99 107 0 0 0 0 0 0 0 0 0 0 0 0 0 0 0 0 0 0 0 0 0 0 0 0 0 0 0 0 0 0 0 0 0 0 0 0 0 0 0 0 0 0 0 0 0 0 0 0 0 0 0 0 0 0 0 0 0 0 0 0 0 0 0 0 0 0 0 0 0 0 0 0 0 0 0 0 0 0 0 0 0 0 0 0 0 1 0 0 0 0 0 0 0 1 0 0 0 0 0 0 0 1 0 0 0 0 0 0 0 0 0 0 0 0 0 0 0 0 2 0 0 201 68 111 1 1 0 0 0 0 0 0 0 0 0 0 0 2 0 0 0 0 0 3 0 1 0 0 0 0 0 0 0 255 255 255 255 0 0 0 0 0 0 0 0 data 0 oops 0
ciMethod java/lang/IllegalArgumentException <init> (Ljava/lang/String;)V 0 0 7 0 -1
ciMethod sun/security/util/Debug println (Ljava/lang/String;)V 0 0 1 0 -1
ciMethodData java/lang/String length ()I 2 899615 orig 264 8 206 139 101 0 0 0 0 96 60 51 21 0 0 0 0 32 1 0 0 0 0 0 0 0 0 0 0 0 0 0 0 0 0 0 0 0 0 0 0 0 0 0 0 0 0 0 0 0 0 0 0 0 0 0 0 0 0 0 0 0 0 0 0 0 0 0 0 0 0 0 0 0 0 0 0 0 0 0 0 77 68 79 32 101 120 116 114 97 32 100 97 116 97 32 108 111 99 107 0 0 0 0 0 0 0 0 0 0 0 0 0 0 0 0 0 0 0 0 0 0 0 0 0 0 0 0 0 0 0 0 0 0 0 0 0 0 0 0 0 0 0 0 0 0 0 0 0 0 0 0 0 0 0 0 0 0 0 0 0 0 0 0 0 0 0 0 0 0 0 0 0 0 0 0 0 0 0 0 0 0 0 0 0 1 0 0 0 0 0 0 0 0 0 0 0 0 0 0 0 1 0 0 0 0 0 0 0 0 0 0 0 0 0 0 0 130 1 0 0 233 196 109 0 1 0 0 0 0 0 0 0 0 0 0 0 2 0 0 0 0 0 3 0 1 0 0 0 0 0 0 0 255 255 255 255 0 0 0 0 0 0 0 0 data 0 oops 0
ciMethod java/security/Security getSpiClass (Ljava/lang/String;)Ljava/lang/Class; 849 1 101 0 -1
ciMethod java/security/Security getImpl (Ljava/lang/String;Ljava/lang/String;Ljava/lang/String;)[Ljava/lang/Object; 817 1 97 0 -1
ciMethod java/lang/AssertionError <init> ()V 0 0 1 0 -1
ciMethod java/lang/AssertionError <init> (Ljava/lang/String;Ljava/lang/Throwable;)V 0 0 1 0 -1
ciMethod java/util/ArrayList$Itr hasNext ()Z 3113 1 15725 0 96
ciMethod java/util/ArrayList$Itr next ()Ljava/lang/Object; 3073 1 5573 0 224
ciMethod java/util/ArrayList$Itr checkForComodification ()V 3065 1 5636 0 0
ciMethodData java/nio/Buffer position (I)Ljava/nio/Buffer; 2 5321 orig 264 8 206 139 101 0 0 0 0 48 99 60 21 0 0 0 0 152 1 0 0 64 0 0 0 0 0 0 0 0 0 0 0 0 0 0 0 0 0 0 0 0 0 0 0 0 0 0 0 0 0 0 0 0 0 0 0 0 0 0 0 0 0 0 0 0 0 0 0 0 0 0 0 0 0 0 0 0 0 0 0 77 68 79 32 101 120 116 114 97 32 100 97 116 97 32 108 111 99 107 0 0 0 0 0 0 0 0 0 0 0 0 0 0 0 0 0 0 0 0 0 0 0 0 0 0 0 0 0 0 0 0 0 0 0 0 0 0 0 0 0 0 0 0 0 0 0 0 0 0 0 0 0 0 0 0 0 0 0 0 0 0 0 0 0 0 0 0 0 0 0 0 0 0 0 0 0 0 0 0 0 0 0 0 0 27 0 0 0 0 0 0 0 0 0 0 0 0 0 0 0 1 0 0 0 0 0 0 0 1 0 0 0 0 0 0 0 200 0 0 0 9 160 0 0 1 0 0 0 0 0 0 0 0 0 0 0 2 0 0 0 0 0 11 0 2 0 0 0 112 0 0 0 255 255 255 255 7 0 5 0 0 0 0 0 data 14 0x50007 0x0 0x40 0x1401 0x90007 0x1401 0x30 0x0 0x100002 0x0 0x210007 0x1401 0x20 0x0 oops 0
ciMethodData java/nio/HeapByteBuffer put (B)Ljava/nio/ByteBuffer; 2 478526 orig 264 8 206 139 101 0 0 0 0 208 220 71 21 0 0 0 0 176 1 0 0 0 0 0 0 0 0 0 0 0 0 0 0 0 0 0 0 0 0 0 0 0 0 0 0 0 0 0 0 0 0 0 0 0 0 0 0 0 0 0 0 0 0 0 0 0 0 0 0 0 0 0 0 0 0 0 0 0 0 0 0 77 68 79 32 101 120 116 114 97 32 100 97 116 97 32 108 111 99 107 0 0 0 0 0 0 0 0 0 0 0 0 0 0 0 0 0 0 0 0 0 0 0 0 0 0 0 0 0 0 0 0 0 0 0 0 0 0 0 0 0 0 0 0 0 0 0 0 0 0 0 0 0 0 0 0 0 0 0 0 0 0 0 0 0 0 0 0 0 0 0 0 0 0 0 0 0 0 0 0 0 0 0 0 0 0 0 0 0 0 0 0 0 0 0 0 0 0 0 0 0 0 0 0 0 0 0 0 0 0 0 0 0 0 0 0 0 138 0 0 0 9 32 0 0 1 0 0 0 0 0 0 0 0 0 0 0 2 0 0 0 0 0 5 0 2 0 0 0 96 0 0 0 255 255 255 255 5 0 6 0 0 0 0 0 data 12 0x60005 0x7e 0x1827c140 0x383 0x0 0x0 0x90005 0x0 0x1827c140 0x401 0x0 0x0 oops 2